
===========================================================================
report_checks -unconstrained
===========================================================================
======================= Typical Corner ===================================

Startpoint: rst_n (input port clocked by clk)
Endpoint: _46_ (recovery check against rising-edge clock clk)
Path Group: asynchronous
Path Type: max

Fanout     Cap    Slew   Delay    Time   Description
-----------------------------------------------------------------------------
                          0.00    0.00   clock clk (rise edge)
                          0.00    0.00   clock network delay (propagated)
                          4.00    4.00 ^ input external delay
                  0.02    0.01    4.01 ^ rst_n (in)
     1    0.00                           rst_n (net)
                  0.02    0.00    4.01 ^ input9/A (sky130_fd_sc_hd__buf_1)
                  0.07    0.09    4.10 ^ input9/X (sky130_fd_sc_hd__buf_1)
     2    0.00                           net9 (net)
                  0.07    0.00    4.10 ^ fanout17/A (sky130_fd_sc_hd__clkbuf_4)
                  0.12    0.21    4.30 ^ fanout17/X (sky130_fd_sc_hd__clkbuf_4)
    10    0.04                           net17 (net)
                  0.12    0.00    4.30 ^ _46_/RESET_B (sky130_fd_sc_hd__dfrtp_1)
                                  4.30   data arrival time

                         20.00   20.00   clock clk (rise edge)
                          0.00   20.00   clock source latency
                  0.04    0.03   20.03 ^ clk (in)
     1    0.01                           clk (net)
                  0.04    0.00   20.03 ^ clkbuf_0_clk/A (sky130_fd_sc_hd__clkbuf_16)
                  0.04    0.11   20.14 ^ clkbuf_0_clk/X (sky130_fd_sc_hd__clkbuf_16)
     2    0.02                           clknet_0_clk (net)
                  0.04    0.00   20.14 ^ clkbuf_1_0__f_clk/A (sky130_fd_sc_hd__clkbuf_16)
                  0.04    0.11   20.25 ^ clkbuf_1_0__f_clk/X (sky130_fd_sc_hd__clkbuf_16)
     7    0.01                           clknet_1_0__leaf_clk (net)
                  0.04    0.00   20.25 ^ _46_/CLK (sky130_fd_sc_hd__dfrtp_1)
                         -0.25   20.00   clock uncertainty
                          0.00   20.00   clock reconvergence pessimism
                          0.21   20.21   library recovery time
                                 20.21   data required time
-----------------------------------------------------------------------------
                                 20.21   data required time
                                 -4.30   data arrival time
-----------------------------------------------------------------------------
                                 15.91   slack (MET)


Startpoint: _47_ (rising edge-triggered flip-flop clocked by clk)
Endpoint: y_out[1] (output port clocked by clk)
Path Group: clk
Path Type: max

Fanout     Cap    Slew   Delay    Time   Description
-----------------------------------------------------------------------------
                          0.00    0.00   clock clk (rise edge)
                          0.00    0.00   clock source latency
                  0.04    0.03    0.03 ^ clk (in)
     1    0.01                           clk (net)
                  0.04    0.00    0.03 ^ clkbuf_0_clk/A (sky130_fd_sc_hd__clkbuf_16)
                  0.04    0.13    0.16 ^ clkbuf_0_clk/X (sky130_fd_sc_hd__clkbuf_16)
     2    0.02                           clknet_0_clk (net)
                  0.04    0.00    0.16 ^ clkbuf_1_1__f_clk/A (sky130_fd_sc_hd__clkbuf_16)
                  0.04    0.12    0.28 ^ clkbuf_1_1__f_clk/X (sky130_fd_sc_hd__clkbuf_16)
     8    0.01                           clknet_1_1__leaf_clk (net)
                  0.04    0.00    0.28 ^ _47_/CLK (sky130_fd_sc_hd__dfrtp_1)
                  0.04    0.36    0.64 v _47_/Q (sky130_fd_sc_hd__dfrtp_1)
     1    0.00                           net14 (net)
                  0.04    0.00    0.64 v output14/A (sky130_fd_sc_hd__clkbuf_4)
                  0.08    0.19    0.83 v output14/X (sky130_fd_sc_hd__clkbuf_4)
     1    0.03                           y_out[1] (net)
                  0.08    0.00    0.83 v y_out[1] (out)
                                  0.83   data arrival time

                         20.00   20.00   clock clk (rise edge)
                          0.00   20.00   clock network delay (propagated)
                         -0.25   19.75   clock uncertainty
                          0.00   19.75   clock reconvergence pessimism
                         -4.00   15.75   output external delay
                                 15.75   data required time
-----------------------------------------------------------------------------
                                 15.75   data required time
                                 -0.83   data arrival time
-----------------------------------------------------------------------------
                                 14.92   slack (MET)




===========================================================================
report_checks --slack_max -0.01
============================================================================
======================= Typical Corner ===================================

No paths found.


===========================================================================
 report_check_types -max_slew -max_cap -max_fanout -violators
============================================================================
======================= Typical Corner ===================================



===========================================================================
report_parasitic_annotation -report_unannotated
============================================================================
Found 76 unannotated drivers.
 a_in[0]
 a_in[1]
 a_in[2]
 a_in[3]
 b_in[0]
 b_in[1]
 b_in[2]
 b_in[3]
 clk
 rst_n
 sub_in
 _20_/X
 _21_/Y
 _22_/X
 _23_/X
 _24_/Y
 _25_/X
 _26_/X
 _27_/X
 _28_/X
 _29_/X
 _30_/X
 _31_/X
 _32_/Y
 _33_/X
 _34_/Y
 _35_/Y
 _36_/Y
 _37_/Y
 _38_/X
 _39_/X
 _40_/X
 _41_/X
 _42_/Y
 _43_/X
 _44_/Y
 _45_/X
 _46_/Q
 _47_/Q
 _48_/Q
 _49_/Q
 _50_/Q
 _51_/Q
 _52_/Q
 _53_/Q
 _54_/Q
 _55_/Q
 _56_/Q
 _57_/Q
 _58_/Q
 _59_/Q
 _60_/Q
 clkbuf_0_clk/X
 clkbuf_1_0__f_clk/X
 clkbuf_1_1__f_clk/X
 fanout17/X
 fanout18/X
 hold1/X
 hold2/X
 hold3/X
 input1/X
 input10/X
 input2/X
 input3/X
 input4/X
 input5/X
 input6/X
 input7/X
 input8/X
 input9/X
 output11/X
 output12/X
 output13/X
 output14/X
 output15/X
 output16/X
Found 0 partially unannotated drivers.

===========================================================================
max slew violation count 0
max fanout violation count 0
max cap violation count 0
============================================================================

===========================================================================
check_setup -verbose -unconstrained_endpoints -multiple_clock -no_clock -no_input_delay -loops -generated_clocks
===========================================================================
