
===========================================================================
 report_power
============================================================================
======================= Fastest Corner ===================================

Group                  Internal  Switching    Leakage      Total
                          Power      Power      Power      Power (Watts)
----------------------------------------------------------------
Sequential             3.80e-05   1.18e-06   7.10e-08   3.92e-05  40.2%
Combinational          3.57e-05   2.26e-05   7.34e-10   5.84e-05  59.8%
Macro                  0.00e+00   0.00e+00   0.00e+00   0.00e+00   0.0%
Pad                    0.00e+00   0.00e+00   0.00e+00   0.00e+00   0.0%
----------------------------------------------------------------
Total                  7.37e-05   2.38e-05   7.17e-08   9.76e-05 100.0%
                          75.5%      24.4%       0.1%

======================= Slowest Corner ===================================

Group                  Internal  Switching    Leakage      Total
                          Power      Power      Power      Power (Watts)
----------------------------------------------------------------
Sequential             2.53e-05   7.70e-07   2.83e-07   2.63e-05  39.4%
Combinational          2.55e-05   1.48e-05   2.75e-07   4.05e-05  60.6%
Macro                  0.00e+00   0.00e+00   0.00e+00   0.00e+00   0.0%
Pad                    0.00e+00   0.00e+00   0.00e+00   0.00e+00   0.0%
----------------------------------------------------------------
Total                  5.08e-05   1.55e-05   5.58e-07   6.69e-05 100.0%
                          75.9%      23.2%       0.8%

======================= Typical Corner ===================================

Group                  Internal  Switching    Leakage      Total
                          Power      Power      Power      Power (Watts)
----------------------------------------------------------------
Sequential             3.26e-05   9.87e-07   7.10e-08   3.37e-05  40.1%
Combinational          3.14e-05   1.90e-05   4.20e-10   5.04e-05  59.9%
Macro                  0.00e+00   0.00e+00   0.00e+00   0.00e+00   0.0%
Pad                    0.00e+00   0.00e+00   0.00e+00   0.00e+00   0.0%
----------------------------------------------------------------
Total                  6.40e-05   2.00e-05   7.14e-08   8.41e-05 100.0%
                          76.1%      23.8%       0.1%

