
61. Printing statistics.

=== addsub4_top ===

   Number of wires:                 43
   Number of wire bits:             52
   Number of public wires:          23
   Number of public wire bits:      32
   Number of memories:               0
   Number of memory bits:            0
   Number of processes:              0
   Number of cells:                 41
     sky130_fd_sc_hd__a21o_2         4
     sky130_fd_sc_hd__a21oi_2        1
     sky130_fd_sc_hd__and3_2         3
     sky130_fd_sc_hd__dfrtp_2       15
     sky130_fd_sc_hd__inv_2          1
     sky130_fd_sc_hd__mux2_2         1
     sky130_fd_sc_hd__nand2_2        4
     sky130_fd_sc_hd__nor2_2         1
     sky130_fd_sc_hd__o21a_2         2
     sky130_fd_sc_hd__o22a_2         1
     sky130_fd_sc_hd__or2_2          3
     sky130_fd_sc_hd__or2b_2         2
     sky130_fd_sc_hd__xnor2_2        2
     sky130_fd_sc_hd__xor2_2         1

   Chip area for module '\addsub4_top': 619.344000

