
===========================================================================
report_checks -path_delay max (Setup)
============================================================================
======================= Typical Corner ===================================

Startpoint: _46_ (rising edge-triggered flip-flop clocked by clk)
Endpoint: y_out[0] (output port clocked by clk)
Path Group: clk
Path Type: max

Fanout     Cap    Slew   Delay    Time   Description
-----------------------------------------------------------------------------
                          0.00    0.00   clock clk (rise edge)
                          0.00    0.00   clock source latency
                  0.07    0.05    0.05 ^ clk (in)
     1    0.01                           clk (net)
                  0.07    0.00    0.05 ^ clkbuf_0_clk/A (sky130_fd_sc_hd__clkbuf_16)
                  0.04    0.14    0.19 ^ clkbuf_0_clk/X (sky130_fd_sc_hd__clkbuf_16)
     2    0.02                           clknet_0_clk (net)
                  0.04    0.00    0.19 ^ clkbuf_1_0__f_clk/A (sky130_fd_sc_hd__clkbuf_16)
                  0.04    0.13    0.32 ^ clkbuf_1_0__f_clk/X (sky130_fd_sc_hd__clkbuf_16)
     7    0.02                           clknet_1_0__leaf_clk (net)
                  0.04    0.00    0.32 ^ _46_/CLK (sky130_fd_sc_hd__dfrtp_1)
                  0.04    0.37    0.70 v _46_/Q (sky130_fd_sc_hd__dfrtp_1)
     1    0.00                           net13 (net)
                  0.04    0.00    0.70 v output13/A (sky130_fd_sc_hd__clkbuf_4)
                  0.08    0.19    0.89 v output13/X (sky130_fd_sc_hd__clkbuf_4)
     1    0.03                           y_out[0] (net)
                  0.08    0.00    0.89 v y_out[0] (out)
                                  0.89   data arrival time

                         20.00   20.00   clock clk (rise edge)
                          0.00   20.00   clock network delay (propagated)
                         -0.25   19.75   clock uncertainty
                          0.00   19.75   clock reconvergence pessimism
                         -4.00   15.75   output external delay
                                 15.75   data required time
-----------------------------------------------------------------------------
                                 15.75   data required time
                                 -0.89   data arrival time
-----------------------------------------------------------------------------
                                 14.86   slack (MET)


Startpoint: _48_ (rising edge-triggered flip-flop clocked by clk)
Endpoint: y_out[2] (output port clocked by clk)
Path Group: clk
Path Type: max

Fanout     Cap    Slew   Delay    Time   Description
-----------------------------------------------------------------------------
                          0.00    0.00   clock clk (rise edge)
                          0.00    0.00   clock source latency
                  0.07    0.05    0.05 ^ clk (in)
     1    0.01                           clk (net)
                  0.07    0.00    0.05 ^ clkbuf_0_clk/A (sky130_fd_sc_hd__clkbuf_16)
                  0.04    0.14    0.19 ^ clkbuf_0_clk/X (sky130_fd_sc_hd__clkbuf_16)
     2    0.02                           clknet_0_clk (net)
                  0.04    0.00    0.19 ^ clkbuf_1_1__f_clk/A (sky130_fd_sc_hd__clkbuf_16)
                  0.05    0.14    0.32 ^ clkbuf_1_1__f_clk/X (sky130_fd_sc_hd__clkbuf_16)
     8    0.02                           clknet_1_1__leaf_clk (net)
                  0.05    0.00    0.32 ^ _48_/CLK (sky130_fd_sc_hd__dfrtp_1)
                  0.04    0.37    0.69 v _48_/Q (sky130_fd_sc_hd__dfrtp_1)
     1    0.00                           net15 (net)
                  0.04    0.00    0.69 v output15/A (sky130_fd_sc_hd__clkbuf_4)
                  0.08    0.19    0.88 v output15/X (sky130_fd_sc_hd__clkbuf_4)
     1    0.03                           y_out[2] (net)
                  0.08    0.00    0.88 v y_out[2] (out)
                                  0.88   data arrival time

                         20.00   20.00   clock clk (rise edge)
                          0.00   20.00   clock network delay (propagated)
                         -0.25   19.75   clock uncertainty
                          0.00   19.75   clock reconvergence pessimism
                         -4.00   15.75   output external delay
                                 15.75   data required time
-----------------------------------------------------------------------------
                                 15.75   data required time
                                 -0.88   data arrival time
-----------------------------------------------------------------------------
                                 14.87   slack (MET)


Startpoint: _47_ (rising edge-triggered flip-flop clocked by clk)
Endpoint: y_out[1] (output port clocked by clk)
Path Group: clk
Path Type: max

Fanout     Cap    Slew   Delay    Time   Description
-----------------------------------------------------------------------------
                          0.00    0.00   clock clk (rise edge)
                          0.00    0.00   clock source latency
                  0.07    0.05    0.05 ^ clk (in)
     1    0.01                           clk (net)
                  0.07    0.00    0.05 ^ clkbuf_0_clk/A (sky130_fd_sc_hd__clkbuf_16)
                  0.04    0.14    0.19 ^ clkbuf_0_clk/X (sky130_fd_sc_hd__clkbuf_16)
     2    0.02                           clknet_0_clk (net)
                  0.04    0.00    0.19 ^ clkbuf_1_1__f_clk/A (sky130_fd_sc_hd__clkbuf_16)
                  0.05    0.14    0.32 ^ clkbuf_1_1__f_clk/X (sky130_fd_sc_hd__clkbuf_16)
     8    0.02                           clknet_1_1__leaf_clk (net)
                  0.05    0.00    0.32 ^ _47_/CLK (sky130_fd_sc_hd__dfrtp_1)
                  0.04    0.37    0.69 v _47_/Q (sky130_fd_sc_hd__dfrtp_1)
     1    0.00                           net14 (net)
                  0.04    0.00    0.69 v output14/A (sky130_fd_sc_hd__clkbuf_4)
                  0.08    0.19    0.88 v output14/X (sky130_fd_sc_hd__clkbuf_4)
     1    0.03                           y_out[1] (net)
                  0.08    0.00    0.88 v y_out[1] (out)
                                  0.88   data arrival time

                         20.00   20.00   clock clk (rise edge)
                          0.00   20.00   clock network delay (propagated)
                         -0.25   19.75   clock uncertainty
                          0.00   19.75   clock reconvergence pessimism
                         -4.00   15.75   output external delay
                                 15.75   data required time
-----------------------------------------------------------------------------
                                 15.75   data required time
                                 -0.88   data arrival time
-----------------------------------------------------------------------------
                                 14.87   slack (MET)


Startpoint: _49_ (rising edge-triggered flip-flop clocked by clk)
Endpoint: y_out[3] (output port clocked by clk)
Path Group: clk
Path Type: max

Fanout     Cap    Slew   Delay    Time   Description
-----------------------------------------------------------------------------
                          0.00    0.00   clock clk (rise edge)
                          0.00    0.00   clock source latency
                  0.07    0.05    0.05 ^ clk (in)
     1    0.01                           clk (net)
                  0.07    0.00    0.05 ^ clkbuf_0_clk/A (sky130_fd_sc_hd__clkbuf_16)
                  0.04    0.14    0.19 ^ clkbuf_0_clk/X (sky130_fd_sc_hd__clkbuf_16)
     2    0.02                           clknet_0_clk (net)
                  0.04    0.00    0.19 ^ clkbuf_1_0__f_clk/A (sky130_fd_sc_hd__clkbuf_16)
                  0.04    0.13    0.32 ^ clkbuf_1_0__f_clk/X (sky130_fd_sc_hd__clkbuf_16)
     7    0.02                           clknet_1_0__leaf_clk (net)
                  0.04    0.00    0.32 ^ _49_/CLK (sky130_fd_sc_hd__dfrtp_1)
                  0.04    0.37    0.69 v _49_/Q (sky130_fd_sc_hd__dfrtp_1)
     1    0.00                           net16 (net)
                  0.04    0.00    0.69 v output16/A (sky130_fd_sc_hd__clkbuf_4)
                  0.08    0.19    0.88 v output16/X (sky130_fd_sc_hd__clkbuf_4)
     1    0.03                           y_out[3] (net)
                  0.08    0.00    0.88 v y_out[3] (out)
                                  0.88   data arrival time

                         20.00   20.00   clock clk (rise edge)
                          0.00   20.00   clock network delay (propagated)
                         -0.25   19.75   clock uncertainty
                          0.00   19.75   clock reconvergence pessimism
                         -4.00   15.75   output external delay
                                 15.75   data required time
-----------------------------------------------------------------------------
                                 15.75   data required time
                                 -0.88   data arrival time
-----------------------------------------------------------------------------
                                 14.87   slack (MET)


Startpoint: _51_ (rising edge-triggered flip-flop clocked by clk)
Endpoint: ovf_out (output port clocked by clk)
Path Group: clk
Path Type: max

Fanout     Cap    Slew   Delay    Time   Description
-----------------------------------------------------------------------------
                          0.00    0.00   clock clk (rise edge)
                          0.00    0.00   clock source latency
                  0.07    0.05    0.05 ^ clk (in)
     1    0.01                           clk (net)
                  0.07    0.00    0.05 ^ clkbuf_0_clk/A (sky130_fd_sc_hd__clkbuf_16)
                  0.04    0.14    0.19 ^ clkbuf_0_clk/X (sky130_fd_sc_hd__clkbuf_16)
     2    0.02                           clknet_0_clk (net)
                  0.04    0.00    0.19 ^ clkbuf_1_0__f_clk/A (sky130_fd_sc_hd__clkbuf_16)
                  0.04    0.13    0.32 ^ clkbuf_1_0__f_clk/X (sky130_fd_sc_hd__clkbuf_16)
     7    0.02                           clknet_1_0__leaf_clk (net)
                  0.04    0.00    0.32 ^ _51_/CLK (sky130_fd_sc_hd__dfrtp_1)
                  0.04    0.37    0.69 v _51_/Q (sky130_fd_sc_hd__dfrtp_1)
     1    0.00                           net12 (net)
                  0.04    0.00    0.69 v output12/A (sky130_fd_sc_hd__clkbuf_4)
                  0.08    0.19    0.88 v output12/X (sky130_fd_sc_hd__clkbuf_4)
     1    0.03                           ovf_out (net)
                  0.08    0.00    0.88 v ovf_out (out)
                                  0.88   data arrival time

                         20.00   20.00   clock clk (rise edge)
                          0.00   20.00   clock network delay (propagated)
                         -0.25   19.75   clock uncertainty
                          0.00   19.75   clock reconvergence pessimism
                         -4.00   15.75   output external delay
                                 15.75   data required time
-----------------------------------------------------------------------------
                                 15.75   data required time
                                 -0.88   data arrival time
-----------------------------------------------------------------------------
                                 14.87   slack (MET)


Startpoint: _50_ (rising edge-triggered flip-flop clocked by clk)
Endpoint: cout_out (output port clocked by clk)
Path Group: clk
Path Type: max

Fanout     Cap    Slew   Delay    Time   Description
-----------------------------------------------------------------------------
                          0.00    0.00   clock clk (rise edge)
                          0.00    0.00   clock source latency
                  0.07    0.05    0.05 ^ clk (in)
     1    0.01                           clk (net)
                  0.07    0.00    0.05 ^ clkbuf_0_clk/A (sky130_fd_sc_hd__clkbuf_16)
                  0.04    0.14    0.19 ^ clkbuf_0_clk/X (sky130_fd_sc_hd__clkbuf_16)
     2    0.02                           clknet_0_clk (net)
                  0.04    0.00    0.19 ^ clkbuf_1_0__f_clk/A (sky130_fd_sc_hd__clkbuf_16)
                  0.04    0.13    0.32 ^ clkbuf_1_0__f_clk/X (sky130_fd_sc_hd__clkbuf_16)
     7    0.02                           clknet_1_0__leaf_clk (net)
                  0.04    0.00    0.32 ^ _50_/CLK (sky130_fd_sc_hd__dfrtp_1)
                  0.04    0.37    0.69 v _50_/Q (sky130_fd_sc_hd__dfrtp_1)
     1    0.00                           net11 (net)
                  0.04    0.00    0.69 v output11/A (sky130_fd_sc_hd__buf_2)
                  0.09    0.18    0.87 v output11/X (sky130_fd_sc_hd__buf_2)
     1    0.03                           cout_out (net)
                  0.09    0.00    0.87 v cout_out (out)
                                  0.87   data arrival time

                         20.00   20.00   clock clk (rise edge)
                          0.00   20.00   clock network delay (propagated)
                         -0.25   19.75   clock uncertainty
                          0.00   19.75   clock reconvergence pessimism
                         -4.00   15.75   output external delay
                                 15.75   data required time
-----------------------------------------------------------------------------
                                 15.75   data required time
                                 -0.87   data arrival time
-----------------------------------------------------------------------------
                                 14.88   slack (MET)


Startpoint: a_in[1] (input port clocked by clk)
Endpoint: _53_ (rising edge-triggered flip-flop clocked by clk)
Path Group: clk
Path Type: max

Fanout     Cap    Slew   Delay    Time   Description
-----------------------------------------------------------------------------
                          0.00    0.00   clock clk (rise edge)
                          0.00    0.00   clock network delay (propagated)
                          4.00    4.00 v input external delay
                  0.01    0.01    4.01 v a_in[1] (in)
     1    0.00                           a_in[1] (net)
                  0.01    0.00    4.01 v input2/A (sky130_fd_sc_hd__clkbuf_1)
                  0.05    0.10    4.10 v input2/X (sky130_fd_sc_hd__clkbuf_1)
     1    0.01                           net2 (net)
                  0.05    0.00    4.10 v _53_/D (sky130_fd_sc_hd__dfrtp_1)
                                  4.10   data arrival time

                         20.00   20.00   clock clk (rise edge)
                          0.00   20.00   clock source latency
                  0.07    0.04   20.04 ^ clk (in)
     1    0.01                           clk (net)
                  0.07    0.00   20.04 ^ clkbuf_0_clk/A (sky130_fd_sc_hd__clkbuf_16)
                  0.04    0.13   20.17 ^ clkbuf_0_clk/X (sky130_fd_sc_hd__clkbuf_16)
     2    0.02                           clknet_0_clk (net)
                  0.04    0.00   20.17 ^ clkbuf_1_0__f_clk/A (sky130_fd_sc_hd__clkbuf_16)
                  0.04    0.12   20.29 ^ clkbuf_1_0__f_clk/X (sky130_fd_sc_hd__clkbuf_16)
     7    0.02                           clknet_1_0__leaf_clk (net)
                  0.04    0.00   20.29 ^ _53_/CLK (sky130_fd_sc_hd__dfrtp_1)
                         -0.25   20.04   clock uncertainty
                          0.00   20.04   clock reconvergence pessimism
                         -0.12   19.92   library setup time
                                 19.92   data required time
-----------------------------------------------------------------------------
                                 19.92   data required time
                                 -4.10   data arrival time
-----------------------------------------------------------------------------
                                 15.82   slack (MET)


Startpoint: a_in[3] (input port clocked by clk)
Endpoint: _55_ (rising edge-triggered flip-flop clocked by clk)
Path Group: clk
Path Type: max

Fanout     Cap    Slew   Delay    Time   Description
-----------------------------------------------------------------------------
                          0.00    0.00   clock clk (rise edge)
                          0.00    0.00   clock network delay (propagated)
                          4.00    4.00 v input external delay
                  0.01    0.01    4.01 v a_in[3] (in)
     1    0.00                           a_in[3] (net)
                  0.01    0.00    4.01 v input4/A (sky130_fd_sc_hd__clkbuf_1)
                  0.04    0.09    4.09 v input4/X (sky130_fd_sc_hd__clkbuf_1)
     1    0.00                           net4 (net)
                  0.04    0.00    4.09 v _55_/D (sky130_fd_sc_hd__dfrtp_1)
                                  4.09   data arrival time

                         20.00   20.00   clock clk (rise edge)
                          0.00   20.00   clock source latency
                  0.07    0.04   20.04 ^ clk (in)
     1    0.01                           clk (net)
                  0.07    0.00   20.04 ^ clkbuf_0_clk/A (sky130_fd_sc_hd__clkbuf_16)
                  0.04    0.13   20.17 ^ clkbuf_0_clk/X (sky130_fd_sc_hd__clkbuf_16)
     2    0.02                           clknet_0_clk (net)
                  0.04    0.00   20.17 ^ clkbuf_1_1__f_clk/A (sky130_fd_sc_hd__clkbuf_16)
                  0.05    0.12   20.29 ^ clkbuf_1_1__f_clk/X (sky130_fd_sc_hd__clkbuf_16)
     8    0.02                           clknet_1_1__leaf_clk (net)
                  0.05    0.00   20.29 ^ _55_/CLK (sky130_fd_sc_hd__dfrtp_1)
                         -0.25   20.04   clock uncertainty
                          0.00   20.04   clock reconvergence pessimism
                         -0.11   19.93   library setup time
                                 19.93   data required time
-----------------------------------------------------------------------------
                                 19.93   data required time
                                 -4.09   data arrival time
-----------------------------------------------------------------------------
                                 15.84   slack (MET)


Startpoint: b_in[2] (input port clocked by clk)
Endpoint: _58_ (rising edge-triggered flip-flop clocked by clk)
Path Group: clk
Path Type: max

Fanout     Cap    Slew   Delay    Time   Description
-----------------------------------------------------------------------------
                          0.00    0.00   clock clk (rise edge)
                          0.00    0.00   clock network delay (propagated)
                          4.00    4.00 v input external delay
                  0.01    0.01    4.01 v b_in[2] (in)
     1    0.00                           b_in[2] (net)
                  0.01    0.00    4.01 v input7/A (sky130_fd_sc_hd__clkbuf_1)
                  0.04    0.09    4.09 v input7/X (sky130_fd_sc_hd__clkbuf_1)
     1    0.00                           net7 (net)
                  0.04    0.00    4.09 v _58_/D (sky130_fd_sc_hd__dfrtp_1)
                                  4.09   data arrival time

                         20.00   20.00   clock clk (rise edge)
                          0.00   20.00   clock source latency
                  0.07    0.04   20.04 ^ clk (in)
     1    0.01                           clk (net)
                  0.07    0.00   20.04 ^ clkbuf_0_clk/A (sky130_fd_sc_hd__clkbuf_16)
                  0.04    0.13   20.17 ^ clkbuf_0_clk/X (sky130_fd_sc_hd__clkbuf_16)
     2    0.02                           clknet_0_clk (net)
                  0.04    0.00   20.17 ^ clkbuf_1_1__f_clk/A (sky130_fd_sc_hd__clkbuf_16)
                  0.05    0.12   20.29 ^ clkbuf_1_1__f_clk/X (sky130_fd_sc_hd__clkbuf_16)
     8    0.02                           clknet_1_1__leaf_clk (net)
                  0.05    0.00   20.29 ^ _58_/CLK (sky130_fd_sc_hd__dfrtp_1)
                         -0.25   20.04   clock uncertainty
                          0.00   20.04   clock reconvergence pessimism
                         -0.11   19.93   library setup time
                                 19.93   data required time
-----------------------------------------------------------------------------
                                 19.93   data required time
                                 -4.09   data arrival time
-----------------------------------------------------------------------------
                                 15.84   slack (MET)


Startpoint: b_in[1] (input port clocked by clk)
Endpoint: _57_ (rising edge-triggered flip-flop clocked by clk)
Path Group: clk
Path Type: max

Fanout     Cap    Slew   Delay    Time   Description
-----------------------------------------------------------------------------
                          0.00    0.00   clock clk (rise edge)
                          0.00    0.00   clock network delay (propagated)
                          4.00    4.00 v input external delay
                  0.01    0.01    4.01 v b_in[1] (in)
     1    0.01                           b_in[1] (net)
                  0.01    0.00    4.01 v input6/A (sky130_fd_sc_hd__clkbuf_1)
                  0.03    0.08    4.09 v input6/X (sky130_fd_sc_hd__clkbuf_1)
     1    0.00                           net6 (net)
                  0.03    0.00    4.09 v _57_/D (sky130_fd_sc_hd__dfrtp_1)
                                  4.09   data arrival time

                         20.00   20.00   clock clk (rise edge)
                          0.00   20.00   clock source latency
                  0.07    0.04   20.04 ^ clk (in)
     1    0.01                           clk (net)
                  0.07    0.00   20.04 ^ clkbuf_0_clk/A (sky130_fd_sc_hd__clkbuf_16)
                  0.04    0.13   20.17 ^ clkbuf_0_clk/X (sky130_fd_sc_hd__clkbuf_16)
     2    0.02                           clknet_0_clk (net)
                  0.04    0.00   20.17 ^ clkbuf_1_0__f_clk/A (sky130_fd_sc_hd__clkbuf_16)
                  0.04    0.12   20.29 ^ clkbuf_1_0__f_clk/X (sky130_fd_sc_hd__clkbuf_16)
     7    0.02                           clknet_1_0__leaf_clk (net)
                  0.04    0.00   20.29 ^ _57_/CLK (sky130_fd_sc_hd__dfrtp_1)
                         -0.25   20.04   clock uncertainty
                          0.00   20.04   clock reconvergence pessimism
                         -0.11   19.93   library setup time
                                 19.93   data required time
-----------------------------------------------------------------------------
                                 19.93   data required time
                                 -4.09   data arrival time
-----------------------------------------------------------------------------
                                 15.84   slack (MET)


Startpoint: rst_n (input port clocked by clk)
Endpoint: _49_ (recovery check against rising-edge clock clk)
Path Group: asynchronous
Path Type: max

Fanout     Cap    Slew   Delay    Time   Description
-----------------------------------------------------------------------------
                          0.00    0.00   clock clk (rise edge)
                          0.00    0.00   clock network delay (propagated)
                          4.00    4.00 ^ input external delay
                  0.02    0.01    4.01 ^ rst_n (in)
     1    0.00                           rst_n (net)
                  0.02    0.00    4.01 ^ input9/A (sky130_fd_sc_hd__buf_1)
                  0.11    0.12    4.14 ^ input9/X (sky130_fd_sc_hd__buf_1)
     2    0.01                           net9 (net)
                  0.11    0.00    4.14 ^ fanout17/A (sky130_fd_sc_hd__clkbuf_4)
                  0.16    0.26    4.39 ^ fanout17/X (sky130_fd_sc_hd__clkbuf_4)
    10    0.05                           net17 (net)
                  0.16    0.00    4.40 ^ _49_/RESET_B (sky130_fd_sc_hd__dfrtp_1)
                                  4.40   data arrival time

                         20.00   20.00   clock clk (rise edge)
                          0.00   20.00   clock source latency
                  0.07    0.04   20.04 ^ clk (in)
     1    0.01                           clk (net)
                  0.07    0.00   20.04 ^ clkbuf_0_clk/A (sky130_fd_sc_hd__clkbuf_16)
                  0.04    0.13   20.17 ^ clkbuf_0_clk/X (sky130_fd_sc_hd__clkbuf_16)
     2    0.02                           clknet_0_clk (net)
                  0.04    0.00   20.17 ^ clkbuf_1_0__f_clk/A (sky130_fd_sc_hd__clkbuf_16)
                  0.04    0.12   20.29 ^ clkbuf_1_0__f_clk/X (sky130_fd_sc_hd__clkbuf_16)
     7    0.02                           clknet_1_0__leaf_clk (net)
                  0.04    0.00   20.29 ^ _49_/CLK (sky130_fd_sc_hd__dfrtp_1)
                         -0.25   20.04   clock uncertainty
                          0.00   20.04   clock reconvergence pessimism
                          0.20   20.24   library recovery time
                                 20.24   data required time
-----------------------------------------------------------------------------
                                 20.24   data required time
                                 -4.40   data arrival time
-----------------------------------------------------------------------------
                                 15.84   slack (MET)


Startpoint: rst_n (input port clocked by clk)
Endpoint: _50_ (recovery check against rising-edge clock clk)
Path Group: asynchronous
Path Type: max

Fanout     Cap    Slew   Delay    Time   Description
-----------------------------------------------------------------------------
                          0.00    0.00   clock clk (rise edge)
                          0.00    0.00   clock network delay (propagated)
                          4.00    4.00 ^ input external delay
                  0.02    0.01    4.01 ^ rst_n (in)
     1    0.00                           rst_n (net)
                  0.02    0.00    4.01 ^ input9/A (sky130_fd_sc_hd__buf_1)
                  0.11    0.12    4.14 ^ input9/X (sky130_fd_sc_hd__buf_1)
     2    0.01                           net9 (net)
                  0.11    0.00    4.14 ^ fanout17/A (sky130_fd_sc_hd__clkbuf_4)
                  0.16    0.26    4.39 ^ fanout17/X (sky130_fd_sc_hd__clkbuf_4)
    10    0.05                           net17 (net)
                  0.16    0.00    4.40 ^ _50_/RESET_B (sky130_fd_sc_hd__dfrtp_1)
                                  4.40   data arrival time

                         20.00   20.00   clock clk (rise edge)
                          0.00   20.00   clock source latency
                  0.07    0.04   20.04 ^ clk (in)
     1    0.01                           clk (net)
                  0.07    0.00   20.04 ^ clkbuf_0_clk/A (sky130_fd_sc_hd__clkbuf_16)
                  0.04    0.13   20.17 ^ clkbuf_0_clk/X (sky130_fd_sc_hd__clkbuf_16)
     2    0.02                           clknet_0_clk (net)
                  0.04    0.00   20.17 ^ clkbuf_1_0__f_clk/A (sky130_fd_sc_hd__clkbuf_16)
                  0.04    0.12   20.29 ^ clkbuf_1_0__f_clk/X (sky130_fd_sc_hd__clkbuf_16)
     7    0.02                           clknet_1_0__leaf_clk (net)
                  0.04    0.00   20.29 ^ _50_/CLK (sky130_fd_sc_hd__dfrtp_1)
                         -0.25   20.04   clock uncertainty
                          0.00   20.04   clock reconvergence pessimism
                          0.20   20.24   library recovery time
                                 20.24   data required time
-----------------------------------------------------------------------------
                                 20.24   data required time
                                 -4.40   data arrival time
-----------------------------------------------------------------------------
                                 15.84   slack (MET)


Startpoint: rst_n (input port clocked by clk)
Endpoint: _59_ (recovery check against rising-edge clock clk)
Path Group: asynchronous
Path Type: max

Fanout     Cap    Slew   Delay    Time   Description
-----------------------------------------------------------------------------
                          0.00    0.00   clock clk (rise edge)
                          0.00    0.00   clock network delay (propagated)
                          4.00    4.00 ^ input external delay
                  0.02    0.01    4.01 ^ rst_n (in)
     1    0.00                           rst_n (net)
                  0.02    0.00    4.01 ^ input9/A (sky130_fd_sc_hd__buf_1)
                  0.11    0.12    4.14 ^ input9/X (sky130_fd_sc_hd__buf_1)
     2    0.01                           net9 (net)
                  0.11    0.00    4.14 ^ fanout17/A (sky130_fd_sc_hd__clkbuf_4)
                  0.16    0.26    4.39 ^ fanout17/X (sky130_fd_sc_hd__clkbuf_4)
    10    0.05                           net17 (net)
                  0.16    0.00    4.40 ^ _59_/RESET_B (sky130_fd_sc_hd__dfrtp_1)
                                  4.40   data arrival time

                         20.00   20.00   clock clk (rise edge)
                          0.00   20.00   clock source latency
                  0.07    0.04   20.04 ^ clk (in)
     1    0.01                           clk (net)
                  0.07    0.00   20.04 ^ clkbuf_0_clk/A (sky130_fd_sc_hd__clkbuf_16)
                  0.04    0.13   20.17 ^ clkbuf_0_clk/X (sky130_fd_sc_hd__clkbuf_16)
     2    0.02                           clknet_0_clk (net)
                  0.04    0.00   20.17 ^ clkbuf_1_0__f_clk/A (sky130_fd_sc_hd__clkbuf_16)
                  0.04    0.12   20.29 ^ clkbuf_1_0__f_clk/X (sky130_fd_sc_hd__clkbuf_16)
     7    0.02                           clknet_1_0__leaf_clk (net)
                  0.04    0.00   20.29 ^ _59_/CLK (sky130_fd_sc_hd__dfrtp_1)
                         -0.25   20.04   clock uncertainty
                          0.00   20.04   clock reconvergence pessimism
                          0.20   20.24   library recovery time
                                 20.24   data required time
-----------------------------------------------------------------------------
                                 20.24   data required time
                                 -4.40   data arrival time
-----------------------------------------------------------------------------
                                 15.85   slack (MET)


Startpoint: rst_n (input port clocked by clk)
Endpoint: _46_ (recovery check against rising-edge clock clk)
Path Group: asynchronous
Path Type: max

Fanout     Cap    Slew   Delay    Time   Description
-----------------------------------------------------------------------------
                          0.00    0.00   clock clk (rise edge)
                          0.00    0.00   clock network delay (propagated)
                          4.00    4.00 ^ input external delay
                  0.02    0.01    4.01 ^ rst_n (in)
     1    0.00                           rst_n (net)
                  0.02    0.00    4.01 ^ input9/A (sky130_fd_sc_hd__buf_1)
                  0.11    0.12    4.14 ^ input9/X (sky130_fd_sc_hd__buf_1)
     2    0.01                           net9 (net)
                  0.11    0.00    4.14 ^ fanout17/A (sky130_fd_sc_hd__clkbuf_4)
                  0.16    0.26    4.39 ^ fanout17/X (sky130_fd_sc_hd__clkbuf_4)
    10    0.05                           net17 (net)
                  0.16    0.00    4.40 ^ _46_/RESET_B (sky130_fd_sc_hd__dfrtp_1)
                                  4.40   data arrival time

                         20.00   20.00   clock clk (rise edge)
                          0.00   20.00   clock source latency
                  0.07    0.04   20.04 ^ clk (in)
     1    0.01                           clk (net)
                  0.07    0.00   20.04 ^ clkbuf_0_clk/A (sky130_fd_sc_hd__clkbuf_16)
                  0.04    0.13   20.17 ^ clkbuf_0_clk/X (sky130_fd_sc_hd__clkbuf_16)
     2    0.02                           clknet_0_clk (net)
                  0.04    0.00   20.17 ^ clkbuf_1_0__f_clk/A (sky130_fd_sc_hd__clkbuf_16)
                  0.04    0.12   20.29 ^ clkbuf_1_0__f_clk/X (sky130_fd_sc_hd__clkbuf_16)
     7    0.02                           clknet_1_0__leaf_clk (net)
                  0.04    0.00   20.29 ^ _46_/CLK (sky130_fd_sc_hd__dfrtp_1)
                         -0.25   20.04   clock uncertainty
                          0.00   20.04   clock reconvergence pessimism
                          0.20   20.24   library recovery time
                                 20.24   data required time
-----------------------------------------------------------------------------
                                 20.24   data required time
                                 -4.40   data arrival time
-----------------------------------------------------------------------------
                                 15.85   slack (MET)


Startpoint: rst_n (input port clocked by clk)
Endpoint: _51_ (recovery check against rising-edge clock clk)
Path Group: asynchronous
Path Type: max

Fanout     Cap    Slew   Delay    Time   Description
-----------------------------------------------------------------------------
                          0.00    0.00   clock clk (rise edge)
                          0.00    0.00   clock network delay (propagated)
                          4.00    4.00 ^ input external delay
                  0.02    0.01    4.01 ^ rst_n (in)
     1    0.00                           rst_n (net)
                  0.02    0.00    4.01 ^ input9/A (sky130_fd_sc_hd__buf_1)
                  0.11    0.12    4.14 ^ input9/X (sky130_fd_sc_hd__buf_1)
     2    0.01                           net9 (net)
                  0.11    0.00    4.14 ^ fanout17/A (sky130_fd_sc_hd__clkbuf_4)
                  0.16    0.26    4.39 ^ fanout17/X (sky130_fd_sc_hd__clkbuf_4)
    10    0.05                           net17 (net)
                  0.16    0.00    4.40 ^ _51_/RESET_B (sky130_fd_sc_hd__dfrtp_1)
                                  4.40   data arrival time

                         20.00   20.00   clock clk (rise edge)
                          0.00   20.00   clock source latency
                  0.07    0.04   20.04 ^ clk (in)
     1    0.01                           clk (net)
                  0.07    0.00   20.04 ^ clkbuf_0_clk/A (sky130_fd_sc_hd__clkbuf_16)
                  0.04    0.13   20.17 ^ clkbuf_0_clk/X (sky130_fd_sc_hd__clkbuf_16)
     2    0.02                           clknet_0_clk (net)
                  0.04    0.00   20.17 ^ clkbuf_1_0__f_clk/A (sky130_fd_sc_hd__clkbuf_16)
                  0.04    0.12   20.29 ^ clkbuf_1_0__f_clk/X (sky130_fd_sc_hd__clkbuf_16)
     7    0.02                           clknet_1_0__leaf_clk (net)
                  0.04    0.00   20.29 ^ _51_/CLK (sky130_fd_sc_hd__dfrtp_1)
                         -0.25   20.04   clock uncertainty
                          0.00   20.04   clock reconvergence pessimism
                          0.20   20.24   library recovery time
                                 20.24   data required time
-----------------------------------------------------------------------------
                                 20.24   data required time
                                 -4.40   data arrival time
-----------------------------------------------------------------------------
                                 15.85   slack (MET)


Startpoint: rst_n (input port clocked by clk)
Endpoint: _57_ (recovery check against rising-edge clock clk)
Path Group: asynchronous
Path Type: max

Fanout     Cap    Slew   Delay    Time   Description
-----------------------------------------------------------------------------
                          0.00    0.00   clock clk (rise edge)
                          0.00    0.00   clock network delay (propagated)
                          4.00    4.00 ^ input external delay
                  0.02    0.01    4.01 ^ rst_n (in)
     1    0.00                           rst_n (net)
                  0.02    0.00    4.01 ^ input9/A (sky130_fd_sc_hd__buf_1)
                  0.11    0.12    4.14 ^ input9/X (sky130_fd_sc_hd__buf_1)
     2    0.01                           net9 (net)
                  0.11    0.00    4.14 ^ fanout17/A (sky130_fd_sc_hd__clkbuf_4)
                  0.16    0.26    4.39 ^ fanout17/X (sky130_fd_sc_hd__clkbuf_4)
    10    0.05                           net17 (net)
                  0.16    0.00    4.40 ^ _57_/RESET_B (sky130_fd_sc_hd__dfrtp_1)
                                  4.40   data arrival time

                         20.00   20.00   clock clk (rise edge)
                          0.00   20.00   clock source latency
                  0.07    0.04   20.04 ^ clk (in)
     1    0.01                           clk (net)
                  0.07    0.00   20.04 ^ clkbuf_0_clk/A (sky130_fd_sc_hd__clkbuf_16)
                  0.04    0.13   20.17 ^ clkbuf_0_clk/X (sky130_fd_sc_hd__clkbuf_16)
     2    0.02                           clknet_0_clk (net)
                  0.04    0.00   20.17 ^ clkbuf_1_0__f_clk/A (sky130_fd_sc_hd__clkbuf_16)
                  0.04    0.12   20.29 ^ clkbuf_1_0__f_clk/X (sky130_fd_sc_hd__clkbuf_16)
     7    0.02                           clknet_1_0__leaf_clk (net)
                  0.04    0.00   20.29 ^ _57_/CLK (sky130_fd_sc_hd__dfrtp_1)
                         -0.25   20.04   clock uncertainty
                          0.00   20.04   clock reconvergence pessimism
                          0.20   20.24   library recovery time
                                 20.24   data required time
-----------------------------------------------------------------------------
                                 20.24   data required time
                                 -4.40   data arrival time
-----------------------------------------------------------------------------
                                 15.85   slack (MET)


Startpoint: rst_n (input port clocked by clk)
Endpoint: _53_ (recovery check against rising-edge clock clk)
Path Group: asynchronous
Path Type: max

Fanout     Cap    Slew   Delay    Time   Description
-----------------------------------------------------------------------------
                          0.00    0.00   clock clk (rise edge)
                          0.00    0.00   clock network delay (propagated)
                          4.00    4.00 ^ input external delay
                  0.02    0.01    4.01 ^ rst_n (in)
     1    0.00                           rst_n (net)
                  0.02    0.00    4.01 ^ input9/A (sky130_fd_sc_hd__buf_1)
                  0.11    0.12    4.14 ^ input9/X (sky130_fd_sc_hd__buf_1)
     2    0.01                           net9 (net)
                  0.11    0.00    4.14 ^ fanout17/A (sky130_fd_sc_hd__clkbuf_4)
                  0.16    0.26    4.39 ^ fanout17/X (sky130_fd_sc_hd__clkbuf_4)
    10    0.05                           net17 (net)
                  0.16    0.00    4.40 ^ _53_/RESET_B (sky130_fd_sc_hd__dfrtp_1)
                                  4.40   data arrival time

                         20.00   20.00   clock clk (rise edge)
                          0.00   20.00   clock source latency
                  0.07    0.04   20.04 ^ clk (in)
     1    0.01                           clk (net)
                  0.07    0.00   20.04 ^ clkbuf_0_clk/A (sky130_fd_sc_hd__clkbuf_16)
                  0.04    0.13   20.17 ^ clkbuf_0_clk/X (sky130_fd_sc_hd__clkbuf_16)
     2    0.02                           clknet_0_clk (net)
                  0.04    0.00   20.17 ^ clkbuf_1_0__f_clk/A (sky130_fd_sc_hd__clkbuf_16)
                  0.04    0.12   20.29 ^ clkbuf_1_0__f_clk/X (sky130_fd_sc_hd__clkbuf_16)
     7    0.02                           clknet_1_0__leaf_clk (net)
                  0.04    0.00   20.29 ^ _53_/CLK (sky130_fd_sc_hd__dfrtp_1)
                         -0.25   20.04   clock uncertainty
                          0.00   20.04   clock reconvergence pessimism
                          0.20   20.24   library recovery time
                                 20.24   data required time
-----------------------------------------------------------------------------
                                 20.24   data required time
                                 -4.40   data arrival time
-----------------------------------------------------------------------------
                                 15.85   slack (MET)


Startpoint: sub_in (input port clocked by clk)
Endpoint: _60_ (rising edge-triggered flip-flop clocked by clk)
Path Group: clk
Path Type: max

Fanout     Cap    Slew   Delay    Time   Description
-----------------------------------------------------------------------------
                          0.00    0.00   clock clk (rise edge)
                          0.00    0.00   clock network delay (propagated)
                          4.00    4.00 v input external delay
                  0.01    0.01    4.01 v sub_in (in)
     1    0.00                           sub_in (net)
                  0.01    0.00    4.01 v input10/A (sky130_fd_sc_hd__clkbuf_1)
                  0.03    0.08    4.09 v input10/X (sky130_fd_sc_hd__clkbuf_1)
     1    0.00                           net10 (net)
                  0.03    0.00    4.09 v _60_/D (sky130_fd_sc_hd__dfrtp_2)
                                  4.09   data arrival time

                         20.00   20.00   clock clk (rise edge)
                          0.00   20.00   clock source latency
                  0.07    0.04   20.04 ^ clk (in)
     1    0.01                           clk (net)
                  0.07    0.00   20.04 ^ clkbuf_0_clk/A (sky130_fd_sc_hd__clkbuf_16)
                  0.04    0.13   20.17 ^ clkbuf_0_clk/X (sky130_fd_sc_hd__clkbuf_16)
     2    0.02                           clknet_0_clk (net)
                  0.04    0.00   20.17 ^ clkbuf_1_1__f_clk/A (sky130_fd_sc_hd__clkbuf_16)
                  0.05    0.12   20.29 ^ clkbuf_1_1__f_clk/X (sky130_fd_sc_hd__clkbuf_16)
     8    0.02                           clknet_1_1__leaf_clk (net)
                  0.05    0.00   20.29 ^ _60_/CLK (sky130_fd_sc_hd__dfrtp_2)
                         -0.25   20.04   clock uncertainty
                          0.00   20.04   clock reconvergence pessimism
                         -0.11   19.93   library setup time
                                 19.93   data required time
-----------------------------------------------------------------------------
                                 19.93   data required time
                                 -4.09   data arrival time
-----------------------------------------------------------------------------
                                 15.85   slack (MET)


Startpoint: rst_n (input port clocked by clk)
Endpoint: _52_ (recovery check against rising-edge clock clk)
Path Group: asynchronous
Path Type: max

Fanout     Cap    Slew   Delay    Time   Description
-----------------------------------------------------------------------------
                          0.00    0.00   clock clk (rise edge)
                          0.00    0.00   clock network delay (propagated)
                          4.00    4.00 ^ input external delay
                  0.02    0.01    4.01 ^ rst_n (in)
     1    0.00                           rst_n (net)
                  0.02    0.00    4.01 ^ input9/A (sky130_fd_sc_hd__buf_1)
                  0.11    0.12    4.14 ^ input9/X (sky130_fd_sc_hd__buf_1)
     2    0.01                           net9 (net)
                  0.11    0.00    4.14 ^ fanout17/A (sky130_fd_sc_hd__clkbuf_4)
                  0.16    0.26    4.39 ^ fanout17/X (sky130_fd_sc_hd__clkbuf_4)
    10    0.05                           net17 (net)
                  0.16    0.00    4.40 ^ _52_/RESET_B (sky130_fd_sc_hd__dfrtp_1)
                                  4.40   data arrival time

                         20.00   20.00   clock clk (rise edge)
                          0.00   20.00   clock source latency
                  0.07    0.04   20.04 ^ clk (in)
     1    0.01                           clk (net)
                  0.07    0.00   20.04 ^ clkbuf_0_clk/A (sky130_fd_sc_hd__clkbuf_16)
                  0.04    0.13   20.17 ^ clkbuf_0_clk/X (sky130_fd_sc_hd__clkbuf_16)
     2    0.02                           clknet_0_clk (net)
                  0.04    0.00   20.17 ^ clkbuf_1_1__f_clk/A (sky130_fd_sc_hd__clkbuf_16)
                  0.05    0.12   20.29 ^ clkbuf_1_1__f_clk/X (sky130_fd_sc_hd__clkbuf_16)
     8    0.02                           clknet_1_1__leaf_clk (net)
                  0.05    0.00   20.29 ^ _52_/CLK (sky130_fd_sc_hd__dfrtp_1)
                         -0.25   20.04   clock uncertainty
                          0.00   20.04   clock reconvergence pessimism
                          0.20   20.24   library recovery time
                                 20.24   data required time
-----------------------------------------------------------------------------
                                 20.24   data required time
                                 -4.40   data arrival time
-----------------------------------------------------------------------------
                                 15.85   slack (MET)


Startpoint: rst_n (input port clocked by clk)
Endpoint: _48_ (recovery check against rising-edge clock clk)
Path Group: asynchronous
Path Type: max

Fanout     Cap    Slew   Delay    Time   Description
-----------------------------------------------------------------------------
                          0.00    0.00   clock clk (rise edge)
                          0.00    0.00   clock network delay (propagated)
                          4.00    4.00 ^ input external delay
                  0.02    0.01    4.01 ^ rst_n (in)
     1    0.00                           rst_n (net)
                  0.02    0.00    4.01 ^ input9/A (sky130_fd_sc_hd__buf_1)
                  0.11    0.12    4.14 ^ input9/X (sky130_fd_sc_hd__buf_1)
     2    0.01                           net9 (net)
                  0.11    0.00    4.14 ^ fanout17/A (sky130_fd_sc_hd__clkbuf_4)
                  0.16    0.26    4.39 ^ fanout17/X (sky130_fd_sc_hd__clkbuf_4)
    10    0.05                           net17 (net)
                  0.16    0.00    4.40 ^ _48_/RESET_B (sky130_fd_sc_hd__dfrtp_1)
                                  4.40   data arrival time

                         20.00   20.00   clock clk (rise edge)
                          0.00   20.00   clock source latency
                  0.07    0.04   20.04 ^ clk (in)
     1    0.01                           clk (net)
                  0.07    0.00   20.04 ^ clkbuf_0_clk/A (sky130_fd_sc_hd__clkbuf_16)
                  0.04    0.13   20.17 ^ clkbuf_0_clk/X (sky130_fd_sc_hd__clkbuf_16)
     2    0.02                           clknet_0_clk (net)
                  0.04    0.00   20.17 ^ clkbuf_1_1__f_clk/A (sky130_fd_sc_hd__clkbuf_16)
                  0.05    0.12   20.29 ^ clkbuf_1_1__f_clk/X (sky130_fd_sc_hd__clkbuf_16)
     8    0.02                           clknet_1_1__leaf_clk (net)
                  0.05    0.00   20.29 ^ _48_/CLK (sky130_fd_sc_hd__dfrtp_1)
                         -0.25   20.04   clock uncertainty
                          0.00   20.04   clock reconvergence pessimism
                          0.20   20.24   library recovery time
                                 20.24   data required time
-----------------------------------------------------------------------------
                                 20.24   data required time
                                 -4.40   data arrival time
-----------------------------------------------------------------------------
                                 15.85   slack (MET)


Startpoint: rst_n (input port clocked by clk)
Endpoint: _47_ (recovery check against rising-edge clock clk)
Path Group: asynchronous
Path Type: max

Fanout     Cap    Slew   Delay    Time   Description
-----------------------------------------------------------------------------
                          0.00    0.00   clock clk (rise edge)
                          0.00    0.00   clock network delay (propagated)
                          4.00    4.00 ^ input external delay
                  0.02    0.01    4.01 ^ rst_n (in)
     1    0.00                           rst_n (net)
                  0.02    0.00    4.01 ^ input9/A (sky130_fd_sc_hd__buf_1)
                  0.11    0.12    4.14 ^ input9/X (sky130_fd_sc_hd__buf_1)
     2    0.01                           net9 (net)
                  0.11    0.00    4.14 ^ fanout17/A (sky130_fd_sc_hd__clkbuf_4)
                  0.16    0.26    4.39 ^ fanout17/X (sky130_fd_sc_hd__clkbuf_4)
    10    0.05                           net17 (net)
                  0.16    0.00    4.40 ^ _47_/RESET_B (sky130_fd_sc_hd__dfrtp_1)
                                  4.40   data arrival time

                         20.00   20.00   clock clk (rise edge)
                          0.00   20.00   clock source latency
                  0.07    0.04   20.04 ^ clk (in)
     1    0.01                           clk (net)
                  0.07    0.00   20.04 ^ clkbuf_0_clk/A (sky130_fd_sc_hd__clkbuf_16)
                  0.04    0.13   20.17 ^ clkbuf_0_clk/X (sky130_fd_sc_hd__clkbuf_16)
     2    0.02                           clknet_0_clk (net)
                  0.04    0.00   20.17 ^ clkbuf_1_1__f_clk/A (sky130_fd_sc_hd__clkbuf_16)
                  0.05    0.12   20.29 ^ clkbuf_1_1__f_clk/X (sky130_fd_sc_hd__clkbuf_16)
     8    0.02                           clknet_1_1__leaf_clk (net)
                  0.05    0.00   20.29 ^ _47_/CLK (sky130_fd_sc_hd__dfrtp_1)
                         -0.25   20.04   clock uncertainty
                          0.00   20.04   clock reconvergence pessimism
                          0.20   20.24   library recovery time
                                 20.24   data required time
-----------------------------------------------------------------------------
                                 20.24   data required time
                                 -4.40   data arrival time
-----------------------------------------------------------------------------
                                 15.85   slack (MET)


Startpoint: b_in[3] (input port clocked by clk)
Endpoint: _59_ (rising edge-triggered flip-flop clocked by clk)
Path Group: clk
Path Type: max

Fanout     Cap    Slew   Delay    Time   Description
-----------------------------------------------------------------------------
                          0.00    0.00   clock clk (rise edge)
                          0.00    0.00   clock network delay (propagated)
                          4.00    4.00 v input external delay
                  0.01    0.00    4.00 v b_in[3] (in)
     1    0.00                           b_in[3] (net)
                  0.01    0.00    4.00 v input8/A (sky130_fd_sc_hd__clkbuf_1)
                  0.03    0.08    4.08 v input8/X (sky130_fd_sc_hd__clkbuf_1)
     1    0.00                           net8 (net)
                  0.03    0.00    4.08 v _59_/D (sky130_fd_sc_hd__dfrtp_1)
                                  4.08   data arrival time

                         20.00   20.00   clock clk (rise edge)
                          0.00   20.00   clock source latency
                  0.07    0.04   20.04 ^ clk (in)
     1    0.01                           clk (net)
                  0.07    0.00   20.04 ^ clkbuf_0_clk/A (sky130_fd_sc_hd__clkbuf_16)
                  0.04    0.13   20.17 ^ clkbuf_0_clk/X (sky130_fd_sc_hd__clkbuf_16)
     2    0.02                           clknet_0_clk (net)
                  0.04    0.00   20.17 ^ clkbuf_1_0__f_clk/A (sky130_fd_sc_hd__clkbuf_16)
                  0.04    0.12   20.29 ^ clkbuf_1_0__f_clk/X (sky130_fd_sc_hd__clkbuf_16)
     7    0.02                           clknet_1_0__leaf_clk (net)
                  0.04    0.00   20.29 ^ _59_/CLK (sky130_fd_sc_hd__dfrtp_1)
                         -0.25   20.04   clock uncertainty
                          0.00   20.04   clock reconvergence pessimism
                         -0.11   19.93   library setup time
                                 19.93   data required time
-----------------------------------------------------------------------------
                                 19.93   data required time
                                 -4.08   data arrival time
-----------------------------------------------------------------------------
                                 15.85   slack (MET)


Startpoint: b_in[0] (input port clocked by clk)
Endpoint: _56_ (rising edge-triggered flip-flop clocked by clk)
Path Group: clk
Path Type: max

Fanout     Cap    Slew   Delay    Time   Description
-----------------------------------------------------------------------------
                          0.00    0.00   clock clk (rise edge)
                          0.00    0.00   clock network delay (propagated)
                          4.00    4.00 v input external delay
                  0.01    0.01    4.01 v b_in[0] (in)
     1    0.00                           b_in[0] (net)
                  0.01    0.00    4.01 v input5/A (sky130_fd_sc_hd__clkbuf_1)
                  0.03    0.08    4.08 v input5/X (sky130_fd_sc_hd__clkbuf_1)
     1    0.00                           net5 (net)
                  0.03    0.00    4.08 v _56_/D (sky130_fd_sc_hd__dfrtp_1)
                                  4.08   data arrival time

                         20.00   20.00   clock clk (rise edge)
                          0.00   20.00   clock source latency
                  0.07    0.04   20.04 ^ clk (in)
     1    0.01                           clk (net)
                  0.07    0.00   20.04 ^ clkbuf_0_clk/A (sky130_fd_sc_hd__clkbuf_16)
                  0.04    0.13   20.17 ^ clkbuf_0_clk/X (sky130_fd_sc_hd__clkbuf_16)
     2    0.02                           clknet_0_clk (net)
                  0.04    0.00   20.17 ^ clkbuf_1_1__f_clk/A (sky130_fd_sc_hd__clkbuf_16)
                  0.05    0.12   20.29 ^ clkbuf_1_1__f_clk/X (sky130_fd_sc_hd__clkbuf_16)
     8    0.02                           clknet_1_1__leaf_clk (net)
                  0.05    0.00   20.29 ^ _56_/CLK (sky130_fd_sc_hd__dfrtp_1)
                         -0.25   20.04   clock uncertainty
                          0.00   20.04   clock reconvergence pessimism
                         -0.11   19.94   library setup time
                                 19.94   data required time
-----------------------------------------------------------------------------
                                 19.94   data required time
                                 -4.08   data arrival time
-----------------------------------------------------------------------------
                                 15.85   slack (MET)


Startpoint: a_in[0] (input port clocked by clk)
Endpoint: _52_ (rising edge-triggered flip-flop clocked by clk)
Path Group: clk
Path Type: max

Fanout     Cap    Slew   Delay    Time   Description
-----------------------------------------------------------------------------
                          0.00    0.00   clock clk (rise edge)
                          0.00    0.00   clock network delay (propagated)
                          4.00    4.00 v input external delay
                  0.01    0.00    4.00 v a_in[0] (in)
     1    0.00                           a_in[0] (net)
                  0.01    0.00    4.00 v input1/A (sky130_fd_sc_hd__clkbuf_1)
                  0.03    0.08    4.08 v input1/X (sky130_fd_sc_hd__clkbuf_1)
     1    0.00                           net1 (net)
                  0.03    0.00    4.08 v _52_/D (sky130_fd_sc_hd__dfrtp_1)
                                  4.08   data arrival time

                         20.00   20.00   clock clk (rise edge)
                          0.00   20.00   clock source latency
                  0.07    0.04   20.04 ^ clk (in)
     1    0.01                           clk (net)
                  0.07    0.00   20.04 ^ clkbuf_0_clk/A (sky130_fd_sc_hd__clkbuf_16)
                  0.04    0.13   20.17 ^ clkbuf_0_clk/X (sky130_fd_sc_hd__clkbuf_16)
     2    0.02                           clknet_0_clk (net)
                  0.04    0.00   20.17 ^ clkbuf_1_1__f_clk/A (sky130_fd_sc_hd__clkbuf_16)
                  0.05    0.12   20.29 ^ clkbuf_1_1__f_clk/X (sky130_fd_sc_hd__clkbuf_16)
     8    0.02                           clknet_1_1__leaf_clk (net)
                  0.05    0.00   20.29 ^ _52_/CLK (sky130_fd_sc_hd__dfrtp_1)
                         -0.25   20.04   clock uncertainty
                          0.00   20.04   clock reconvergence pessimism
                         -0.11   19.94   library setup time
                                 19.94   data required time
-----------------------------------------------------------------------------
                                 19.94   data required time
                                 -4.08   data arrival time
-----------------------------------------------------------------------------
                                 15.85   slack (MET)


Startpoint: a_in[2] (input port clocked by clk)
Endpoint: _54_ (rising edge-triggered flip-flop clocked by clk)
Path Group: clk
Path Type: max

Fanout     Cap    Slew   Delay    Time   Description
-----------------------------------------------------------------------------
                          0.00    0.00   clock clk (rise edge)
                          0.00    0.00   clock network delay (propagated)
                          4.00    4.00 v input external delay
                  0.01    0.01    4.01 v a_in[2] (in)
     1    0.00                           a_in[2] (net)
                  0.01    0.00    4.01 v input3/A (sky130_fd_sc_hd__clkbuf_1)
                  0.02    0.07    4.08 v input3/X (sky130_fd_sc_hd__clkbuf_1)
     1    0.00                           net3 (net)
                  0.02    0.00    4.08 v _54_/D (sky130_fd_sc_hd__dfrtp_1)
                                  4.08   data arrival time

                         20.00   20.00   clock clk (rise edge)
                          0.00   20.00   clock source latency
                  0.07    0.04   20.04 ^ clk (in)
     1    0.01                           clk (net)
                  0.07    0.00   20.04 ^ clkbuf_0_clk/A (sky130_fd_sc_hd__clkbuf_16)
                  0.04    0.13   20.17 ^ clkbuf_0_clk/X (sky130_fd_sc_hd__clkbuf_16)
     2    0.02                           clknet_0_clk (net)
                  0.04    0.00   20.17 ^ clkbuf_1_1__f_clk/A (sky130_fd_sc_hd__clkbuf_16)
                  0.05    0.12   20.29 ^ clkbuf_1_1__f_clk/X (sky130_fd_sc_hd__clkbuf_16)
     8    0.02                           clknet_1_1__leaf_clk (net)
                  0.05    0.00   20.29 ^ _54_/CLK (sky130_fd_sc_hd__dfrtp_1)
                         -0.25   20.04   clock uncertainty
                          0.00   20.04   clock reconvergence pessimism
                         -0.11   19.94   library setup time
                                 19.94   data required time
-----------------------------------------------------------------------------
                                 19.94   data required time
                                 -4.08   data arrival time
-----------------------------------------------------------------------------
                                 15.86   slack (MET)


Startpoint: rst_n (input port clocked by clk)
Endpoint: _60_ (recovery check against rising-edge clock clk)
Path Group: asynchronous
Path Type: max

Fanout     Cap    Slew   Delay    Time   Description
-----------------------------------------------------------------------------
                          0.00    0.00   clock clk (rise edge)
                          0.00    0.00   clock network delay (propagated)
                          4.00    4.00 ^ input external delay
                  0.02    0.01    4.01 ^ rst_n (in)
     1    0.00                           rst_n (net)
                  0.02    0.00    4.01 ^ input9/A (sky130_fd_sc_hd__buf_1)
                  0.11    0.12    4.14 ^ input9/X (sky130_fd_sc_hd__buf_1)
     2    0.01                           net9 (net)
                  0.11    0.00    4.14 ^ fanout18/A (sky130_fd_sc_hd__clkbuf_2)
                  0.14    0.20    4.34 ^ fanout18/X (sky130_fd_sc_hd__clkbuf_2)
     5    0.02                           net18 (net)
                  0.14    0.00    4.34 ^ _60_/RESET_B (sky130_fd_sc_hd__dfrtp_2)
                                  4.34   data arrival time

                         20.00   20.00   clock clk (rise edge)
                          0.00   20.00   clock source latency
                  0.07    0.04   20.04 ^ clk (in)
     1    0.01                           clk (net)
                  0.07    0.00   20.04 ^ clkbuf_0_clk/A (sky130_fd_sc_hd__clkbuf_16)
                  0.04    0.13   20.17 ^ clkbuf_0_clk/X (sky130_fd_sc_hd__clkbuf_16)
     2    0.02                           clknet_0_clk (net)
                  0.04    0.00   20.17 ^ clkbuf_1_1__f_clk/A (sky130_fd_sc_hd__clkbuf_16)
                  0.05    0.12   20.29 ^ clkbuf_1_1__f_clk/X (sky130_fd_sc_hd__clkbuf_16)
     8    0.02                           clknet_1_1__leaf_clk (net)
                  0.05    0.00   20.29 ^ _60_/CLK (sky130_fd_sc_hd__dfrtp_2)
                         -0.25   20.04   clock uncertainty
                          0.00   20.04   clock reconvergence pessimism
                          0.19   20.24   library recovery time
                                 20.24   data required time
-----------------------------------------------------------------------------
                                 20.24   data required time
                                 -4.34   data arrival time
-----------------------------------------------------------------------------
                                 15.90   slack (MET)


Startpoint: rst_n (input port clocked by clk)
Endpoint: _54_ (recovery check against rising-edge clock clk)
Path Group: asynchronous
Path Type: max

Fanout     Cap    Slew   Delay    Time   Description
-----------------------------------------------------------------------------
                          0.00    0.00   clock clk (rise edge)
                          0.00    0.00   clock network delay (propagated)
                          4.00    4.00 ^ input external delay
                  0.02    0.01    4.01 ^ rst_n (in)
     1    0.00                           rst_n (net)
                  0.02    0.00    4.01 ^ input9/A (sky130_fd_sc_hd__buf_1)
                  0.11    0.12    4.14 ^ input9/X (sky130_fd_sc_hd__buf_1)
     2    0.01                           net9 (net)
                  0.11    0.00    4.14 ^ fanout18/A (sky130_fd_sc_hd__clkbuf_2)
                  0.14    0.20    4.34 ^ fanout18/X (sky130_fd_sc_hd__clkbuf_2)
     5    0.02                           net18 (net)
                  0.14    0.00    4.34 ^ _54_/RESET_B (sky130_fd_sc_hd__dfrtp_1)
                                  4.34   data arrival time

                         20.00   20.00   clock clk (rise edge)
                          0.00   20.00   clock source latency
                  0.07    0.04   20.04 ^ clk (in)
     1    0.01                           clk (net)
                  0.07    0.00   20.04 ^ clkbuf_0_clk/A (sky130_fd_sc_hd__clkbuf_16)
                  0.04    0.13   20.17 ^ clkbuf_0_clk/X (sky130_fd_sc_hd__clkbuf_16)
     2    0.02                           clknet_0_clk (net)
                  0.04    0.00   20.17 ^ clkbuf_1_1__f_clk/A (sky130_fd_sc_hd__clkbuf_16)
                  0.05    0.12   20.29 ^ clkbuf_1_1__f_clk/X (sky130_fd_sc_hd__clkbuf_16)
     8    0.02                           clknet_1_1__leaf_clk (net)
                  0.05    0.00   20.29 ^ _54_/CLK (sky130_fd_sc_hd__dfrtp_1)
                         -0.25   20.04   clock uncertainty
                          0.00   20.04   clock reconvergence pessimism
                          0.21   20.25   library recovery time
                                 20.25   data required time
-----------------------------------------------------------------------------
                                 20.25   data required time
                                 -4.34   data arrival time
-----------------------------------------------------------------------------
                                 15.91   slack (MET)


Startpoint: rst_n (input port clocked by clk)
Endpoint: _56_ (recovery check against rising-edge clock clk)
Path Group: asynchronous
Path Type: max

Fanout     Cap    Slew   Delay    Time   Description
-----------------------------------------------------------------------------
                          0.00    0.00   clock clk (rise edge)
                          0.00    0.00   clock network delay (propagated)
                          4.00    4.00 ^ input external delay
                  0.02    0.01    4.01 ^ rst_n (in)
     1    0.00                           rst_n (net)
                  0.02    0.00    4.01 ^ input9/A (sky130_fd_sc_hd__buf_1)
                  0.11    0.12    4.14 ^ input9/X (sky130_fd_sc_hd__buf_1)
     2    0.01                           net9 (net)
                  0.11    0.00    4.14 ^ fanout18/A (sky130_fd_sc_hd__clkbuf_2)
                  0.14    0.20    4.34 ^ fanout18/X (sky130_fd_sc_hd__clkbuf_2)
     5    0.02                           net18 (net)
                  0.14    0.00    4.34 ^ _56_/RESET_B (sky130_fd_sc_hd__dfrtp_1)
                                  4.34   data arrival time

                         20.00   20.00   clock clk (rise edge)
                          0.00   20.00   clock source latency
                  0.07    0.04   20.04 ^ clk (in)
     1    0.01                           clk (net)
                  0.07    0.00   20.04 ^ clkbuf_0_clk/A (sky130_fd_sc_hd__clkbuf_16)
                  0.04    0.13   20.17 ^ clkbuf_0_clk/X (sky130_fd_sc_hd__clkbuf_16)
     2    0.02                           clknet_0_clk (net)
                  0.04    0.00   20.17 ^ clkbuf_1_1__f_clk/A (sky130_fd_sc_hd__clkbuf_16)
                  0.05    0.12   20.29 ^ clkbuf_1_1__f_clk/X (sky130_fd_sc_hd__clkbuf_16)
     8    0.02                           clknet_1_1__leaf_clk (net)
                  0.05    0.00   20.29 ^ _56_/CLK (sky130_fd_sc_hd__dfrtp_1)
                         -0.25   20.04   clock uncertainty
                          0.00   20.04   clock reconvergence pessimism
                          0.21   20.25   library recovery time
                                 20.25   data required time
-----------------------------------------------------------------------------
                                 20.25   data required time
                                 -4.34   data arrival time
-----------------------------------------------------------------------------
                                 15.91   slack (MET)


Startpoint: rst_n (input port clocked by clk)
Endpoint: _55_ (recovery check against rising-edge clock clk)
Path Group: asynchronous
Path Type: max

Fanout     Cap    Slew   Delay    Time   Description
-----------------------------------------------------------------------------
                          0.00    0.00   clock clk (rise edge)
                          0.00    0.00   clock network delay (propagated)
                          4.00    4.00 ^ input external delay
                  0.02    0.01    4.01 ^ rst_n (in)
     1    0.00                           rst_n (net)
                  0.02    0.00    4.01 ^ input9/A (sky130_fd_sc_hd__buf_1)
                  0.11    0.12    4.14 ^ input9/X (sky130_fd_sc_hd__buf_1)
     2    0.01                           net9 (net)
                  0.11    0.00    4.14 ^ fanout18/A (sky130_fd_sc_hd__clkbuf_2)
                  0.14    0.20    4.34 ^ fanout18/X (sky130_fd_sc_hd__clkbuf_2)
     5    0.02                           net18 (net)
                  0.14    0.00    4.34 ^ _55_/RESET_B (sky130_fd_sc_hd__dfrtp_1)
                                  4.34   data arrival time

                         20.00   20.00   clock clk (rise edge)
                          0.00   20.00   clock source latency
                  0.07    0.04   20.04 ^ clk (in)
     1    0.01                           clk (net)
                  0.07    0.00   20.04 ^ clkbuf_0_clk/A (sky130_fd_sc_hd__clkbuf_16)
                  0.04    0.13   20.17 ^ clkbuf_0_clk/X (sky130_fd_sc_hd__clkbuf_16)
     2    0.02                           clknet_0_clk (net)
                  0.04    0.00   20.17 ^ clkbuf_1_1__f_clk/A (sky130_fd_sc_hd__clkbuf_16)
                  0.05    0.12   20.29 ^ clkbuf_1_1__f_clk/X (sky130_fd_sc_hd__clkbuf_16)
     8    0.02                           clknet_1_1__leaf_clk (net)
                  0.05    0.00   20.29 ^ _55_/CLK (sky130_fd_sc_hd__dfrtp_1)
                         -0.25   20.04   clock uncertainty
                          0.00   20.04   clock reconvergence pessimism
                          0.21   20.25   library recovery time
                                 20.25   data required time
-----------------------------------------------------------------------------
                                 20.25   data required time
                                 -4.34   data arrival time
-----------------------------------------------------------------------------
                                 15.91   slack (MET)


Startpoint: rst_n (input port clocked by clk)
Endpoint: _58_ (recovery check against rising-edge clock clk)
Path Group: asynchronous
Path Type: max

Fanout     Cap    Slew   Delay    Time   Description
-----------------------------------------------------------------------------
                          0.00    0.00   clock clk (rise edge)
                          0.00    0.00   clock network delay (propagated)
                          4.00    4.00 ^ input external delay
                  0.02    0.01    4.01 ^ rst_n (in)
     1    0.00                           rst_n (net)
                  0.02    0.00    4.01 ^ input9/A (sky130_fd_sc_hd__buf_1)
                  0.11    0.12    4.14 ^ input9/X (sky130_fd_sc_hd__buf_1)
     2    0.01                           net9 (net)
                  0.11    0.00    4.14 ^ fanout18/A (sky130_fd_sc_hd__clkbuf_2)
                  0.14    0.20    4.34 ^ fanout18/X (sky130_fd_sc_hd__clkbuf_2)
     5    0.02                           net18 (net)
                  0.14    0.00    4.34 ^ _58_/RESET_B (sky130_fd_sc_hd__dfrtp_1)
                                  4.34   data arrival time

                         20.00   20.00   clock clk (rise edge)
                          0.00   20.00   clock source latency
                  0.07    0.04   20.04 ^ clk (in)
     1    0.01                           clk (net)
                  0.07    0.00   20.04 ^ clkbuf_0_clk/A (sky130_fd_sc_hd__clkbuf_16)
                  0.04    0.13   20.17 ^ clkbuf_0_clk/X (sky130_fd_sc_hd__clkbuf_16)
     2    0.02                           clknet_0_clk (net)
                  0.04    0.00   20.17 ^ clkbuf_1_1__f_clk/A (sky130_fd_sc_hd__clkbuf_16)
                  0.05    0.12   20.29 ^ clkbuf_1_1__f_clk/X (sky130_fd_sc_hd__clkbuf_16)
     8    0.02                           clknet_1_1__leaf_clk (net)
                  0.05    0.00   20.29 ^ _58_/CLK (sky130_fd_sc_hd__dfrtp_1)
                         -0.25   20.04   clock uncertainty
                          0.00   20.04   clock reconvergence pessimism
                          0.21   20.25   library recovery time
                                 20.25   data required time
-----------------------------------------------------------------------------
                                 20.25   data required time
                                 -4.34   data arrival time
-----------------------------------------------------------------------------
                                 15.91   slack (MET)


Startpoint: _52_ (rising edge-triggered flip-flop clocked by clk)
Endpoint: _46_ (rising edge-triggered flip-flop clocked by clk)
Path Group: clk
Path Type: max

Fanout     Cap    Slew   Delay    Time   Description
-----------------------------------------------------------------------------
                          0.00    0.00   clock clk (rise edge)
                          0.00    0.00   clock source latency
                  0.07    0.05    0.05 ^ clk (in)
     1    0.01                           clk (net)
                  0.07    0.00    0.05 ^ clkbuf_0_clk/A (sky130_fd_sc_hd__clkbuf_16)
                  0.04    0.14    0.19 ^ clkbuf_0_clk/X (sky130_fd_sc_hd__clkbuf_16)
     2    0.02                           clknet_0_clk (net)
                  0.04    0.00    0.19 ^ clkbuf_1_1__f_clk/A (sky130_fd_sc_hd__clkbuf_16)
                  0.05    0.14    0.32 ^ clkbuf_1_1__f_clk/X (sky130_fd_sc_hd__clkbuf_16)
     8    0.02                           clknet_1_1__leaf_clk (net)
                  0.05    0.00    0.32 ^ _52_/CLK (sky130_fd_sc_hd__dfrtp_1)
                  0.05    0.39    0.71 v _52_/Q (sky130_fd_sc_hd__dfrtp_1)
     2    0.01                           a_r[0] (net)
                  0.05    0.00    0.71 v hold1/A (sky130_fd_sc_hd__dlygate4sd3_1)
                  0.06    0.60    1.31 v hold1/X (sky130_fd_sc_hd__dlygate4sd3_1)
     1    0.01                           net19 (net)
                  0.06    0.00    1.31 v _40_/A (sky130_fd_sc_hd__xor2_1)
                  0.05    0.17    1.48 v _40_/X (sky130_fd_sc_hd__xor2_1)
     1    0.00                           sum[0] (net)
                  0.05    0.00    1.48 v hold2/A (sky130_fd_sc_hd__dlygate4sd3_1)
                  0.06    0.58    2.06 v hold2/X (sky130_fd_sc_hd__dlygate4sd3_1)
     1    0.00                           net20 (net)
                  0.06    0.00    2.06 v _46_/D (sky130_fd_sc_hd__dfrtp_1)
                                  2.06   data arrival time

                         20.00   20.00   clock clk (rise edge)
                          0.00   20.00   clock source latency
                  0.07    0.04   20.04 ^ clk (in)
     1    0.01                           clk (net)
                  0.07    0.00   20.04 ^ clkbuf_0_clk/A (sky130_fd_sc_hd__clkbuf_16)
                  0.04    0.13   20.17 ^ clkbuf_0_clk/X (sky130_fd_sc_hd__clkbuf_16)
     2    0.02                           clknet_0_clk (net)
                  0.04    0.00   20.17 ^ clkbuf_1_0__f_clk/A (sky130_fd_sc_hd__clkbuf_16)
                  0.04    0.12   20.29 ^ clkbuf_1_0__f_clk/X (sky130_fd_sc_hd__clkbuf_16)
     7    0.02                           clknet_1_0__leaf_clk (net)
                  0.04    0.00   20.29 ^ _46_/CLK (sky130_fd_sc_hd__dfrtp_1)
                         -0.25   20.04   clock uncertainty
                          0.02   20.06   clock reconvergence pessimism
                         -0.12   19.94   library setup time
                                 19.94   data required time
-----------------------------------------------------------------------------
                                 19.94   data required time
                                 -2.06   data arrival time
-----------------------------------------------------------------------------
                                 17.88   slack (MET)


Startpoint: _60_ (rising edge-triggered flip-flop clocked by clk)
Endpoint: _49_ (rising edge-triggered flip-flop clocked by clk)
Path Group: clk
Path Type: max

Fanout     Cap    Slew   Delay    Time   Description
-----------------------------------------------------------------------------
                          0.00    0.00   clock clk (rise edge)
                          0.00    0.00   clock source latency
                  0.07    0.05    0.05 ^ clk (in)
     1    0.01                           clk (net)
                  0.07    0.00    0.05 ^ clkbuf_0_clk/A (sky130_fd_sc_hd__clkbuf_16)
                  0.04    0.14    0.19 ^ clkbuf_0_clk/X (sky130_fd_sc_hd__clkbuf_16)
     2    0.02                           clknet_0_clk (net)
                  0.04    0.00    0.19 ^ clkbuf_1_1__f_clk/A (sky130_fd_sc_hd__clkbuf_16)
                  0.05    0.14    0.32 ^ clkbuf_1_1__f_clk/X (sky130_fd_sc_hd__clkbuf_16)
     8    0.02                           clknet_1_1__leaf_clk (net)
                  0.05    0.00    0.32 ^ _60_/CLK (sky130_fd_sc_hd__dfrtp_2)
                  0.09    0.47    0.79 v _60_/Q (sky130_fd_sc_hd__dfrtp_2)
     7    0.02                           sub_r (net)
                  0.09    0.00    0.79 v _23_/A (sky130_fd_sc_hd__or2_1)
                  0.06    0.26    1.05 v _23_/X (sky130_fd_sc_hd__or2_1)
     2    0.00                           _03_ (net)
                  0.06    0.00    1.05 v _27_/B (sky130_fd_sc_hd__and3_1)
                  0.05    0.19    1.24 v _27_/X (sky130_fd_sc_hd__and3_1)
     2    0.01                           _07_ (net)
                  0.05    0.00    1.24 v _28_/B1 (sky130_fd_sc_hd__a21o_1)
                  0.06    0.19    1.43 v _28_/X (sky130_fd_sc_hd__a21o_1)
     2    0.01                           _08_ (net)
                  0.06    0.00    1.43 v _30_/A2 (sky130_fd_sc_hd__a21o_1)
                  0.08    0.24    1.67 v _30_/X (sky130_fd_sc_hd__a21o_1)
     4    0.02                           _10_ (net)
                  0.08    0.00    1.67 v _38_/A1 (sky130_fd_sc_hd__o22a_1)
                  0.04    0.23    1.90 v _38_/X (sky130_fd_sc_hd__o22a_1)
     1    0.00                           sum[3] (net)
                  0.04    0.00    1.90 v _49_/D (sky130_fd_sc_hd__dfrtp_1)
                                  1.90   data arrival time

                         20.00   20.00   clock clk (rise edge)
                          0.00   20.00   clock source latency
                  0.07    0.04   20.04 ^ clk (in)
     1    0.01                           clk (net)
                  0.07    0.00   20.04 ^ clkbuf_0_clk/A (sky130_fd_sc_hd__clkbuf_16)
                  0.04    0.13   20.17 ^ clkbuf_0_clk/X (sky130_fd_sc_hd__clkbuf_16)
     2    0.02                           clknet_0_clk (net)
                  0.04    0.00   20.17 ^ clkbuf_1_0__f_clk/A (sky130_fd_sc_hd__clkbuf_16)
                  0.04    0.12   20.29 ^ clkbuf_1_0__f_clk/X (sky130_fd_sc_hd__clkbuf_16)
     7    0.02                           clknet_1_0__leaf_clk (net)
                  0.04    0.00   20.29 ^ _49_/CLK (sky130_fd_sc_hd__dfrtp_1)
                         -0.25   20.04   clock uncertainty
                          0.02   20.06   clock reconvergence pessimism
                         -0.11   19.95   library setup time
                                 19.95   data required time
-----------------------------------------------------------------------------
                                 19.95   data required time
                                 -1.90   data arrival time
-----------------------------------------------------------------------------
                                 18.05   slack (MET)


Startpoint: _60_ (rising edge-triggered flip-flop clocked by clk)
Endpoint: _51_ (rising edge-triggered flip-flop clocked by clk)
Path Group: clk
Path Type: max

Fanout     Cap    Slew   Delay    Time   Description
-----------------------------------------------------------------------------
                          0.00    0.00   clock clk (rise edge)
                          0.00    0.00   clock source latency
                  0.07    0.05    0.05 ^ clk (in)
     1    0.01                           clk (net)
                  0.07    0.00    0.05 ^ clkbuf_0_clk/A (sky130_fd_sc_hd__clkbuf_16)
                  0.04    0.14    0.19 ^ clkbuf_0_clk/X (sky130_fd_sc_hd__clkbuf_16)
     2    0.02                           clknet_0_clk (net)
                  0.04    0.00    0.19 ^ clkbuf_1_1__f_clk/A (sky130_fd_sc_hd__clkbuf_16)
                  0.05    0.14    0.32 ^ clkbuf_1_1__f_clk/X (sky130_fd_sc_hd__clkbuf_16)
     8    0.02                           clknet_1_1__leaf_clk (net)
                  0.05    0.00    0.32 ^ _60_/CLK (sky130_fd_sc_hd__dfrtp_2)
                  0.09    0.47    0.79 v _60_/Q (sky130_fd_sc_hd__dfrtp_2)
     7    0.02                           sub_r (net)
                  0.09    0.00    0.79 v _23_/A (sky130_fd_sc_hd__or2_1)
                  0.06    0.26    1.05 v _23_/X (sky130_fd_sc_hd__or2_1)
     2    0.00                           _03_ (net)
                  0.06    0.00    1.05 v _27_/B (sky130_fd_sc_hd__and3_1)
                  0.05    0.19    1.24 v _27_/X (sky130_fd_sc_hd__and3_1)
     2    0.01                           _07_ (net)
                  0.05    0.00    1.24 v _28_/B1 (sky130_fd_sc_hd__a21o_1)
                  0.06    0.19    1.43 v _28_/X (sky130_fd_sc_hd__a21o_1)
     2    0.01                           _08_ (net)
                  0.06    0.00    1.43 v _30_/A2 (sky130_fd_sc_hd__a21o_1)
                  0.08    0.24    1.67 v _30_/X (sky130_fd_sc_hd__a21o_1)
     4    0.02                           _10_ (net)
                  0.08    0.00    1.67 v _39_/A1 (sky130_fd_sc_hd__o21a_1)
                  0.05    0.22    1.89 v _39_/X (sky130_fd_sc_hd__o21a_1)
     1    0.01                           ovf (net)
                  0.05    0.00    1.89 v _51_/D (sky130_fd_sc_hd__dfrtp_1)
                                  1.89   data arrival time

                         20.00   20.00   clock clk (rise edge)
                          0.00   20.00   clock source latency
                  0.07    0.04   20.04 ^ clk (in)
     1    0.01                           clk (net)
                  0.07    0.00   20.04 ^ clkbuf_0_clk/A (sky130_fd_sc_hd__clkbuf_16)
                  0.04    0.13   20.17 ^ clkbuf_0_clk/X (sky130_fd_sc_hd__clkbuf_16)
     2    0.02                           clknet_0_clk (net)
                  0.04    0.00   20.17 ^ clkbuf_1_0__f_clk/A (sky130_fd_sc_hd__clkbuf_16)
                  0.04    0.12   20.29 ^ clkbuf_1_0__f_clk/X (sky130_fd_sc_hd__clkbuf_16)
     7    0.02                           clknet_1_0__leaf_clk (net)
                  0.04    0.00   20.29 ^ _51_/CLK (sky130_fd_sc_hd__dfrtp_1)
                         -0.25   20.04   clock uncertainty
                          0.02   20.06   clock reconvergence pessimism
                         -0.12   19.94   library setup time
                                 19.94   data required time
-----------------------------------------------------------------------------
                                 19.94   data required time
                                 -1.89   data arrival time
-----------------------------------------------------------------------------
                                 18.05   slack (MET)


Startpoint: _60_ (rising edge-triggered flip-flop clocked by clk)
Endpoint: _50_ (rising edge-triggered flip-flop clocked by clk)
Path Group: clk
Path Type: max

Fanout     Cap    Slew   Delay    Time   Description
-----------------------------------------------------------------------------
                          0.00    0.00   clock clk (rise edge)
                          0.00    0.00   clock source latency
                  0.07    0.05    0.05 ^ clk (in)
     1    0.01                           clk (net)
                  0.07    0.00    0.05 ^ clkbuf_0_clk/A (sky130_fd_sc_hd__clkbuf_16)
                  0.04    0.14    0.19 ^ clkbuf_0_clk/X (sky130_fd_sc_hd__clkbuf_16)
     2    0.02                           clknet_0_clk (net)
                  0.04    0.00    0.19 ^ clkbuf_1_1__f_clk/A (sky130_fd_sc_hd__clkbuf_16)
                  0.05    0.14    0.32 ^ clkbuf_1_1__f_clk/X (sky130_fd_sc_hd__clkbuf_16)
     8    0.02                           clknet_1_1__leaf_clk (net)
                  0.05    0.00    0.32 ^ _60_/CLK (sky130_fd_sc_hd__dfrtp_2)
                  0.09    0.47    0.79 v _60_/Q (sky130_fd_sc_hd__dfrtp_2)
     7    0.02                           sub_r (net)
                  0.09    0.00    0.79 v _23_/A (sky130_fd_sc_hd__or2_1)
                  0.06    0.26    1.05 v _23_/X (sky130_fd_sc_hd__or2_1)
     2    0.00                           _03_ (net)
                  0.06    0.00    1.05 v _27_/B (sky130_fd_sc_hd__and3_1)
                  0.05    0.19    1.24 v _27_/X (sky130_fd_sc_hd__and3_1)
     2    0.01                           _07_ (net)
                  0.05    0.00    1.24 v _28_/B1 (sky130_fd_sc_hd__a21o_1)
                  0.06    0.19    1.43 v _28_/X (sky130_fd_sc_hd__a21o_1)
     2    0.01                           _08_ (net)
                  0.06    0.00    1.43 v _30_/A2 (sky130_fd_sc_hd__a21o_1)
                  0.08    0.24    1.67 v _30_/X (sky130_fd_sc_hd__a21o_1)
     4    0.02                           _10_ (net)
                  0.08    0.00    1.67 v _45_/A1 (sky130_fd_sc_hd__o21a_1)
                  0.04    0.20    1.88 v _45_/X (sky130_fd_sc_hd__o21a_1)
     1    0.00                           sum[4] (net)
                  0.04    0.00    1.88 v _50_/D (sky130_fd_sc_hd__dfrtp_1)
                                  1.88   data arrival time

                         20.00   20.00   clock clk (rise edge)
                          0.00   20.00   clock source latency
                  0.07    0.04   20.04 ^ clk (in)
     1    0.01                           clk (net)
                  0.07    0.00   20.04 ^ clkbuf_0_clk/A (sky130_fd_sc_hd__clkbuf_16)
                  0.04    0.13   20.17 ^ clkbuf_0_clk/X (sky130_fd_sc_hd__clkbuf_16)
     2    0.02                           clknet_0_clk (net)
                  0.04    0.00   20.17 ^ clkbuf_1_0__f_clk/A (sky130_fd_sc_hd__clkbuf_16)
                  0.04    0.12   20.29 ^ clkbuf_1_0__f_clk/X (sky130_fd_sc_hd__clkbuf_16)
     7    0.02                           clknet_1_0__leaf_clk (net)
                  0.04    0.00   20.29 ^ _50_/CLK (sky130_fd_sc_hd__dfrtp_1)
                         -0.25   20.04   clock uncertainty
                          0.02   20.06   clock reconvergence pessimism
                         -0.11   19.95   library setup time
                                 19.95   data required time
-----------------------------------------------------------------------------
                                 19.95   data required time
                                 -1.88   data arrival time
-----------------------------------------------------------------------------
                                 18.07   slack (MET)


Startpoint: _60_ (rising edge-triggered flip-flop clocked by clk)
Endpoint: _47_ (rising edge-triggered flip-flop clocked by clk)
Path Group: clk
Path Type: max

Fanout     Cap    Slew   Delay    Time   Description
-----------------------------------------------------------------------------
                          0.00    0.00   clock clk (rise edge)
                          0.00    0.00   clock source latency
                  0.07    0.05    0.05 ^ clk (in)
     1    0.01                           clk (net)
                  0.07    0.00    0.05 ^ clkbuf_0_clk/A (sky130_fd_sc_hd__clkbuf_16)
                  0.04    0.14    0.19 ^ clkbuf_0_clk/X (sky130_fd_sc_hd__clkbuf_16)
     2    0.02                           clknet_0_clk (net)
                  0.04    0.00    0.19 ^ clkbuf_1_1__f_clk/A (sky130_fd_sc_hd__clkbuf_16)
                  0.05    0.14    0.32 ^ clkbuf_1_1__f_clk/X (sky130_fd_sc_hd__clkbuf_16)
     8    0.02                           clknet_1_1__leaf_clk (net)
                  0.05    0.00    0.32 ^ _60_/CLK (sky130_fd_sc_hd__dfrtp_2)
                  0.09    0.47    0.79 v _60_/Q (sky130_fd_sc_hd__dfrtp_2)
     7    0.02                           sub_r (net)
                  0.09    0.00    0.79 v _23_/A (sky130_fd_sc_hd__or2_1)
                  0.06    0.26    1.05 v _23_/X (sky130_fd_sc_hd__or2_1)
     2    0.00                           _03_ (net)
                  0.06    0.00    1.05 v _27_/B (sky130_fd_sc_hd__and3_1)
                  0.05    0.19    1.24 v _27_/X (sky130_fd_sc_hd__and3_1)
     2    0.01                           _07_ (net)
                  0.05    0.00    1.24 v _41_/A (sky130_fd_sc_hd__or2b_1)
                  0.06    0.24    1.48 v _41_/X (sky130_fd_sc_hd__or2b_1)
     1    0.01                           _18_ (net)
                  0.06    0.00    1.48 v _42_/A (sky130_fd_sc_hd__xnor2_1)
                  0.05    0.14    1.62 v _42_/Y (sky130_fd_sc_hd__xnor2_1)
     1    0.00                           sum[1] (net)
                  0.05    0.00    1.62 v _47_/D (sky130_fd_sc_hd__dfrtp_1)
                                  1.62   data arrival time

                         20.00   20.00   clock clk (rise edge)
                          0.00   20.00   clock source latency
                  0.07    0.04   20.04 ^ clk (in)
     1    0.01                           clk (net)
                  0.07    0.00   20.04 ^ clkbuf_0_clk/A (sky130_fd_sc_hd__clkbuf_16)
                  0.04    0.13   20.17 ^ clkbuf_0_clk/X (sky130_fd_sc_hd__clkbuf_16)
     2    0.02                           clknet_0_clk (net)
                  0.04    0.00   20.17 ^ clkbuf_1_1__f_clk/A (sky130_fd_sc_hd__clkbuf_16)
                  0.05    0.12   20.29 ^ clkbuf_1_1__f_clk/X (sky130_fd_sc_hd__clkbuf_16)
     8    0.02                           clknet_1_1__leaf_clk (net)
                  0.05    0.00   20.29 ^ _47_/CLK (sky130_fd_sc_hd__dfrtp_1)
                         -0.25   20.04   clock uncertainty
                          0.03   20.07   clock reconvergence pessimism
                         -0.12   19.96   library setup time
                                 19.96   data required time
-----------------------------------------------------------------------------
                                 19.96   data required time
                                 -1.62   data arrival time
-----------------------------------------------------------------------------
                                 18.34   slack (MET)


Startpoint: _60_ (rising edge-triggered flip-flop clocked by clk)
Endpoint: _48_ (rising edge-triggered flip-flop clocked by clk)
Path Group: clk
Path Type: max

Fanout     Cap    Slew   Delay    Time   Description
-----------------------------------------------------------------------------
                          0.00    0.00   clock clk (rise edge)
                          0.00    0.00   clock source latency
                  0.07    0.05    0.05 ^ clk (in)
     1    0.01                           clk (net)
                  0.07    0.00    0.05 ^ clkbuf_0_clk/A (sky130_fd_sc_hd__clkbuf_16)
                  0.04    0.14    0.19 ^ clkbuf_0_clk/X (sky130_fd_sc_hd__clkbuf_16)
     2    0.02                           clknet_0_clk (net)
                  0.04    0.00    0.19 ^ clkbuf_1_1__f_clk/A (sky130_fd_sc_hd__clkbuf_16)
                  0.05    0.14    0.32 ^ clkbuf_1_1__f_clk/X (sky130_fd_sc_hd__clkbuf_16)
     8    0.02                           clknet_1_1__leaf_clk (net)
                  0.05    0.00    0.32 ^ _60_/CLK (sky130_fd_sc_hd__dfrtp_2)
                  0.09    0.47    0.79 v _60_/Q (sky130_fd_sc_hd__dfrtp_2)
     7    0.02                           sub_r (net)
                  0.09    0.00    0.79 v _20_/B (sky130_fd_sc_hd__or2_1)
                  0.06    0.25    1.04 v _20_/X (sky130_fd_sc_hd__or2_1)
     2    0.01                           _00_ (net)
                  0.06    0.00    1.04 v _29_/B (sky130_fd_sc_hd__and3_1)
                  0.05    0.19    1.23 v _29_/X (sky130_fd_sc_hd__and3_1)
     2    0.00                           _09_ (net)
                  0.05    0.00    1.23 v _43_/A (sky130_fd_sc_hd__or2b_1)
                  0.06    0.24    1.47 v _43_/X (sky130_fd_sc_hd__or2b_1)
     1    0.01                           _19_ (net)
                  0.06    0.00    1.47 v _44_/A (sky130_fd_sc_hd__xnor2_1)
                  0.05    0.13    1.60 v _44_/Y (sky130_fd_sc_hd__xnor2_1)
     1    0.00                           sum[2] (net)
                  0.05    0.00    1.60 v _48_/D (sky130_fd_sc_hd__dfrtp_1)
                                  1.60   data arrival time

                         20.00   20.00   clock clk (rise edge)
                          0.00   20.00   clock source latency
                  0.07    0.04   20.04 ^ clk (in)
     1    0.01                           clk (net)
                  0.07    0.00   20.04 ^ clkbuf_0_clk/A (sky130_fd_sc_hd__clkbuf_16)
                  0.04    0.13   20.17 ^ clkbuf_0_clk/X (sky130_fd_sc_hd__clkbuf_16)
     2    0.02                           clknet_0_clk (net)
                  0.04    0.00   20.17 ^ clkbuf_1_1__f_clk/A (sky130_fd_sc_hd__clkbuf_16)
                  0.05    0.12   20.29 ^ clkbuf_1_1__f_clk/X (sky130_fd_sc_hd__clkbuf_16)
     8    0.02                           clknet_1_1__leaf_clk (net)
                  0.05    0.00   20.29 ^ _48_/CLK (sky130_fd_sc_hd__dfrtp_1)
                         -0.25   20.04   clock uncertainty
                          0.03   20.07   clock reconvergence pessimism
                         -0.11   19.96   library setup time
                                 19.96   data required time
-----------------------------------------------------------------------------
                                 19.96   data required time
                                 -1.60   data arrival time
-----------------------------------------------------------------------------
                                 18.36   slack (MET)



