Instance name,  X location,  Y location,  Voltage 
input7, 44.965, 51.68, 1.79999
FILLER_0_14_85, 44.965, 51.68, 1.79999
FILLER_0_15_81, 44.965, 51.68, 1.79999
FILLER_0_15_85, 44.965, 51.68, 1.79999
FILLER_0_12_78, 44.965, 46.24, 1.79998
FILLER_0_12_85, 44.965, 46.24, 1.79998
FILLER_0_10_79, 44.965, 40.8, 1.79998
FILLER_0_10_85, 44.965, 40.8, 1.79998
hold3, 44.965, 35.36, 1.79999
FILLER_0_8_76, 44.965, 35.36, 1.79999
FILLER_0_8_85, 44.965, 35.36, 1.79999
FILLER_0_9_87, 44.965, 35.36, 1.79999
_32_, 44.965, 29.92, 1.79998
_34_, 44.965, 29.92, 1.79998
_31_, 44.965, 24.48, 1.79998
output16, 44.965, 24.48, 1.79998
FILLER_0_4_85, 44.965, 24.48, 1.79998
FILLER_0_2_85, 44.965, 19.04, 1.79998
input8, 44.965, 13.6, 1.79997
output11, 44.965, 13.6, 1.79997
FILLER_0_0_77, 44.965, 13.6, 1.79997
FILLER_0_0_85, 44.965, 13.6, 1.79997
FILLER_0_1_82, 44.965, 13.6, 1.79997
input4, 33.695, 51.68, 1.79999
FILLER_0_15_57, 33.695, 51.68, 1.79999
_60_, 33.695, 46.24, 1.79998
hold1, 33.695, 46.24, 1.79998
FILLER_0_12_53, 33.695, 46.24, 1.79998
FILLER_0_13_52, 33.695, 46.24, 1.79998
_40_, 33.695, 40.8, 1.79998
_52_, 33.695, 40.8, 1.79998
_55_, 33.695, 40.8, 1.79998
FILLER_0_11_49, 33.695, 40.8, 1.79998
FILLER_0_11_57, 33.695, 40.8, 1.79998
FILLER_0_9_49, 33.695, 35.36, 1.79998
FILLER_0_9_69, 33.695, 35.36, 1.79998
_33_, 33.695, 29.92, 1.79998
_35_, 33.695, 29.92, 1.79998
FILLER_0_7_49, 33.695, 29.92, 1.79998
_38_, 33.695, 24.48, 1.79998
_39_, 33.695, 24.48, 1.79998
_45_, 33.695, 24.48, 1.79998
_49_, 33.695, 24.48, 1.79998
_36_, 33.695, 19.04, 1.79998
_37_, 33.695, 19.04, 1.79998
FILLER_0_2_53, 33.695, 19.04, 1.79998
FILLER_0_2_61, 33.695, 19.04, 1.79998
FILLER_0_3_51, 33.695, 19.04, 1.79998
_50_, 33.695, 13.6, 1.79997
_59_, 33.695, 13.6, 1.79997
FILLER_0_0_49, 33.695, 13.6, 1.79997
FILLER_0_0_69, 33.695, 13.6, 1.79997
FILLER_0_1_49, 33.695, 13.6, 1.79997
FILLER_0_1_57, 33.695, 13.6, 1.79997
_20_, 22.425, 51.68, 1.79998
_22_, 22.425, 51.68, 1.79998
_44_, 22.425, 51.68, 1.79998
input5, 22.425, 51.68, 1.79998
FILLER_0_14_29, 22.425, 51.68, 1.79998
FILLER_0_15_48, 22.425, 51.68, 1.79998
_21_, 22.425, 46.24, 1.79998
_29_, 22.425, 46.24, 1.79998
_30_, 22.425, 46.24, 1.79998
_43_, 22.425, 46.24, 1.79998
_58_, 22.425, 46.24, 1.79998
_56_, 22.425, 40.8, 1.79998
fanout18, 22.425, 40.8, 1.79998
_26_, 22.425, 35.36, 1.79998
_28_, 22.425, 35.36, 1.79998
_42_, 22.425, 35.36, 1.79998
FILLER_0_8_29, 22.425, 35.36, 1.79998
_23_, 22.425, 29.92, 1.79997
_25_, 22.425, 29.92, 1.79997
_27_, 22.425, 29.92, 1.79997
_41_, 22.425, 29.92, 1.79997
fanout17, 22.425, 29.92, 1.79997
clkbuf_0_clk, 22.425, 29.92, 1.79997
FILLER_0_6_35, 22.425, 29.92, 1.79997
FILLER_0_7_27, 22.425, 29.92, 1.79997
_24_, 22.425, 24.48, 1.79997
_53_, 22.425, 24.48, 1.79997
hold2, 22.425, 24.48, 1.79997
FILLER_0_5_48, 22.425, 24.48, 1.79997
_46_, 22.425, 13.6, 1.79996
output13, 22.425, 13.6, 1.79996
_54_, 11.155, 51.68, 1.79998
input3, 11.155, 51.68, 1.79998
FILLER_0_15_24, 11.155, 51.68, 1.79998
FILLER_0_12_21, 11.155, 40.8, 1.79998
clkbuf_1_1__f_clk, 11.155, 35.36, 1.79996
_57_, 11.155, 24.48, 1.79997
FILLER_0_6_18, 11.155, 24.48, 1.79997
input6, 11.155, 13.6, 1.79995
clkbuf_1_0__f_clk, 11.155, 13.6, 1.79995
PHY_28, 5.52, 51.68, 1.79998
PHY_30, 5.52, 51.68, 1.79998
output15, 5.52, 51.68, 1.79998
PHY_29, 50.6, 51.68, 1.79999
PHY_31, 50.6, 51.68, 1.79999
input10, 50.6, 51.68, 1.79999
_48_, 5.52, 46.24, 1.79997
PHY_24, 5.52, 46.24, 1.79997
PHY_26, 5.52, 46.24, 1.79997
FILLER_0_14_3, 5.52, 46.24, 1.79997
PHY_25, 50.6, 46.24, 1.79998
PHY_27, 50.6, 46.24, 1.79998
input1, 50.6, 46.24, 1.79998
_47_, 5.52, 40.8, 1.79997
PHY_20, 5.52, 40.8, 1.79997
PHY_22, 5.52, 40.8, 1.79997
output14, 5.52, 40.8, 1.79997
PHY_21, 50.6, 40.8, 1.79998
PHY_23, 50.6, 40.8, 1.79998
FILLER_0_11_92, 50.6, 40.8, 1.79998
PHY_16, 5.52, 35.36, 1.79996
PHY_18, 5.52, 35.36, 1.79996
PHY_17, 50.6, 35.36, 1.79999
PHY_19, 50.6, 35.36, 1.79999
PHY_12, 5.52, 29.92, 1.79997
PHY_14, 5.52, 29.92, 1.79997
PHY_13, 50.6, 29.92, 1.79998
PHY_15, 50.6, 29.92, 1.79998
PHY_8, 5.52, 24.48, 1.79997
PHY_10, 5.52, 24.48, 1.79997
input9, 5.52, 24.48, 1.79997
FILLER_0_5_3, 5.52, 24.48, 1.79997
PHY_9, 50.6, 24.48, 1.79998
PHY_11, 50.6, 24.48, 1.79998
PHY_4, 5.52, 19.04, 1.79998
PHY_6, 5.52, 19.04, 1.79998
PHY_5, 50.6, 19.04, 1.79998
PHY_7, 50.6, 19.04, 1.79998
_51_, 5.52, 13.6, 1.79994
PHY_0, 5.52, 13.6, 1.79994
PHY_2, 5.52, 13.6, 1.79994
output12, 5.52, 13.6, 1.79994
PHY_1, 50.6, 13.6, 1.79997
PHY_3, 50.6, 13.6, 1.79997
input2, 50.6, 13.6, 1.79997

