Instance name,  X location,  Y location,  Voltage 
input7, 48.265, 54.4, 1.59006e-05
input10, 48.265, 54.4, 1.59006e-05
FILLER_0_15_81, 48.265, 54.4, 1.59006e-05
FILLER_0_15_85, 48.265, 54.4, 1.59006e-05
PHY_29, 48.265, 48.96, 1.79413e-05
PHY_31, 48.265, 48.96, 1.79413e-05
FILLER_0_14_85, 48.265, 48.96, 1.79413e-05
PHY_25, 48.265, 43.52, 1.69912e-05
PHY_27, 48.265, 43.52, 1.69912e-05
input1, 48.265, 43.52, 1.69912e-05
FILLER_0_11_92, 48.265, 43.52, 1.69912e-05
FILLER_0_12_85, 48.265, 43.52, 1.69912e-05
PHY_21, 48.265, 38.08, 1.78547e-05
PHY_23, 48.265, 38.08, 1.78547e-05
FILLER_0_9_87, 48.265, 38.08, 1.78547e-05
FILLER_0_10_85, 48.265, 38.08, 1.78547e-05
PHY_17, 48.265, 32.64, 1.63849e-05
PHY_19, 48.265, 32.64, 1.63849e-05
FILLER_0_8_85, 48.265, 32.64, 1.63849e-05
_32_, 48.265, 27.2, 1.84065e-05
PHY_13, 48.265, 27.2, 1.84065e-05
PHY_15, 48.265, 27.2, 1.84065e-05
output16, 48.265, 27.2, 1.84065e-05
PHY_9, 48.265, 21.76, 1.51985e-05
PHY_11, 48.265, 21.76, 1.51985e-05
FILLER_0_4_85, 48.265, 21.76, 1.51985e-05
PHY_5, 48.265, 16.32, 1.93571e-05
PHY_7, 48.265, 16.32, 1.93571e-05
output11, 48.265, 16.32, 1.93571e-05
FILLER_0_1_82, 48.265, 16.32, 1.93571e-05
FILLER_0_2_85, 48.265, 16.32, 1.93571e-05
PHY_1, 48.265, 10.88, 1.76356e-05
PHY_3, 48.265, 10.88, 1.76356e-05
input2, 48.265, 10.88, 1.76356e-05
FILLER_0_0_85, 48.265, 10.88, 1.76356e-05
input4, 36.995, 54.4, 1.60945e-05
FILLER_0_15_57, 36.995, 54.4, 1.60945e-05
_60_, 36.995, 48.96, 2.10232e-05
_52_, 36.995, 43.52, 1.91929e-05
hold1, 36.995, 43.52, 1.91929e-05
FILLER_0_11_57, 36.995, 43.52, 1.91929e-05
FILLER_0_12_78, 36.995, 43.52, 1.91929e-05
_55_, 36.995, 38.08, 2.1864e-05
FILLER_0_10_79, 36.995, 38.08, 2.1864e-05
hold3, 36.995, 32.64, 1.96776e-05
FILLER_0_8_76, 36.995, 32.64, 1.96776e-05
FILLER_0_9_69, 36.995, 32.64, 1.96776e-05
_33_, 36.995, 27.2, 1.93757e-05
_34_, 36.995, 27.2, 1.93757e-05
_35_, 36.995, 27.2, 1.93757e-05
_38_, 36.995, 27.2, 1.93757e-05
_39_, 36.995, 27.2, 1.93757e-05
_49_, 36.995, 27.2, 1.93757e-05
_31_, 36.995, 21.76, 1.62556e-05
_36_, 36.995, 21.76, 1.62556e-05
_37_, 36.995, 21.76, 1.62556e-05
_45_, 36.995, 21.76, 1.62556e-05
_50_, 36.995, 16.32, 2.16943e-05
_59_, 36.995, 16.32, 2.16943e-05
FILLER_0_1_57, 36.995, 16.32, 2.16943e-05
FILLER_0_2_61, 36.995, 16.32, 2.16943e-05
input8, 36.995, 10.88, 2.03933e-05
FILLER_0_0_69, 36.995, 10.88, 2.03933e-05
FILLER_0_0_77, 36.995, 10.88, 2.03933e-05
_20_, 25.725, 54.4, 1.64777e-05
_22_, 25.725, 54.4, 1.64777e-05
_21_, 25.725, 48.96, 2.33666e-05
_30_, 25.725, 48.96, 2.33666e-05
_43_, 25.725, 48.96, 2.33666e-05
_44_, 25.725, 48.96, 2.33666e-05
_58_, 25.725, 48.96, 2.33666e-05
FILLER_0_15_48, 25.725, 48.96, 2.33666e-05
_29_, 25.725, 43.52, 1.8996e-05
FILLER_0_12_53, 25.725, 43.52, 1.8996e-05
FILLER_0_13_52, 25.725, 43.52, 1.8996e-05
_26_, 25.725, 38.08, 2.78124e-05
_28_, 25.725, 38.08, 2.78124e-05
_40_, 25.725, 38.08, 2.78124e-05
_42_, 25.725, 38.08, 2.78124e-05
fanout18, 25.725, 38.08, 2.78124e-05
FILLER_0_11_49, 25.725, 38.08, 2.78124e-05
_23_, 25.725, 32.64, 2.96274e-05
_25_, 25.725, 32.64, 2.96274e-05
_41_, 25.725, 32.64, 2.96274e-05
clkbuf_0_clk, 25.725, 32.64, 2.96274e-05
FILLER_0_9_49, 25.725, 32.64, 2.96274e-05
_24_, 25.725, 27.2, 1.63832e-05
_27_, 25.725, 27.2, 1.63832e-05
hold2, 25.725, 27.2, 1.63832e-05
FILLER_0_6_35, 25.725, 27.2, 1.63832e-05
FILLER_0_7_49, 25.725, 27.2, 1.63832e-05
FILLER_0_5_48, 25.725, 21.76, 1.76291e-05
FILLER_0_2_53, 25.725, 16.32, 1.82021e-05
FILLER_0_3_51, 25.725, 16.32, 1.82021e-05
output13, 25.725, 10.88, 2.85078e-05
FILLER_0_0_49, 25.725, 10.88, 2.85078e-05
FILLER_0_1_49, 25.725, 10.88, 2.85078e-05
input5, 14.455, 48.96, 2.49858e-05
FILLER_0_14_29, 14.455, 48.96, 2.49858e-05
FILLER_0_15_24, 14.455, 48.96, 2.49858e-05
FILLER_0_12_21, 14.455, 43.52, 2.26776e-05
_56_, 14.455, 38.08, 4.57704e-05
clkbuf_1_1__f_clk, 14.455, 38.08, 4.57704e-05
FILLER_0_8_29, 14.455, 32.64, 2.19524e-05
fanout17, 14.455, 27.2, 1.67004e-05
FILLER_0_6_18, 14.455, 27.2, 1.67004e-05
FILLER_0_7_27, 14.455, 27.2, 1.67004e-05
_53_, 14.455, 21.76, 2.32127e-05
_46_, 14.455, 10.88, 4.92103e-05
input6, 14.455, 10.88, 4.92103e-05
PHY_30, 5.52, 54.4, 1.68372e-05
_54_, 5.52, 48.96, 3.29293e-05
PHY_26, 5.52, 48.96, 3.29293e-05
PHY_28, 5.52, 48.96, 3.29293e-05
input3, 5.52, 48.96, 3.29293e-05
output15, 5.52, 48.96, 3.29293e-05
FILLER_0_14_3, 5.52, 48.96, 3.29293e-05
_48_, 5.52, 43.52, 3.04921e-05
PHY_22, 5.52, 43.52, 3.04921e-05
PHY_24, 5.52, 43.52, 3.04921e-05
output14, 5.52, 43.52, 3.04921e-05
_47_, 5.52, 38.08, 5.11193e-05
PHY_18, 5.52, 38.08, 5.11193e-05
PHY_20, 5.52, 38.08, 5.11193e-05
PHY_14, 5.52, 32.64, 2.19524e-05
PHY_16, 5.52, 32.64, 2.19524e-05
PHY_10, 5.52, 27.2, 1.69628e-05
PHY_12, 5.52, 27.2, 1.69628e-05
input9, 5.52, 27.2, 1.69628e-05
_57_, 5.52, 21.76, 2.82738e-05
PHY_6, 5.52, 21.76, 2.82738e-05
PHY_8, 5.52, 21.76, 2.82738e-05
FILLER_0_5_3, 5.52, 21.76, 2.82738e-05
PHY_2, 5.52, 16.32, 1.83103e-05
PHY_4, 5.52, 16.32, 1.83103e-05
_51_, 5.52, 10.88, 8.62601e-05
PHY_0, 5.52, 10.88, 8.62601e-05
output12, 5.52, 10.88, 8.62601e-05
clkbuf_1_0__f_clk, 5.52, 10.88, 8.62601e-05

