OpenROAD 41a51eaf4ca2171c92ff38afb91eb37bbd3f36da 
This program is licensed under the BSD-3 license. See the LICENSE file for details.
Components of this program may be licensed under more restrictive licenses which must be honored.
[INFO]: Reading ODB at '/openlane/designs/addsub4/runs/run1/results/cts/addsub4_top.odb'…
define_corners Slowest Typical Fastest
read_liberty -corner Slowest /home/abhishek/OpenLane/pdk_new/sky130A/libs.ref/sky130_fd_sc_hd/lib/sky130_fd_sc_hd__ss_100C_1v60.lib
read_liberty -corner Typical /home/abhishek/OpenLane/pdk_new/sky130A/libs.ref/sky130_fd_sc_hd/lib/sky130_fd_sc_hd__tt_025C_1v80.lib
read_liberty -corner Fastest /home/abhishek/OpenLane/pdk_new/sky130A/libs.ref/sky130_fd_sc_hd/lib/sky130_fd_sc_hd__ff_n40C_1v95.lib
Using 1e-12 for capacitance...
Using 1e+03 for resistance...
Using 1e-09 for time...
Using 1e+00 for voltage...
Using 1e-03 for current...
Using 1e-09 for power...
Using 1e-06 for distance...
Reading design constraints file at '/openlane/designs/addsub4/runs/run1/results/cts/addsub4_top.sdc'…
[INFO]: Setting RC values...
[INFO RSZ-0046] Found 2 endpoints with hold violations.
[INFO RSZ-0032] Inserted 3 hold buffers.
Placement Analysis
---------------------------------
total displacement          3.5 u
average displacement        0.0 u
max displacement            2.9 u
original HPWL            1099.8 u
legalized HPWL           1206.6 u
delta HPWL                   10 %

[INFO DPL-0020] Mirrored 30 instances
[INFO DPL-0021] HPWL before            1206.6 u
[INFO DPL-0022] HPWL after             1097.8 u
[INFO DPL-0023] HPWL delta               -9.0 %
Setting global connections for newly added cells…
Writing OpenROAD database to '/openlane/designs/addsub4/runs/run1/tmp/cts/14-addsub4_top.resized.odb'…
Writing netlist to '/openlane/designs/addsub4/runs/run1/tmp/cts/14-addsub4_top.resized.nl.v'…
Writing powered netlist to '/openlane/designs/addsub4/runs/run1/tmp/cts/14-addsub4_top.resized.pnl.v'…
Writing layout to '/openlane/designs/addsub4/runs/run1/tmp/cts/14-addsub4_top.resized.def'…
Writing timing constraints to '/openlane/designs/addsub4/runs/run1/tmp/cts/14-addsub4_top.resized.sdc'…
area_report

===========================================================================
report_design_area
============================================================================
Design area 769 u^2 39% utilization.
area_report_end
