
===========================================================================
 report_power
============================================================================
======================= Fastest Corner ===================================

Group                  Internal  Switching    Leakage      Total
                          Power      Power      Power      Power (Watts)
----------------------------------------------------------------
Sequential             3.80e-05   1.15e-06   7.10e-08   3.92e-05  40.4%
Combinational          3.57e-05   2.21e-05   7.34e-10   5.78e-05  59.6%
Macro                  0.00e+00   0.00e+00   0.00e+00   0.00e+00   0.0%
Pad                    0.00e+00   0.00e+00   0.00e+00   0.00e+00   0.0%
----------------------------------------------------------------
Total                  7.37e-05   2.32e-05   7.17e-08   9.69e-05 100.0%
                          76.0%      23.9%       0.1%

======================= Slowest Corner ===================================

Group                  Internal  Switching    Leakage      Total
                          Power      Power      Power      Power (Watts)
----------------------------------------------------------------
Sequential             2.53e-05   7.47e-07   2.83e-07   2.63e-05  39.6%
Combinational          2.55e-05   1.44e-05   2.75e-07   4.01e-05  60.4%
Macro                  0.00e+00   0.00e+00   0.00e+00   0.00e+00   0.0%
Pad                    0.00e+00   0.00e+00   0.00e+00   0.00e+00   0.0%
----------------------------------------------------------------
Total                  5.08e-05   1.51e-05   5.58e-07   6.64e-05 100.0%
                          76.4%      22.8%       0.8%

======================= Typical Corner ===================================

Group                  Internal  Switching    Leakage      Total
                          Power      Power      Power      Power (Watts)
----------------------------------------------------------------
Sequential             3.27e-05   9.59e-07   7.10e-08   3.37e-05  40.3%
Combinational          3.13e-05   1.85e-05   4.20e-10   4.99e-05  59.7%
Macro                  0.00e+00   0.00e+00   0.00e+00   0.00e+00   0.0%
Pad                    0.00e+00   0.00e+00   0.00e+00   0.00e+00   0.0%
----------------------------------------------------------------
Total                  6.40e-05   1.95e-05   7.14e-08   8.36e-05 100.0%
                          76.6%      23.3%       0.1%

