
===========================================================================
report_checks -path_delay max (Setup)
============================================================================
======================= Typical Corner ===================================

Startpoint: _48_ (rising edge-triggered flip-flop clocked by clk)
Endpoint: y_out[2] (output port clocked by clk)
Path Group: clk
Path Type: max

Fanout     Cap    Slew   Delay    Time   Description
-----------------------------------------------------------------------------
                  0.15    0.00    0.00   clock clk (rise edge)
                          0.00    0.00   clock network delay (ideal)
                  0.15    0.00    0.00 ^ _48_/CLK (sky130_fd_sc_hd__dfrtp_1)
                  0.04    0.41    0.41 v _48_/Q (sky130_fd_sc_hd__dfrtp_1)
     1    0.00                           net15 (net)
                  0.04    0.00    0.41 v output15/A (sky130_fd_sc_hd__clkbuf_4)
                  0.08    0.19    0.59 v output15/X (sky130_fd_sc_hd__clkbuf_4)
     1    0.03                           y_out[2] (net)
                  0.08    0.00    0.60 v y_out[2] (out)
                                  0.60   data arrival time

                  0.15   20.00   20.00   clock clk (rise edge)
                          0.00   20.00   clock network delay (ideal)
                         -0.25   19.75   clock uncertainty
                          0.00   19.75   clock reconvergence pessimism
                         -4.00   15.75   output external delay
                                 15.75   data required time
-----------------------------------------------------------------------------
                                 15.75   data required time
                                 -0.60   data arrival time
-----------------------------------------------------------------------------
                                 15.15   slack (MET)


Startpoint: _50_ (rising edge-triggered flip-flop clocked by clk)
Endpoint: cout_out (output port clocked by clk)
Path Group: clk
Path Type: max

Fanout     Cap    Slew   Delay    Time   Description
-----------------------------------------------------------------------------
                  0.15    0.00    0.00   clock clk (rise edge)
                          0.00    0.00   clock network delay (ideal)
                  0.15    0.00    0.00 ^ _50_/CLK (sky130_fd_sc_hd__dfrtp_1)
                  0.04    0.40    0.40 v _50_/Q (sky130_fd_sc_hd__dfrtp_1)
     1    0.00                           net11 (net)
                  0.04    0.00    0.40 v output11/A (sky130_fd_sc_hd__buf_2)
                  0.09    0.18    0.59 v output11/X (sky130_fd_sc_hd__buf_2)
     1    0.03                           cout_out (net)
                  0.09    0.00    0.59 v cout_out (out)
                                  0.59   data arrival time

                  0.15   20.00   20.00   clock clk (rise edge)
                          0.00   20.00   clock network delay (ideal)
                         -0.25   19.75   clock uncertainty
                          0.00   19.75   clock reconvergence pessimism
                         -4.00   15.75   output external delay
                                 15.75   data required time
-----------------------------------------------------------------------------
                                 15.75   data required time
                                 -0.59   data arrival time
-----------------------------------------------------------------------------
                                 15.16   slack (MET)


Startpoint: _46_ (rising edge-triggered flip-flop clocked by clk)
Endpoint: y_out[0] (output port clocked by clk)
Path Group: clk
Path Type: max

Fanout     Cap    Slew   Delay    Time   Description
-----------------------------------------------------------------------------
                  0.15    0.00    0.00   clock clk (rise edge)
                          0.00    0.00   clock network delay (ideal)
                  0.15    0.00    0.00 ^ _46_/CLK (sky130_fd_sc_hd__dfrtp_1)
                  0.04    0.40    0.40 v _46_/Q (sky130_fd_sc_hd__dfrtp_1)
     1    0.00                           net13 (net)
                  0.04    0.00    0.40 v output13/A (sky130_fd_sc_hd__buf_2)
                  0.09    0.19    0.59 v output13/X (sky130_fd_sc_hd__buf_2)
     1    0.03                           y_out[0] (net)
                  0.09    0.00    0.59 v y_out[0] (out)
                                  0.59   data arrival time

                  0.15   20.00   20.00   clock clk (rise edge)
                          0.00   20.00   clock network delay (ideal)
                         -0.25   19.75   clock uncertainty
                          0.00   19.75   clock reconvergence pessimism
                         -4.00   15.75   output external delay
                                 15.75   data required time
-----------------------------------------------------------------------------
                                 15.75   data required time
                                 -0.59   data arrival time
-----------------------------------------------------------------------------
                                 15.16   slack (MET)


Startpoint: _49_ (rising edge-triggered flip-flop clocked by clk)
Endpoint: y_out[3] (output port clocked by clk)
Path Group: clk
Path Type: max

Fanout     Cap    Slew   Delay    Time   Description
-----------------------------------------------------------------------------
                  0.15    0.00    0.00   clock clk (rise edge)
                          0.00    0.00   clock network delay (ideal)
                  0.15    0.00    0.00 ^ _49_/CLK (sky130_fd_sc_hd__dfrtp_1)
                  0.04    0.40    0.40 v _49_/Q (sky130_fd_sc_hd__dfrtp_1)
     1    0.00                           net16 (net)
                  0.04    0.00    0.40 v output16/A (sky130_fd_sc_hd__buf_2)
                  0.09    0.18    0.59 v output16/X (sky130_fd_sc_hd__buf_2)
     1    0.03                           y_out[3] (net)
                  0.09    0.00    0.59 v y_out[3] (out)
                                  0.59   data arrival time

                  0.15   20.00   20.00   clock clk (rise edge)
                          0.00   20.00   clock network delay (ideal)
                         -0.25   19.75   clock uncertainty
                          0.00   19.75   clock reconvergence pessimism
                         -4.00   15.75   output external delay
                                 15.75   data required time
-----------------------------------------------------------------------------
                                 15.75   data required time
                                 -0.59   data arrival time
-----------------------------------------------------------------------------
                                 15.16   slack (MET)


Startpoint: _51_ (rising edge-triggered flip-flop clocked by clk)
Endpoint: ovf_out (output port clocked by clk)
Path Group: clk
Path Type: max

Fanout     Cap    Slew   Delay    Time   Description
-----------------------------------------------------------------------------
                  0.15    0.00    0.00   clock clk (rise edge)
                          0.00    0.00   clock network delay (ideal)
                  0.15    0.00    0.00 ^ _51_/CLK (sky130_fd_sc_hd__dfrtp_1)
                  0.04    0.40    0.40 v _51_/Q (sky130_fd_sc_hd__dfrtp_1)
     1    0.00                           net12 (net)
                  0.04    0.00    0.40 v output12/A (sky130_fd_sc_hd__buf_2)
                  0.09    0.18    0.59 v output12/X (sky130_fd_sc_hd__buf_2)
     1    0.03                           ovf_out (net)
                  0.09    0.00    0.59 v ovf_out (out)
                                  0.59   data arrival time

                  0.15   20.00   20.00   clock clk (rise edge)
                          0.00   20.00   clock network delay (ideal)
                         -0.25   19.75   clock uncertainty
                          0.00   19.75   clock reconvergence pessimism
                         -4.00   15.75   output external delay
                                 15.75   data required time
-----------------------------------------------------------------------------
                                 15.75   data required time
                                 -0.59   data arrival time
-----------------------------------------------------------------------------
                                 15.16   slack (MET)


Startpoint: _47_ (rising edge-triggered flip-flop clocked by clk)
Endpoint: y_out[1] (output port clocked by clk)
Path Group: clk
Path Type: max

Fanout     Cap    Slew   Delay    Time   Description
-----------------------------------------------------------------------------
                  0.15    0.00    0.00   clock clk (rise edge)
                          0.00    0.00   clock network delay (ideal)
                  0.15    0.00    0.00 ^ _47_/CLK (sky130_fd_sc_hd__dfrtp_1)
                  0.04    0.40    0.40 v _47_/Q (sky130_fd_sc_hd__dfrtp_1)
     1    0.00                           net14 (net)
                  0.04    0.00    0.40 v output14/A (sky130_fd_sc_hd__buf_2)
                  0.09    0.18    0.59 v output14/X (sky130_fd_sc_hd__buf_2)
     1    0.03                           y_out[1] (net)
                  0.09    0.00    0.59 v y_out[1] (out)
                                  0.59   data arrival time

                  0.15   20.00   20.00   clock clk (rise edge)
                          0.00   20.00   clock network delay (ideal)
                         -0.25   19.75   clock uncertainty
                          0.00   19.75   clock reconvergence pessimism
                         -4.00   15.75   output external delay
                                 15.75   data required time
-----------------------------------------------------------------------------
                                 15.75   data required time
                                 -0.59   data arrival time
-----------------------------------------------------------------------------
                                 15.16   slack (MET)


Startpoint: a_in[1] (input port clocked by clk)
Endpoint: _53_ (rising edge-triggered flip-flop clocked by clk)
Path Group: clk
Path Type: max

Fanout     Cap    Slew   Delay    Time   Description
-----------------------------------------------------------------------------
                  0.15    0.00    0.00   clock clk (rise edge)
                          0.00    0.00   clock network delay (ideal)
                          4.00    4.00 v input external delay
                  0.01    0.01    4.01 v a_in[1] (in)
     1    0.00                           a_in[1] (net)
                  0.01    0.00    4.01 v input2/A (sky130_fd_sc_hd__clkbuf_1)
                  0.04    0.09    4.09 v input2/X (sky130_fd_sc_hd__clkbuf_1)
     1    0.00                           net2 (net)
                  0.04    0.00    4.09 v _53_/D (sky130_fd_sc_hd__dfrtp_1)
                                  4.09   data arrival time

                  0.15   20.00   20.00   clock clk (rise edge)
                          0.00   20.00   clock network delay (ideal)
                         -0.25   19.75   clock uncertainty
                          0.00   19.75   clock reconvergence pessimism
                                 19.75 ^ _53_/CLK (sky130_fd_sc_hd__dfrtp_1)
                         -0.09   19.66   library setup time
                                 19.66   data required time
-----------------------------------------------------------------------------
                                 19.66   data required time
                                 -4.09   data arrival time
-----------------------------------------------------------------------------
                                 15.57   slack (MET)


Startpoint: b_in[1] (input port clocked by clk)
Endpoint: _57_ (rising edge-triggered flip-flop clocked by clk)
Path Group: clk
Path Type: max

Fanout     Cap    Slew   Delay    Time   Description
-----------------------------------------------------------------------------
                  0.15    0.00    0.00   clock clk (rise edge)
                          0.00    0.00   clock network delay (ideal)
                          4.00    4.00 v input external delay
                  0.01    0.01    4.01 v b_in[1] (in)
     1    0.00                           b_in[1] (net)
                  0.01    0.00    4.01 v input6/A (sky130_fd_sc_hd__clkbuf_1)
                  0.03    0.08    4.08 v input6/X (sky130_fd_sc_hd__clkbuf_1)
     1    0.00                           net6 (net)
                  0.03    0.00    4.08 v _57_/D (sky130_fd_sc_hd__dfrtp_1)
                                  4.08   data arrival time

                  0.15   20.00   20.00   clock clk (rise edge)
                          0.00   20.00   clock network delay (ideal)
                         -0.25   19.75   clock uncertainty
                          0.00   19.75   clock reconvergence pessimism
                                 19.75 ^ _57_/CLK (sky130_fd_sc_hd__dfrtp_1)
                         -0.08   19.67   library setup time
                                 19.67   data required time
-----------------------------------------------------------------------------
                                 19.67   data required time
                                 -4.08   data arrival time
-----------------------------------------------------------------------------
                                 15.58   slack (MET)


Startpoint: b_in[2] (input port clocked by clk)
Endpoint: _58_ (rising edge-triggered flip-flop clocked by clk)
Path Group: clk
Path Type: max

Fanout     Cap    Slew   Delay    Time   Description
-----------------------------------------------------------------------------
                  0.15    0.00    0.00   clock clk (rise edge)
                          0.00    0.00   clock network delay (ideal)
                          4.00    4.00 v input external delay
                  0.01    0.00    4.00 v b_in[2] (in)
     1    0.00                           b_in[2] (net)
                  0.01    0.00    4.00 v input7/A (sky130_fd_sc_hd__clkbuf_1)
                  0.03    0.08    4.08 v input7/X (sky130_fd_sc_hd__clkbuf_1)
     1    0.00                           net7 (net)
                  0.03    0.00    4.08 v _58_/D (sky130_fd_sc_hd__dfrtp_1)
                                  4.08   data arrival time

                  0.15   20.00   20.00   clock clk (rise edge)
                          0.00   20.00   clock network delay (ideal)
                         -0.25   19.75   clock uncertainty
                          0.00   19.75   clock reconvergence pessimism
                                 19.75 ^ _58_/CLK (sky130_fd_sc_hd__dfrtp_1)
                         -0.08   19.67   library setup time
                                 19.67   data required time
-----------------------------------------------------------------------------
                                 19.67   data required time
                                 -4.08   data arrival time
-----------------------------------------------------------------------------
                                 15.58   slack (MET)


Startpoint: sub_in (input port clocked by clk)
Endpoint: _60_ (rising edge-triggered flip-flop clocked by clk)
Path Group: clk
Path Type: max

Fanout     Cap    Slew   Delay    Time   Description
-----------------------------------------------------------------------------
                  0.15    0.00    0.00   clock clk (rise edge)
                          0.00    0.00   clock network delay (ideal)
                          4.00    4.00 v input external delay
                  0.01    0.00    4.00 v sub_in (in)
     1    0.00                           sub_in (net)
                  0.01    0.00    4.00 v input10/A (sky130_fd_sc_hd__clkbuf_1)
                  0.03    0.08    4.08 v input10/X (sky130_fd_sc_hd__clkbuf_1)
     1    0.00                           net10 (net)
                  0.03    0.00    4.08 v _60_/D (sky130_fd_sc_hd__dfrtp_2)
                                  4.08   data arrival time

                  0.15   20.00   20.00   clock clk (rise edge)
                          0.00   20.00   clock network delay (ideal)
                         -0.25   19.75   clock uncertainty
                          0.00   19.75   clock reconvergence pessimism
                                 19.75 ^ _60_/CLK (sky130_fd_sc_hd__dfrtp_2)
                         -0.08   19.67   library setup time
                                 19.67   data required time
-----------------------------------------------------------------------------
                                 19.67   data required time
                                 -4.08   data arrival time
-----------------------------------------------------------------------------
                                 15.58   slack (MET)


Startpoint: a_in[3] (input port clocked by clk)
Endpoint: _55_ (rising edge-triggered flip-flop clocked by clk)
Path Group: clk
Path Type: max

Fanout     Cap    Slew   Delay    Time   Description
-----------------------------------------------------------------------------
                  0.15    0.00    0.00   clock clk (rise edge)
                          0.00    0.00   clock network delay (ideal)
                          4.00    4.00 v input external delay
                  0.01    0.01    4.01 v a_in[3] (in)
     1    0.00                           a_in[3] (net)
                  0.01    0.00    4.01 v input4/A (sky130_fd_sc_hd__clkbuf_1)
                  0.03    0.08    4.08 v input4/X (sky130_fd_sc_hd__clkbuf_1)
     1    0.00                           net4 (net)
                  0.03    0.00    4.08 v _55_/D (sky130_fd_sc_hd__dfrtp_1)
                                  4.08   data arrival time

                  0.15   20.00   20.00   clock clk (rise edge)
                          0.00   20.00   clock network delay (ideal)
                         -0.25   19.75   clock uncertainty
                          0.00   19.75   clock reconvergence pessimism
                                 19.75 ^ _55_/CLK (sky130_fd_sc_hd__dfrtp_1)
                         -0.08   19.67   library setup time
                                 19.67   data required time
-----------------------------------------------------------------------------
                                 19.67   data required time
                                 -4.08   data arrival time
-----------------------------------------------------------------------------
                                 15.58   slack (MET)


Startpoint: b_in[0] (input port clocked by clk)
Endpoint: _56_ (rising edge-triggered flip-flop clocked by clk)
Path Group: clk
Path Type: max

Fanout     Cap    Slew   Delay    Time   Description
-----------------------------------------------------------------------------
                  0.15    0.00    0.00   clock clk (rise edge)
                          0.00    0.00   clock network delay (ideal)
                          4.00    4.00 v input external delay
                  0.01    0.01    4.01 v b_in[0] (in)
     1    0.00                           b_in[0] (net)
                  0.01    0.00    4.01 v input5/A (sky130_fd_sc_hd__clkbuf_1)
                  0.03    0.08    4.08 v input5/X (sky130_fd_sc_hd__clkbuf_1)
     1    0.00                           net5 (net)
                  0.03    0.00    4.08 v _56_/D (sky130_fd_sc_hd__dfrtp_1)
                                  4.08   data arrival time

                  0.15   20.00   20.00   clock clk (rise edge)
                          0.00   20.00   clock network delay (ideal)
                         -0.25   19.75   clock uncertainty
                          0.00   19.75   clock reconvergence pessimism
                                 19.75 ^ _56_/CLK (sky130_fd_sc_hd__dfrtp_1)
                         -0.08   19.67   library setup time
                                 19.67   data required time
-----------------------------------------------------------------------------
                                 19.67   data required time
                                 -4.08   data arrival time
-----------------------------------------------------------------------------
                                 15.59   slack (MET)


Startpoint: b_in[3] (input port clocked by clk)
Endpoint: _59_ (rising edge-triggered flip-flop clocked by clk)
Path Group: clk
Path Type: max

Fanout     Cap    Slew   Delay    Time   Description
-----------------------------------------------------------------------------
                  0.15    0.00    0.00   clock clk (rise edge)
                          0.00    0.00   clock network delay (ideal)
                          4.00    4.00 v input external delay
                  0.01    0.00    4.00 v b_in[3] (in)
     1    0.00                           b_in[3] (net)
                  0.01    0.00    4.00 v input8/A (sky130_fd_sc_hd__clkbuf_1)
                  0.03    0.08    4.08 v input8/X (sky130_fd_sc_hd__clkbuf_1)
     1    0.00                           net8 (net)
                  0.03    0.00    4.08 v _59_/D (sky130_fd_sc_hd__dfrtp_1)
                                  4.08   data arrival time

                  0.15   20.00   20.00   clock clk (rise edge)
                          0.00   20.00   clock network delay (ideal)
                         -0.25   19.75   clock uncertainty
                          0.00   19.75   clock reconvergence pessimism
                                 19.75 ^ _59_/CLK (sky130_fd_sc_hd__dfrtp_1)
                         -0.08   19.67   library setup time
                                 19.67   data required time
-----------------------------------------------------------------------------
                                 19.67   data required time
                                 -4.08   data arrival time
-----------------------------------------------------------------------------
                                 15.59   slack (MET)


Startpoint: a_in[0] (input port clocked by clk)
Endpoint: _52_ (rising edge-triggered flip-flop clocked by clk)
Path Group: clk
Path Type: max

Fanout     Cap    Slew   Delay    Time   Description
-----------------------------------------------------------------------------
                  0.15    0.00    0.00   clock clk (rise edge)
                          0.00    0.00   clock network delay (ideal)
                          4.00    4.00 v input external delay
                  0.01    0.00    4.00 v a_in[0] (in)
     1    0.00                           a_in[0] (net)
                  0.01    0.00    4.00 v input1/A (sky130_fd_sc_hd__clkbuf_1)
                  0.03    0.08    4.08 v input1/X (sky130_fd_sc_hd__clkbuf_1)
     1    0.00                           net1 (net)
                  0.03    0.00    4.08 v _52_/D (sky130_fd_sc_hd__dfrtp_1)
                                  4.08   data arrival time

                  0.15   20.00   20.00   clock clk (rise edge)
                          0.00   20.00   clock network delay (ideal)
                         -0.25   19.75   clock uncertainty
                          0.00   19.75   clock reconvergence pessimism
                                 19.75 ^ _52_/CLK (sky130_fd_sc_hd__dfrtp_1)
                         -0.08   19.67   library setup time
                                 19.67   data required time
-----------------------------------------------------------------------------
                                 19.67   data required time
                                 -4.08   data arrival time
-----------------------------------------------------------------------------
                                 15.59   slack (MET)


Startpoint: a_in[2] (input port clocked by clk)
Endpoint: _54_ (rising edge-triggered flip-flop clocked by clk)
Path Group: clk
Path Type: max

Fanout     Cap    Slew   Delay    Time   Description
-----------------------------------------------------------------------------
                  0.15    0.00    0.00   clock clk (rise edge)
                          0.00    0.00   clock network delay (ideal)
                          4.00    4.00 v input external delay
                  0.01    0.01    4.01 v a_in[2] (in)
     1    0.00                           a_in[2] (net)
                  0.01    0.00    4.01 v input3/A (sky130_fd_sc_hd__clkbuf_1)
                  0.02    0.07    4.08 v input3/X (sky130_fd_sc_hd__clkbuf_1)
     1    0.00                           net3 (net)
                  0.02    0.00    4.08 v _54_/D (sky130_fd_sc_hd__dfrtp_1)
                                  4.08   data arrival time

                  0.15   20.00   20.00   clock clk (rise edge)
                          0.00   20.00   clock network delay (ideal)
                         -0.25   19.75   clock uncertainty
                          0.00   19.75   clock reconvergence pessimism
                                 19.75 ^ _54_/CLK (sky130_fd_sc_hd__dfrtp_1)
                         -0.08   19.67   library setup time
                                 19.67   data required time
-----------------------------------------------------------------------------
                                 19.67   data required time
                                 -4.08   data arrival time
-----------------------------------------------------------------------------
                                 15.59   slack (MET)


Startpoint: rst_n (input port clocked by clk)
Endpoint: _50_ (recovery check against rising-edge clock clk)
Path Group: asynchronous
Path Type: max

Fanout     Cap    Slew   Delay    Time   Description
-----------------------------------------------------------------------------
                  0.15    0.00    0.00   clock clk (rise edge)
                          0.00    0.00   clock network delay (ideal)
                          4.00    4.00 ^ input external delay
                  0.02    0.01    4.01 ^ rst_n (in)
     1    0.00                           rst_n (net)
                  0.02    0.00    4.01 ^ input9/A (sky130_fd_sc_hd__buf_1)
                  0.09    0.11    4.12 ^ input9/X (sky130_fd_sc_hd__buf_1)
     2    0.01                           net9 (net)
                  0.09    0.00    4.12 ^ fanout17/A (sky130_fd_sc_hd__clkbuf_4)
                  0.14    0.24    4.36 ^ fanout17/X (sky130_fd_sc_hd__clkbuf_4)
    10    0.05                           net17 (net)
                  0.14    0.00    4.36 ^ _50_/RESET_B (sky130_fd_sc_hd__dfrtp_1)
                                  4.36   data arrival time

                  0.15   20.00   20.00   clock clk (rise edge)
                          0.00   20.00   clock network delay (ideal)
                         -0.25   19.75   clock uncertainty
                          0.00   19.75   clock reconvergence pessimism
                                 19.75 ^ _50_/CLK (sky130_fd_sc_hd__dfrtp_1)
                          0.24   19.99   library recovery time
                                 19.99   data required time
-----------------------------------------------------------------------------
                                 19.99   data required time
                                 -4.36   data arrival time
-----------------------------------------------------------------------------
                                 15.63   slack (MET)


Startpoint: rst_n (input port clocked by clk)
Endpoint: _59_ (recovery check against rising-edge clock clk)
Path Group: asynchronous
Path Type: max

Fanout     Cap    Slew   Delay    Time   Description
-----------------------------------------------------------------------------
                  0.15    0.00    0.00   clock clk (rise edge)
                          0.00    0.00   clock network delay (ideal)
                          4.00    4.00 ^ input external delay
                  0.02    0.01    4.01 ^ rst_n (in)
     1    0.00                           rst_n (net)
                  0.02    0.00    4.01 ^ input9/A (sky130_fd_sc_hd__buf_1)
                  0.09    0.11    4.12 ^ input9/X (sky130_fd_sc_hd__buf_1)
     2    0.01                           net9 (net)
                  0.09    0.00    4.12 ^ fanout17/A (sky130_fd_sc_hd__clkbuf_4)
                  0.14    0.24    4.36 ^ fanout17/X (sky130_fd_sc_hd__clkbuf_4)
    10    0.05                           net17 (net)
                  0.14    0.00    4.36 ^ _59_/RESET_B (sky130_fd_sc_hd__dfrtp_1)
                                  4.36   data arrival time

                  0.15   20.00   20.00   clock clk (rise edge)
                          0.00   20.00   clock network delay (ideal)
                         -0.25   19.75   clock uncertainty
                          0.00   19.75   clock reconvergence pessimism
                                 19.75 ^ _59_/CLK (sky130_fd_sc_hd__dfrtp_1)
                          0.24   19.99   library recovery time
                                 19.99   data required time
-----------------------------------------------------------------------------
                                 19.99   data required time
                                 -4.36   data arrival time
-----------------------------------------------------------------------------
                                 15.63   slack (MET)


Startpoint: rst_n (input port clocked by clk)
Endpoint: _48_ (recovery check against rising-edge clock clk)
Path Group: asynchronous
Path Type: max

Fanout     Cap    Slew   Delay    Time   Description
-----------------------------------------------------------------------------
                  0.15    0.00    0.00   clock clk (rise edge)
                          0.00    0.00   clock network delay (ideal)
                          4.00    4.00 ^ input external delay
                  0.02    0.01    4.01 ^ rst_n (in)
     1    0.00                           rst_n (net)
                  0.02    0.00    4.01 ^ input9/A (sky130_fd_sc_hd__buf_1)
                  0.09    0.11    4.12 ^ input9/X (sky130_fd_sc_hd__buf_1)
     2    0.01                           net9 (net)
                  0.09    0.00    4.12 ^ fanout17/A (sky130_fd_sc_hd__clkbuf_4)
                  0.14    0.24    4.36 ^ fanout17/X (sky130_fd_sc_hd__clkbuf_4)
    10    0.05                           net17 (net)
                  0.14    0.00    4.36 ^ _48_/RESET_B (sky130_fd_sc_hd__dfrtp_1)
                                  4.36   data arrival time

                  0.15   20.00   20.00   clock clk (rise edge)
                          0.00   20.00   clock network delay (ideal)
                         -0.25   19.75   clock uncertainty
                          0.00   19.75   clock reconvergence pessimism
                                 19.75 ^ _48_/CLK (sky130_fd_sc_hd__dfrtp_1)
                          0.24   19.99   library recovery time
                                 19.99   data required time
-----------------------------------------------------------------------------
                                 19.99   data required time
                                 -4.36   data arrival time
-----------------------------------------------------------------------------
                                 15.63   slack (MET)


Startpoint: rst_n (input port clocked by clk)
Endpoint: _47_ (recovery check against rising-edge clock clk)
Path Group: asynchronous
Path Type: max

Fanout     Cap    Slew   Delay    Time   Description
-----------------------------------------------------------------------------
                  0.15    0.00    0.00   clock clk (rise edge)
                          0.00    0.00   clock network delay (ideal)
                          4.00    4.00 ^ input external delay
                  0.02    0.01    4.01 ^ rst_n (in)
     1    0.00                           rst_n (net)
                  0.02    0.00    4.01 ^ input9/A (sky130_fd_sc_hd__buf_1)
                  0.09    0.11    4.12 ^ input9/X (sky130_fd_sc_hd__buf_1)
     2    0.01                           net9 (net)
                  0.09    0.00    4.12 ^ fanout17/A (sky130_fd_sc_hd__clkbuf_4)
                  0.14    0.24    4.36 ^ fanout17/X (sky130_fd_sc_hd__clkbuf_4)
    10    0.05                           net17 (net)
                  0.14    0.00    4.36 ^ _47_/RESET_B (sky130_fd_sc_hd__dfrtp_1)
                                  4.36   data arrival time

                  0.15   20.00   20.00   clock clk (rise edge)
                          0.00   20.00   clock network delay (ideal)
                         -0.25   19.75   clock uncertainty
                          0.00   19.75   clock reconvergence pessimism
                                 19.75 ^ _47_/CLK (sky130_fd_sc_hd__dfrtp_1)
                          0.24   19.99   library recovery time
                                 19.99   data required time
-----------------------------------------------------------------------------
                                 19.99   data required time
                                 -4.36   data arrival time
-----------------------------------------------------------------------------
                                 15.63   slack (MET)


Startpoint: rst_n (input port clocked by clk)
Endpoint: _46_ (recovery check against rising-edge clock clk)
Path Group: asynchronous
Path Type: max

Fanout     Cap    Slew   Delay    Time   Description
-----------------------------------------------------------------------------
                  0.15    0.00    0.00   clock clk (rise edge)
                          0.00    0.00   clock network delay (ideal)
                          4.00    4.00 ^ input external delay
                  0.02    0.01    4.01 ^ rst_n (in)
     1    0.00                           rst_n (net)
                  0.02    0.00    4.01 ^ input9/A (sky130_fd_sc_hd__buf_1)
                  0.09    0.11    4.12 ^ input9/X (sky130_fd_sc_hd__buf_1)
     2    0.01                           net9 (net)
                  0.09    0.00    4.12 ^ fanout17/A (sky130_fd_sc_hd__clkbuf_4)
                  0.14    0.24    4.36 ^ fanout17/X (sky130_fd_sc_hd__clkbuf_4)
    10    0.05                           net17 (net)
                  0.14    0.00    4.36 ^ _46_/RESET_B (sky130_fd_sc_hd__dfrtp_1)
                                  4.36   data arrival time

                  0.15   20.00   20.00   clock clk (rise edge)
                          0.00   20.00   clock network delay (ideal)
                         -0.25   19.75   clock uncertainty
                          0.00   19.75   clock reconvergence pessimism
                                 19.75 ^ _46_/CLK (sky130_fd_sc_hd__dfrtp_1)
                          0.24   19.99   library recovery time
                                 19.99   data required time
-----------------------------------------------------------------------------
                                 19.99   data required time
                                 -4.36   data arrival time
-----------------------------------------------------------------------------
                                 15.63   slack (MET)


Startpoint: rst_n (input port clocked by clk)
Endpoint: _51_ (recovery check against rising-edge clock clk)
Path Group: asynchronous
Path Type: max

Fanout     Cap    Slew   Delay    Time   Description
-----------------------------------------------------------------------------
                  0.15    0.00    0.00   clock clk (rise edge)
                          0.00    0.00   clock network delay (ideal)
                          4.00    4.00 ^ input external delay
                  0.02    0.01    4.01 ^ rst_n (in)
     1    0.00                           rst_n (net)
                  0.02    0.00    4.01 ^ input9/A (sky130_fd_sc_hd__buf_1)
                  0.09    0.11    4.12 ^ input9/X (sky130_fd_sc_hd__buf_1)
     2    0.01                           net9 (net)
                  0.09    0.00    4.12 ^ fanout17/A (sky130_fd_sc_hd__clkbuf_4)
                  0.14    0.24    4.36 ^ fanout17/X (sky130_fd_sc_hd__clkbuf_4)
    10    0.05                           net17 (net)
                  0.14    0.00    4.36 ^ _51_/RESET_B (sky130_fd_sc_hd__dfrtp_1)
                                  4.36   data arrival time

                  0.15   20.00   20.00   clock clk (rise edge)
                          0.00   20.00   clock network delay (ideal)
                         -0.25   19.75   clock uncertainty
                          0.00   19.75   clock reconvergence pessimism
                                 19.75 ^ _51_/CLK (sky130_fd_sc_hd__dfrtp_1)
                          0.24   19.99   library recovery time
                                 19.99   data required time
-----------------------------------------------------------------------------
                                 19.99   data required time
                                 -4.36   data arrival time
-----------------------------------------------------------------------------
                                 15.63   slack (MET)


Startpoint: rst_n (input port clocked by clk)
Endpoint: _52_ (recovery check against rising-edge clock clk)
Path Group: asynchronous
Path Type: max

Fanout     Cap    Slew   Delay    Time   Description
-----------------------------------------------------------------------------
                  0.15    0.00    0.00   clock clk (rise edge)
                          0.00    0.00   clock network delay (ideal)
                          4.00    4.00 ^ input external delay
                  0.02    0.01    4.01 ^ rst_n (in)
     1    0.00                           rst_n (net)
                  0.02    0.00    4.01 ^ input9/A (sky130_fd_sc_hd__buf_1)
                  0.09    0.11    4.12 ^ input9/X (sky130_fd_sc_hd__buf_1)
     2    0.01                           net9 (net)
                  0.09    0.00    4.12 ^ fanout17/A (sky130_fd_sc_hd__clkbuf_4)
                  0.14    0.24    4.36 ^ fanout17/X (sky130_fd_sc_hd__clkbuf_4)
    10    0.05                           net17 (net)
                  0.14    0.00    4.36 ^ _52_/RESET_B (sky130_fd_sc_hd__dfrtp_1)
                                  4.36   data arrival time

                  0.15   20.00   20.00   clock clk (rise edge)
                          0.00   20.00   clock network delay (ideal)
                         -0.25   19.75   clock uncertainty
                          0.00   19.75   clock reconvergence pessimism
                                 19.75 ^ _52_/CLK (sky130_fd_sc_hd__dfrtp_1)
                          0.24   19.99   library recovery time
                                 19.99   data required time
-----------------------------------------------------------------------------
                                 19.99   data required time
                                 -4.36   data arrival time
-----------------------------------------------------------------------------
                                 15.63   slack (MET)


Startpoint: rst_n (input port clocked by clk)
Endpoint: _49_ (recovery check against rising-edge clock clk)
Path Group: asynchronous
Path Type: max

Fanout     Cap    Slew   Delay    Time   Description
-----------------------------------------------------------------------------
                  0.15    0.00    0.00   clock clk (rise edge)
                          0.00    0.00   clock network delay (ideal)
                          4.00    4.00 ^ input external delay
                  0.02    0.01    4.01 ^ rst_n (in)
     1    0.00                           rst_n (net)
                  0.02    0.00    4.01 ^ input9/A (sky130_fd_sc_hd__buf_1)
                  0.09    0.11    4.12 ^ input9/X (sky130_fd_sc_hd__buf_1)
     2    0.01                           net9 (net)
                  0.09    0.00    4.12 ^ fanout17/A (sky130_fd_sc_hd__clkbuf_4)
                  0.14    0.24    4.36 ^ fanout17/X (sky130_fd_sc_hd__clkbuf_4)
    10    0.05                           net17 (net)
                  0.14    0.00    4.36 ^ _49_/RESET_B (sky130_fd_sc_hd__dfrtp_1)
                                  4.36   data arrival time

                  0.15   20.00   20.00   clock clk (rise edge)
                          0.00   20.00   clock network delay (ideal)
                         -0.25   19.75   clock uncertainty
                          0.00   19.75   clock reconvergence pessimism
                                 19.75 ^ _49_/CLK (sky130_fd_sc_hd__dfrtp_1)
                          0.24   19.99   library recovery time
                                 19.99   data required time
-----------------------------------------------------------------------------
                                 19.99   data required time
                                 -4.36   data arrival time
-----------------------------------------------------------------------------
                                 15.63   slack (MET)


Startpoint: rst_n (input port clocked by clk)
Endpoint: _57_ (recovery check against rising-edge clock clk)
Path Group: asynchronous
Path Type: max

Fanout     Cap    Slew   Delay    Time   Description
-----------------------------------------------------------------------------
                  0.15    0.00    0.00   clock clk (rise edge)
                          0.00    0.00   clock network delay (ideal)
                          4.00    4.00 ^ input external delay
                  0.02    0.01    4.01 ^ rst_n (in)
     1    0.00                           rst_n (net)
                  0.02    0.00    4.01 ^ input9/A (sky130_fd_sc_hd__buf_1)
                  0.09    0.11    4.12 ^ input9/X (sky130_fd_sc_hd__buf_1)
     2    0.01                           net9 (net)
                  0.09    0.00    4.12 ^ fanout17/A (sky130_fd_sc_hd__clkbuf_4)
                  0.14    0.24    4.36 ^ fanout17/X (sky130_fd_sc_hd__clkbuf_4)
    10    0.05                           net17 (net)
                  0.14    0.00    4.36 ^ _57_/RESET_B (sky130_fd_sc_hd__dfrtp_1)
                                  4.36   data arrival time

                  0.15   20.00   20.00   clock clk (rise edge)
                          0.00   20.00   clock network delay (ideal)
                         -0.25   19.75   clock uncertainty
                          0.00   19.75   clock reconvergence pessimism
                                 19.75 ^ _57_/CLK (sky130_fd_sc_hd__dfrtp_1)
                          0.24   19.99   library recovery time
                                 19.99   data required time
-----------------------------------------------------------------------------
                                 19.99   data required time
                                 -4.36   data arrival time
-----------------------------------------------------------------------------
                                 15.63   slack (MET)


Startpoint: rst_n (input port clocked by clk)
Endpoint: _53_ (recovery check against rising-edge clock clk)
Path Group: asynchronous
Path Type: max

Fanout     Cap    Slew   Delay    Time   Description
-----------------------------------------------------------------------------
                  0.15    0.00    0.00   clock clk (rise edge)
                          0.00    0.00   clock network delay (ideal)
                          4.00    4.00 ^ input external delay
                  0.02    0.01    4.01 ^ rst_n (in)
     1    0.00                           rst_n (net)
                  0.02    0.00    4.01 ^ input9/A (sky130_fd_sc_hd__buf_1)
                  0.09    0.11    4.12 ^ input9/X (sky130_fd_sc_hd__buf_1)
     2    0.01                           net9 (net)
                  0.09    0.00    4.12 ^ fanout17/A (sky130_fd_sc_hd__clkbuf_4)
                  0.14    0.24    4.36 ^ fanout17/X (sky130_fd_sc_hd__clkbuf_4)
    10    0.05                           net17 (net)
                  0.14    0.00    4.36 ^ _53_/RESET_B (sky130_fd_sc_hd__dfrtp_1)
                                  4.36   data arrival time

                  0.15   20.00   20.00   clock clk (rise edge)
                          0.00   20.00   clock network delay (ideal)
                         -0.25   19.75   clock uncertainty
                          0.00   19.75   clock reconvergence pessimism
                                 19.75 ^ _53_/CLK (sky130_fd_sc_hd__dfrtp_1)
                          0.24   19.99   library recovery time
                                 19.99   data required time
-----------------------------------------------------------------------------
                                 19.99   data required time
                                 -4.36   data arrival time
-----------------------------------------------------------------------------
                                 15.63   slack (MET)


Startpoint: rst_n (input port clocked by clk)
Endpoint: _60_ (recovery check against rising-edge clock clk)
Path Group: asynchronous
Path Type: max

Fanout     Cap    Slew   Delay    Time   Description
-----------------------------------------------------------------------------
                  0.15    0.00    0.00   clock clk (rise edge)
                          0.00    0.00   clock network delay (ideal)
                          4.00    4.00 ^ input external delay
                  0.02    0.01    4.01 ^ rst_n (in)
     1    0.00                           rst_n (net)
                  0.02    0.00    4.01 ^ input9/A (sky130_fd_sc_hd__buf_1)
                  0.09    0.11    4.12 ^ input9/X (sky130_fd_sc_hd__buf_1)
     2    0.01                           net9 (net)
                  0.09    0.00    4.12 ^ fanout18/A (sky130_fd_sc_hd__clkbuf_2)
                  0.13    0.19    4.31 ^ fanout18/X (sky130_fd_sc_hd__clkbuf_2)
     5    0.02                           net18 (net)
                  0.13    0.00    4.31 ^ _60_/RESET_B (sky130_fd_sc_hd__dfrtp_2)
                                  4.31   data arrival time

                  0.15   20.00   20.00   clock clk (rise edge)
                          0.00   20.00   clock network delay (ideal)
                         -0.25   19.75   clock uncertainty
                          0.00   19.75   clock reconvergence pessimism
                                 19.75 ^ _60_/CLK (sky130_fd_sc_hd__dfrtp_2)
                          0.23   19.98   library recovery time
                                 19.98   data required time
-----------------------------------------------------------------------------
                                 19.98   data required time
                                 -4.31   data arrival time
-----------------------------------------------------------------------------
                                 15.67   slack (MET)


Startpoint: rst_n (input port clocked by clk)
Endpoint: _54_ (recovery check against rising-edge clock clk)
Path Group: asynchronous
Path Type: max

Fanout     Cap    Slew   Delay    Time   Description
-----------------------------------------------------------------------------
                  0.15    0.00    0.00   clock clk (rise edge)
                          0.00    0.00   clock network delay (ideal)
                          4.00    4.00 ^ input external delay
                  0.02    0.01    4.01 ^ rst_n (in)
     1    0.00                           rst_n (net)
                  0.02    0.00    4.01 ^ input9/A (sky130_fd_sc_hd__buf_1)
                  0.09    0.11    4.12 ^ input9/X (sky130_fd_sc_hd__buf_1)
     2    0.01                           net9 (net)
                  0.09    0.00    4.12 ^ fanout18/A (sky130_fd_sc_hd__clkbuf_2)
                  0.13    0.19    4.31 ^ fanout18/X (sky130_fd_sc_hd__clkbuf_2)
     5    0.02                           net18 (net)
                  0.13    0.00    4.31 ^ _54_/RESET_B (sky130_fd_sc_hd__dfrtp_1)
                                  4.31   data arrival time

                  0.15   20.00   20.00   clock clk (rise edge)
                          0.00   20.00   clock network delay (ideal)
                         -0.25   19.75   clock uncertainty
                          0.00   19.75   clock reconvergence pessimism
                                 19.75 ^ _54_/CLK (sky130_fd_sc_hd__dfrtp_1)
                          0.24   19.99   library recovery time
                                 19.99   data required time
-----------------------------------------------------------------------------
                                 19.99   data required time
                                 -4.31   data arrival time
-----------------------------------------------------------------------------
                                 15.68   slack (MET)


Startpoint: rst_n (input port clocked by clk)
Endpoint: _58_ (recovery check against rising-edge clock clk)
Path Group: asynchronous
Path Type: max

Fanout     Cap    Slew   Delay    Time   Description
-----------------------------------------------------------------------------
                  0.15    0.00    0.00   clock clk (rise edge)
                          0.00    0.00   clock network delay (ideal)
                          4.00    4.00 ^ input external delay
                  0.02    0.01    4.01 ^ rst_n (in)
     1    0.00                           rst_n (net)
                  0.02    0.00    4.01 ^ input9/A (sky130_fd_sc_hd__buf_1)
                  0.09    0.11    4.12 ^ input9/X (sky130_fd_sc_hd__buf_1)
     2    0.01                           net9 (net)
                  0.09    0.00    4.12 ^ fanout18/A (sky130_fd_sc_hd__clkbuf_2)
                  0.13    0.19    4.31 ^ fanout18/X (sky130_fd_sc_hd__clkbuf_2)
     5    0.02                           net18 (net)
                  0.13    0.00    4.31 ^ _58_/RESET_B (sky130_fd_sc_hd__dfrtp_1)
                                  4.31   data arrival time

                  0.15   20.00   20.00   clock clk (rise edge)
                          0.00   20.00   clock network delay (ideal)
                         -0.25   19.75   clock uncertainty
                          0.00   19.75   clock reconvergence pessimism
                                 19.75 ^ _58_/CLK (sky130_fd_sc_hd__dfrtp_1)
                          0.24   19.99   library recovery time
                                 19.99   data required time
-----------------------------------------------------------------------------
                                 19.99   data required time
                                 -4.31   data arrival time
-----------------------------------------------------------------------------
                                 15.68   slack (MET)


Startpoint: rst_n (input port clocked by clk)
Endpoint: _55_ (recovery check against rising-edge clock clk)
Path Group: asynchronous
Path Type: max

Fanout     Cap    Slew   Delay    Time   Description
-----------------------------------------------------------------------------
                  0.15    0.00    0.00   clock clk (rise edge)
                          0.00    0.00   clock network delay (ideal)
                          4.00    4.00 ^ input external delay
                  0.02    0.01    4.01 ^ rst_n (in)
     1    0.00                           rst_n (net)
                  0.02    0.00    4.01 ^ input9/A (sky130_fd_sc_hd__buf_1)
                  0.09    0.11    4.12 ^ input9/X (sky130_fd_sc_hd__buf_1)
     2    0.01                           net9 (net)
                  0.09    0.00    4.12 ^ fanout18/A (sky130_fd_sc_hd__clkbuf_2)
                  0.13    0.19    4.31 ^ fanout18/X (sky130_fd_sc_hd__clkbuf_2)
     5    0.02                           net18 (net)
                  0.13    0.00    4.31 ^ _55_/RESET_B (sky130_fd_sc_hd__dfrtp_1)
                                  4.31   data arrival time

                  0.15   20.00   20.00   clock clk (rise edge)
                          0.00   20.00   clock network delay (ideal)
                         -0.25   19.75   clock uncertainty
                          0.00   19.75   clock reconvergence pessimism
                                 19.75 ^ _55_/CLK (sky130_fd_sc_hd__dfrtp_1)
                          0.24   19.99   library recovery time
                                 19.99   data required time
-----------------------------------------------------------------------------
                                 19.99   data required time
                                 -4.31   data arrival time
-----------------------------------------------------------------------------
                                 15.68   slack (MET)


Startpoint: rst_n (input port clocked by clk)
Endpoint: _56_ (recovery check against rising-edge clock clk)
Path Group: asynchronous
Path Type: max

Fanout     Cap    Slew   Delay    Time   Description
-----------------------------------------------------------------------------
                  0.15    0.00    0.00   clock clk (rise edge)
                          0.00    0.00   clock network delay (ideal)
                          4.00    4.00 ^ input external delay
                  0.02    0.01    4.01 ^ rst_n (in)
     1    0.00                           rst_n (net)
                  0.02    0.00    4.01 ^ input9/A (sky130_fd_sc_hd__buf_1)
                  0.09    0.11    4.12 ^ input9/X (sky130_fd_sc_hd__buf_1)
     2    0.01                           net9 (net)
                  0.09    0.00    4.12 ^ fanout18/A (sky130_fd_sc_hd__clkbuf_2)
                  0.13    0.19    4.31 ^ fanout18/X (sky130_fd_sc_hd__clkbuf_2)
     5    0.02                           net18 (net)
                  0.13    0.00    4.31 ^ _56_/RESET_B (sky130_fd_sc_hd__dfrtp_1)
                                  4.31   data arrival time

                  0.15   20.00   20.00   clock clk (rise edge)
                          0.00   20.00   clock network delay (ideal)
                         -0.25   19.75   clock uncertainty
                          0.00   19.75   clock reconvergence pessimism
                                 19.75 ^ _56_/CLK (sky130_fd_sc_hd__dfrtp_1)
                          0.24   19.99   library recovery time
                                 19.99   data required time
-----------------------------------------------------------------------------
                                 19.99   data required time
                                 -4.31   data arrival time
-----------------------------------------------------------------------------
                                 15.68   slack (MET)


Startpoint: _60_ (rising edge-triggered flip-flop clocked by clk)
Endpoint: _49_ (rising edge-triggered flip-flop clocked by clk)
Path Group: clk
Path Type: max

Fanout     Cap    Slew   Delay    Time   Description
-----------------------------------------------------------------------------
                  0.15    0.00    0.00   clock clk (rise edge)
                          0.00    0.00   clock network delay (ideal)
                  0.15    0.00    0.00 ^ _60_/CLK (sky130_fd_sc_hd__dfrtp_2)
                  0.08    0.49    0.49 v _60_/Q (sky130_fd_sc_hd__dfrtp_2)
     7    0.02                           sub_r (net)
                  0.08    0.00    0.49 v _23_/A (sky130_fd_sc_hd__or2_1)
                  0.06    0.25    0.74 v _23_/X (sky130_fd_sc_hd__or2_1)
     2    0.00                           _03_ (net)
                  0.06    0.00    0.74 v _27_/B (sky130_fd_sc_hd__and3_1)
                  0.04    0.18    0.93 v _27_/X (sky130_fd_sc_hd__and3_1)
     2    0.00                           _07_ (net)
                  0.04    0.00    0.93 v _28_/B1 (sky130_fd_sc_hd__a21o_1)
                  0.06    0.18    1.11 v _28_/X (sky130_fd_sc_hd__a21o_1)
     2    0.01                           _08_ (net)
                  0.06    0.00    1.11 v _30_/A2 (sky130_fd_sc_hd__a21o_1)
                  0.07    0.23    1.34 v _30_/X (sky130_fd_sc_hd__a21o_1)
     4    0.01                           _10_ (net)
                  0.07    0.00    1.34 v _38_/A1 (sky130_fd_sc_hd__o22a_1)
                  0.04    0.22    1.56 v _38_/X (sky130_fd_sc_hd__o22a_1)
     1    0.00                           sum[3] (net)
                  0.04    0.00    1.56 v _49_/D (sky130_fd_sc_hd__dfrtp_1)
                                  1.56   data arrival time

                  0.15   20.00   20.00   clock clk (rise edge)
                          0.00   20.00   clock network delay (ideal)
                         -0.25   19.75   clock uncertainty
                          0.00   19.75   clock reconvergence pessimism
                                 19.75 ^ _49_/CLK (sky130_fd_sc_hd__dfrtp_1)
                         -0.09   19.66   library setup time
                                 19.66   data required time
-----------------------------------------------------------------------------
                                 19.66   data required time
                                 -1.56   data arrival time
-----------------------------------------------------------------------------
                                 18.10   slack (MET)


Startpoint: _60_ (rising edge-triggered flip-flop clocked by clk)
Endpoint: _51_ (rising edge-triggered flip-flop clocked by clk)
Path Group: clk
Path Type: max

Fanout     Cap    Slew   Delay    Time   Description
-----------------------------------------------------------------------------
                  0.15    0.00    0.00   clock clk (rise edge)
                          0.00    0.00   clock network delay (ideal)
                  0.15    0.00    0.00 ^ _60_/CLK (sky130_fd_sc_hd__dfrtp_2)
                  0.08    0.49    0.49 v _60_/Q (sky130_fd_sc_hd__dfrtp_2)
     7    0.02                           sub_r (net)
                  0.08    0.00    0.49 v _23_/A (sky130_fd_sc_hd__or2_1)
                  0.06    0.25    0.74 v _23_/X (sky130_fd_sc_hd__or2_1)
     2    0.00                           _03_ (net)
                  0.06    0.00    0.74 v _27_/B (sky130_fd_sc_hd__and3_1)
                  0.04    0.18    0.93 v _27_/X (sky130_fd_sc_hd__and3_1)
     2    0.00                           _07_ (net)
                  0.04    0.00    0.93 v _28_/B1 (sky130_fd_sc_hd__a21o_1)
                  0.06    0.18    1.11 v _28_/X (sky130_fd_sc_hd__a21o_1)
     2    0.01                           _08_ (net)
                  0.06    0.00    1.11 v _30_/A2 (sky130_fd_sc_hd__a21o_1)
                  0.07    0.23    1.34 v _30_/X (sky130_fd_sc_hd__a21o_1)
     4    0.01                           _10_ (net)
                  0.07    0.00    1.34 v _39_/A1 (sky130_fd_sc_hd__o21a_1)
                  0.04    0.21    1.54 v _39_/X (sky130_fd_sc_hd__o21a_1)
     1    0.00                           ovf (net)
                  0.04    0.00    1.54 v _51_/D (sky130_fd_sc_hd__dfrtp_1)
                                  1.54   data arrival time

                  0.15   20.00   20.00   clock clk (rise edge)
                          0.00   20.00   clock network delay (ideal)
                         -0.25   19.75   clock uncertainty
                          0.00   19.75   clock reconvergence pessimism
                                 19.75 ^ _51_/CLK (sky130_fd_sc_hd__dfrtp_1)
                         -0.09   19.66   library setup time
                                 19.66   data required time
-----------------------------------------------------------------------------
                                 19.66   data required time
                                 -1.54   data arrival time
-----------------------------------------------------------------------------
                                 18.12   slack (MET)


Startpoint: _60_ (rising edge-triggered flip-flop clocked by clk)
Endpoint: _50_ (rising edge-triggered flip-flop clocked by clk)
Path Group: clk
Path Type: max

Fanout     Cap    Slew   Delay    Time   Description
-----------------------------------------------------------------------------
                  0.15    0.00    0.00   clock clk (rise edge)
                          0.00    0.00   clock network delay (ideal)
                  0.15    0.00    0.00 ^ _60_/CLK (sky130_fd_sc_hd__dfrtp_2)
                  0.08    0.49    0.49 v _60_/Q (sky130_fd_sc_hd__dfrtp_2)
     7    0.02                           sub_r (net)
                  0.08    0.00    0.49 v _23_/A (sky130_fd_sc_hd__or2_1)
                  0.06    0.25    0.74 v _23_/X (sky130_fd_sc_hd__or2_1)
     2    0.00                           _03_ (net)
                  0.06    0.00    0.74 v _27_/B (sky130_fd_sc_hd__and3_1)
                  0.04    0.18    0.93 v _27_/X (sky130_fd_sc_hd__and3_1)
     2    0.00                           _07_ (net)
                  0.04    0.00    0.93 v _28_/B1 (sky130_fd_sc_hd__a21o_1)
                  0.06    0.18    1.11 v _28_/X (sky130_fd_sc_hd__a21o_1)
     2    0.01                           _08_ (net)
                  0.06    0.00    1.11 v _30_/A2 (sky130_fd_sc_hd__a21o_1)
                  0.07    0.23    1.34 v _30_/X (sky130_fd_sc_hd__a21o_1)
     4    0.01                           _10_ (net)
                  0.07    0.00    1.34 v _45_/A1 (sky130_fd_sc_hd__o21a_1)
                  0.03    0.20    1.53 v _45_/X (sky130_fd_sc_hd__o21a_1)
     1    0.00                           sum[4] (net)
                  0.03    0.00    1.53 v _50_/D (sky130_fd_sc_hd__dfrtp_1)
                                  1.53   data arrival time

                  0.15   20.00   20.00   clock clk (rise edge)
                          0.00   20.00   clock network delay (ideal)
                         -0.25   19.75   clock uncertainty
                          0.00   19.75   clock reconvergence pessimism
                                 19.75 ^ _50_/CLK (sky130_fd_sc_hd__dfrtp_1)
                         -0.09   19.66   library setup time
                                 19.66   data required time
-----------------------------------------------------------------------------
                                 19.66   data required time
                                 -1.53   data arrival time
-----------------------------------------------------------------------------
                                 18.13   slack (MET)


Startpoint: _60_ (rising edge-triggered flip-flop clocked by clk)
Endpoint: _47_ (rising edge-triggered flip-flop clocked by clk)
Path Group: clk
Path Type: max

Fanout     Cap    Slew   Delay    Time   Description
-----------------------------------------------------------------------------
                  0.15    0.00    0.00   clock clk (rise edge)
                          0.00    0.00   clock network delay (ideal)
                  0.15    0.00    0.00 ^ _60_/CLK (sky130_fd_sc_hd__dfrtp_2)
                  0.08    0.49    0.49 v _60_/Q (sky130_fd_sc_hd__dfrtp_2)
     7    0.02                           sub_r (net)
                  0.08    0.00    0.49 v _23_/A (sky130_fd_sc_hd__or2_1)
                  0.06    0.25    0.74 v _23_/X (sky130_fd_sc_hd__or2_1)
     2    0.00                           _03_ (net)
                  0.06    0.00    0.74 v _27_/B (sky130_fd_sc_hd__and3_1)
                  0.04    0.18    0.93 v _27_/X (sky130_fd_sc_hd__and3_1)
     2    0.00                           _07_ (net)
                  0.04    0.00    0.93 v _41_/A (sky130_fd_sc_hd__or2b_1)
                  0.06    0.24    1.16 v _41_/X (sky130_fd_sc_hd__or2b_1)
     1    0.00                           _18_ (net)
                  0.06    0.00    1.16 v _42_/A (sky130_fd_sc_hd__xnor2_1)
                  0.05    0.13    1.29 v _42_/Y (sky130_fd_sc_hd__xnor2_1)
     1    0.00                           sum[1] (net)
                  0.05    0.00    1.29 v _47_/D (sky130_fd_sc_hd__dfrtp_1)
                                  1.29   data arrival time

                  0.15   20.00   20.00   clock clk (rise edge)
                          0.00   20.00   clock network delay (ideal)
                         -0.25   19.75   clock uncertainty
                          0.00   19.75   clock reconvergence pessimism
                                 19.75 ^ _47_/CLK (sky130_fd_sc_hd__dfrtp_1)
                         -0.09   19.66   library setup time
                                 19.66   data required time
-----------------------------------------------------------------------------
                                 19.66   data required time
                                 -1.29   data arrival time
-----------------------------------------------------------------------------
                                 18.37   slack (MET)


Startpoint: _60_ (rising edge-triggered flip-flop clocked by clk)
Endpoint: _48_ (rising edge-triggered flip-flop clocked by clk)
Path Group: clk
Path Type: max

Fanout     Cap    Slew   Delay    Time   Description
-----------------------------------------------------------------------------
                  0.15    0.00    0.00   clock clk (rise edge)
                          0.00    0.00   clock network delay (ideal)
                  0.15    0.00    0.00 ^ _60_/CLK (sky130_fd_sc_hd__dfrtp_2)
                  0.08    0.49    0.49 v _60_/Q (sky130_fd_sc_hd__dfrtp_2)
     7    0.02                           sub_r (net)
                  0.08    0.00    0.49 v _20_/B (sky130_fd_sc_hd__or2_1)
                  0.06    0.24    0.73 v _20_/X (sky130_fd_sc_hd__or2_1)
     2    0.00                           _00_ (net)
                  0.06    0.00    0.73 v _29_/B (sky130_fd_sc_hd__and3_1)
                  0.04    0.18    0.91 v _29_/X (sky130_fd_sc_hd__and3_1)
     2    0.00                           _09_ (net)
                  0.04    0.00    0.91 v _43_/A (sky130_fd_sc_hd__or2b_1)
                  0.06    0.24    1.15 v _43_/X (sky130_fd_sc_hd__or2b_1)
     1    0.00                           _19_ (net)
                  0.06    0.00    1.15 v _44_/A (sky130_fd_sc_hd__xnor2_1)
                  0.04    0.13    1.28 v _44_/Y (sky130_fd_sc_hd__xnor2_1)
     1    0.00                           sum[2] (net)
                  0.04    0.00    1.28 v _48_/D (sky130_fd_sc_hd__dfrtp_1)
                                  1.28   data arrival time

                  0.15   20.00   20.00   clock clk (rise edge)
                          0.00   20.00   clock network delay (ideal)
                         -0.25   19.75   clock uncertainty
                          0.00   19.75   clock reconvergence pessimism
                                 19.75 ^ _48_/CLK (sky130_fd_sc_hd__dfrtp_1)
                         -0.09   19.66   library setup time
                                 19.66   data required time
-----------------------------------------------------------------------------
                                 19.66   data required time
                                 -1.28   data arrival time
-----------------------------------------------------------------------------
                                 18.38   slack (MET)


Startpoint: _52_ (rising edge-triggered flip-flop clocked by clk)
Endpoint: _46_ (rising edge-triggered flip-flop clocked by clk)
Path Group: clk
Path Type: max

Fanout     Cap    Slew   Delay    Time   Description
-----------------------------------------------------------------------------
                  0.15    0.00    0.00   clock clk (rise edge)
                          0.00    0.00   clock network delay (ideal)
                  0.15    0.00    0.00 ^ _52_/CLK (sky130_fd_sc_hd__dfrtp_1)
                  0.06    0.43    0.43 v _52_/Q (sky130_fd_sc_hd__dfrtp_1)
     2    0.01                           a_r[0] (net)
                  0.06    0.00    0.43 v _40_/A (sky130_fd_sc_hd__xor2_1)
                  0.06    0.18    0.61 v _40_/X (sky130_fd_sc_hd__xor2_1)
     1    0.00                           sum[0] (net)
                  0.06    0.00    0.61 v _46_/D (sky130_fd_sc_hd__dfrtp_1)
                                  0.61   data arrival time

                  0.15   20.00   20.00   clock clk (rise edge)
                          0.00   20.00   clock network delay (ideal)
                         -0.25   19.75   clock uncertainty
                          0.00   19.75   clock reconvergence pessimism
                                 19.75 ^ _46_/CLK (sky130_fd_sc_hd__dfrtp_1)
                         -0.10   19.65   library setup time
                                 19.65   data required time
-----------------------------------------------------------------------------
                                 19.65   data required time
                                 -0.61   data arrival time
-----------------------------------------------------------------------------
                                 19.05   slack (MET)



