OpenROAD 41a51eaf4ca2171c92ff38afb91eb37bbd3f36da 
This program is licensed under the BSD-3 license. See the LICENSE file for details.
Components of this program may be licensed under more restrictive licenses which must be honored.
[INFO]: Reading ODB at '/openlane/designs/addsub4/runs/run1/results/floorplan/addsub4_top.odb'…
define_corners Typical
read_liberty -corner Typical /home/abhishek/OpenLane/pdk_new/sky130A/libs.ref/sky130_fd_sc_hd/lib/sky130_fd_sc_hd__tt_025C_1v80.lib
Using 1e-12 for capacitance...
Using 1e+03 for resistance...
Using 1e-09 for time...
Using 1e+00 for voltage...
Using 1e-03 for current...
Using 1e-09 for power...
Using 1e-06 for distance...
Reading design constraints file at '/openlane/designs/addsub4/runs/run1/tmp/floorplan/3-initial_fp.sdc'…
[INFO]: Setting RC values...
[INFO]: Setting signal min routing layer to: met1 and clock min routing layer to met3. 
[INFO]: Setting signal max routing layer to: met5 and clock max routing layer to met5. 
[INFO GPL-0002] DBU: 1000
[INFO GPL-0003] SiteSize: 460 2720
[INFO GPL-0004] CoreAreaLxLy: 5520 10880
[INFO GPL-0005] CoreAreaUxUy: 50600 54400
[INFO GPL-0006] NumInstances: 100
[INFO GPL-0007] NumPlaceInstances: 41
[INFO GPL-0008] NumFixedInstances: 59
[INFO GPL-0009] NumDummyInstances: 0
[INFO GPL-0010] NumNets: 52
[INFO GPL-0011] NumPins: 167
[INFO GPL-0012] DieAreaLxLy: 0 0
[INFO GPL-0013] DieAreaUxUy: 56475 67195
[INFO GPL-0014] CoreAreaLxLy: 5520 10880
[INFO GPL-0015] CoreAreaUxUy: 50600 54400
[INFO GPL-0016] CoreArea: 1961881600
[INFO GPL-0017] NonPlaceInstsArea: 153897600
[INFO GPL-0018] PlaceInstsArea: 619344000
[INFO GPL-0019] Util(%): 34.26
[INFO GPL-0020] StdInstsArea: 619344000
[INFO GPL-0021] MacroInstsArea: 0
[InitialPlace]  Iter: 1 CG residual: 0.00000011 HPWL: 1421610
[InitialPlace]  Iter: 2 CG residual: 0.00000008 HPWL: 1231612
[InitialPlace]  Iter: 3 CG residual: 0.00000006 HPWL: 1235101
[InitialPlace]  Iter: 4 CG residual: 0.00000010 HPWL: 1235035
[InitialPlace]  Iter: 5 CG residual: 0.00000005 HPWL: 1239744
[INFO GPL-0031] FillerInit: NumGCells: 66
[INFO GPL-0032] FillerInit: NumGNets: 52
[INFO GPL-0033] FillerInit: NumGPins: 167
[INFO GPL-0023] TargetDensity: 0.55
[INFO GPL-0024] AveragePlaceInstArea: 15105951
[INFO GPL-0025] IdealBinArea: 27465364
[INFO GPL-0026] IdealBinCnt: 71
[INFO GPL-0027] TotalBinArea: 1961881600
[INFO GPL-0028] BinCnt: 8 8
[INFO GPL-0029] BinSize: 5635 5440
[INFO GPL-0030] NumBins: 64
[NesterovSolve] Iter: 1 overflow: 0.259651 HPWL: 905132
[INFO GPL-0100] worst slack 1.52e-08
[INFO GPL-0103] Weighted 5 nets.
[NesterovSolve] Snapshot saved at iter = 0
[NesterovSolve] Iter: 10 overflow: 0.230328 HPWL: 916401
[NesterovSolve] Iter: 20 overflow: 0.207104 HPWL: 902196
[INFO GPL-0100] worst slack 1.52e-08
[INFO GPL-0103] Weighted 5 nets.
[NesterovSolve] Iter: 30 overflow: 0.20218 HPWL: 893617
[NesterovSolve] Iter: 40 overflow: 0.203815 HPWL: 892823
[NesterovSolve] Iter: 50 overflow: 0.207768 HPWL: 892546
[NesterovSolve] Iter: 60 overflow: 0.211642 HPWL: 893983
[NesterovSolve] Iter: 70 overflow: 0.215849 HPWL: 895969
[NesterovSolve] Iter: 80 overflow: 0.216599 HPWL: 896740
[NesterovSolve] Iter: 90 overflow: 0.214705 HPWL: 896166
[NesterovSolve] Iter: 100 overflow: 0.212535 HPWL: 895066
[NesterovSolve] Iter: 110 overflow: 0.211562 HPWL: 894373
[NesterovSolve] Iter: 120 overflow: 0.211739 HPWL: 894631
[NesterovSolve] Iter: 130 overflow: 0.212654 HPWL: 895260
[NesterovSolve] Iter: 140 overflow: 0.212533 HPWL: 895505
[NesterovSolve] Iter: 150 overflow: 0.211746 HPWL: 895356
[NesterovSolve] Iter: 160 overflow: 0.21042 HPWL: 895043
[NesterovSolve] Iter: 170 overflow: 0.208925 HPWL: 894772
[NesterovSolve] Iter: 180 overflow: 0.207157 HPWL: 894769
[NesterovSolve] Iter: 190 overflow: 0.205255 HPWL: 894635
[NesterovSolve] Iter: 200 overflow: 0.203134 HPWL: 894000
[NesterovSolve] Iter: 210 overflow: 0.201217 HPWL: 893117
[NesterovSolve] Iter: 220 overflow: 0.200541 HPWL: 892530
[INFO GPL-0075] Routability numCall: 1 inflationIterCnt: 1 bloatIterCnt: 0
[INFO GPL-0036] TileLxLy: 0 0
[INFO GPL-0037] TileSize: 6900 6900
[INFO GPL-0038] TileCnt: 8 9
[INFO GPL-0039] numRoutingLayers: 6
[INFO GPL-0040] NumTiles: 72
[INFO GPL-0063] TotalRouteOverflowH2: 0.0
[INFO GPL-0064] TotalRouteOverflowV2: 0.0
[INFO GPL-0065] OverflowTileCnt2: 0
[INFO GPL-0066] 0.5%RC: 0.8999999761581421
[INFO GPL-0067] 1.0%RC: 0.8999999761581421
[INFO GPL-0068] 2.0%RC: 0.8999999761581421
[INFO GPL-0069] 5.0%RC: 0.8428571394511631
[INFO GPL-0070] 0.5rcK: 1.0
[INFO GPL-0071] 1.0rcK: 1.0
[INFO GPL-0072] 2.0rcK: 0.0
[INFO GPL-0073] 5.0rcK: 0.0
[INFO GPL-0074] FinalRC: 0.9
[NesterovSolve] Iter: 230 overflow: 0.198975 HPWL: 892345
[NesterovSolve] Iter: 240 overflow: 0.196534 HPWL: 892549
[NesterovSolve] Iter: 250 overflow: 0.193079 HPWL: 892851
[NesterovSolve] Iter: 260 overflow: 0.190806 HPWL: 893072
[NesterovSolve] Iter: 270 overflow: 0.18482 HPWL: 892432
[NesterovSolve] Iter: 280 overflow: 0.17844 HPWL: 890952
[NesterovSolve] Iter: 290 overflow: 0.170856 HPWL: 890538
[NesterovSolve] Iter: 300 overflow: 0.160409 HPWL: 889700
[NesterovSolve] Iter: 310 overflow: 0.145869 HPWL: 888105
[INFO GPL-0100] worst slack 1.52e-08
[INFO GPL-0103] Weighted 5 nets.
[NesterovSolve] Iter: 320 overflow: 0.123131 HPWL: 884970
[NesterovSolve] Iter: 330 overflow: 0.112997 HPWL: 886903
[NesterovSolve] Iter: 340 overflow: 0.108253 HPWL: 885942
[NesterovSolve] Finished with Overflow: 0.099895
Setting global connections for newly added cells…
Writing OpenROAD database to '/openlane/designs/addsub4/runs/run1/tmp/placement/7-global.odb'…
Writing netlist to '/openlane/designs/addsub4/runs/run1/tmp/placement/7-global.nl.v'…
Writing powered netlist to '/openlane/designs/addsub4/runs/run1/tmp/placement/7-global.pnl.v'…
Writing layout to '/openlane/designs/addsub4/runs/run1/tmp/placement/7-global.def'…
