Wed Aug 13 16:43:28 UTC 2025 - Executing "openroad -exit -no_init -python /openlane/scripts/odbpy/lefutil.py get_metal_layers -o /openlane/designs/addsub4/runs/run1/tmp/layers.list /home/abhishek/OpenLane/pdk_new/sky130A/libs.ref/sky130_fd_sc_hd/techlef/sky130_fd_sc_hd__nom.tlef"

Wed Aug 13 16:43:29 UTC 2025 - Executing "/openlane/scripts/mergeLef.py -o /openlane/designs/addsub4/runs/run1/tmp/merged.nom.lef -i /home/abhishek/OpenLane/pdk_new/sky130A/libs.ref/sky130_fd_sc_hd/techlef/sky130_fd_sc_hd__nom.tlef {/home/abhishek/OpenLane/pdk_new/sky130A/libs.ref/sky130_fd_sc_hd/lef/sky130_fd_sc_hd.lef /home/abhishek/OpenLane/pdk_new/sky130A/libs.ref/sky130_fd_sc_hd/lef/sky130_ef_sc_hd.lef} |& tee /dev/null"

Wed Aug 13 16:43:29 UTC 2025 - Executing "/openlane/scripts/mergeLef.py -o /openlane/designs/addsub4/runs/run1/tmp/merged.min.lef -i /home/abhishek/OpenLane/pdk_new/sky130A/libs.ref/sky130_fd_sc_hd/techlef/sky130_fd_sc_hd__min.tlef {/home/abhishek/OpenLane/pdk_new/sky130A/libs.ref/sky130_fd_sc_hd/lef/sky130_fd_sc_hd.lef /home/abhishek/OpenLane/pdk_new/sky130A/libs.ref/sky130_fd_sc_hd/lef/sky130_ef_sc_hd.lef} |& tee /dev/null"

Wed Aug 13 16:43:29 UTC 2025 - Executing "/openlane/scripts/mergeLef.py -o /openlane/designs/addsub4/runs/run1/tmp/merged.max.lef -i /home/abhishek/OpenLane/pdk_new/sky130A/libs.ref/sky130_fd_sc_hd/techlef/sky130_fd_sc_hd__max.tlef {/home/abhishek/OpenLane/pdk_new/sky130A/libs.ref/sky130_fd_sc_hd/lef/sky130_fd_sc_hd.lef /home/abhishek/OpenLane/pdk_new/sky130A/libs.ref/sky130_fd_sc_hd/lef/sky130_ef_sc_hd.lef} |& tee /dev/null"

Wed Aug 13 16:43:30 UTC 2025 - Executing "python3 /openlane/scripts/mergeLib.py --output /openlane/designs/addsub4/runs/run1/tmp/synthesis/merged.lib --name sky130A_merged /home/abhishek/OpenLane/pdk_new/sky130A/libs.ref/sky130_fd_sc_hd/lib/sky130_fd_sc_hd__tt_025C_1v80.lib"

Wed Aug 13 16:43:30 UTC 2025 - Executing "python3 /openlane/scripts/libtrim.py --cell-file /openlane/designs/addsub4/runs/run1/tmp/synthesis/trimmed.lib.exclude.list --output /openlane/designs/addsub4/runs/run1/tmp/synthesis/trimmed.lib /openlane/designs/addsub4/runs/run1/tmp/synthesis/merged.lib"

Wed Aug 13 16:43:30 UTC 2025 - Executing "python3 /openlane/scripts/libtrim.py --cell-file /openlane/designs/addsub4/runs/run1/tmp/cts/cts.lib.exclude.list --output /openlane/designs/addsub4/runs/run1/tmp/cts/cts.lib /home/abhishek/OpenLane/pdk_new/sky130A/libs.ref/sky130_fd_sc_hd/lib/sky130_fd_sc_hd__tt_025C_1v80.lib"

Wed Aug 13 16:43:31 UTC 2025 - Executing "python3 /openlane/scripts/libtrim.py --cell-file /openlane/designs/addsub4/runs/run1/tmp/cts/cts-fastest.lib.exclude.list --output /openlane/designs/addsub4/runs/run1/tmp/cts/cts-fastest.lib /home/abhishek/OpenLane/pdk_new/sky130A/libs.ref/sky130_fd_sc_hd/lib/sky130_fd_sc_hd__ff_n40C_1v95.lib"

Wed Aug 13 16:43:31 UTC 2025 - Executing "python3 /openlane/scripts/libtrim.py --cell-file /openlane/designs/addsub4/runs/run1/tmp/cts/cts-slowest.lib.exclude.list --output /openlane/designs/addsub4/runs/run1/tmp/cts/cts-slowest.lib /home/abhishek/OpenLane/pdk_new/sky130A/libs.ref/sky130_fd_sc_hd/lib/sky130_fd_sc_hd__ss_100C_1v60.lib"

Wed Aug 13 16:43:32 UTC 2025 - Executing "python3 /openlane/scripts/new_tracks.py -i /home/abhishek/OpenLane/pdk_new/sky130A/libs.tech/openlane/sky130_fd_sc_hd/tracks.info -o /openlane/designs/addsub4/runs/run1/tmp/routing/config.tracks"

Wed Aug 13 16:43:32 UTC 2025 - Executing "echo {OpenLane 413d301090a476f8d34cf24dc2447da17dfab187} > /openlane/designs/addsub4/runs/run1/OPENLANE_COMMIT"

Wed Aug 13 16:43:32 UTC 2025 - Executing "bash -c {verilator  --lint-only  -Wall  --Wno-DECLFILENAME  --top-module addsub4_top  /openlane/designs/addsub4/src/addsub4_top.v -Wno-fatal --relative-includes |& tee /openlane/designs/addsub4/runs/run1/logs/synthesis/linter.log /dev/null}"

Wed Aug 13 16:43:32 UTC 2025 - Executing "sed -E {s/^([[:space:]]+)pg_pin(.*)/\1pin\2\n\1    direction : "inout";/g} /home/abhishek/OpenLane/pdk_new/sky130A/libs.ref/sky130_fd_sc_hd/lib/sky130_fd_sc_hd__tt_025C_1v80.lib > /openlane/designs/addsub4/runs/run1/tmp/synthesis/1-sky130_fd_sc_hd__tt_025C_1v80.no_pg.lib"

Wed Aug 13 16:43:33 UTC 2025 - Executing "sed -E {s/^([[:space:]]+)pg_pin(.*)/\1pin\2\n\1    direction : "inout";/g} /openlane/designs/addsub4/runs/run1/tmp/synthesis/trimmed.lib > /openlane/designs/addsub4/runs/run1/tmp/synthesis/1-trimmed.no_pg.lib"

Wed Aug 13 16:43:33 UTC 2025 - Executing "yosys -c /openlane/scripts/yosys/synth.tcl |& tee /dev/null /openlane/designs/addsub4/runs/run1/logs/synthesis/1-synthesis.log"

Wed Aug 13 16:43:34 UTC 2025 - Executing "sed -i.bak -e {s/\(set ::env(CURRENT_NETLIST)\).*/\1 \/openlane\/designs\/addsub4\/runs\/run1\/results\/synthesis\/addsub4_top.v/} /openlane/designs/addsub4/runs/run1/config.tcl"

Wed Aug 13 16:43:34 UTC 2025 - Executing "sed -i.bak /defparam/d /openlane/designs/addsub4/runs/run1/results/synthesis/addsub4_top.v"

Wed Aug 13 16:43:35 UTC 2025 - Executing "sta -exit -no_init /openlane/scripts/openroad/sta/multi_corner.tcl |& tee /dev/null /openlane/designs/addsub4/runs/run1/logs/synthesis/2-sta.log"

Wed Aug 13 16:43:35 UTC 2025 - Executing "openroad -exit /openlane/scripts/openroad/floorplan.tcl |& tee /dev/null /openlane/designs/addsub4/runs/run1/logs/floorplan/3-initial_fp.log"

Wed Aug 13 16:43:36 UTC 2025 - Executing "openroad -exit -no_init -python /openlane/scripts/odbpy/snap_to_grid.py --output /openlane/designs/addsub4/runs/run1/tmp/floorplan/3-minimized_pdn.txt --input-lef /openlane/designs/addsub4/runs/run1/tmp/merged.nom.lef 5.635 5.4399999999999995 11.27 10.879999999999999"

Wed Aug 13 16:43:37 UTC 2025 - Executing "openroad -exit -no_init -python /openlane/scripts/odbpy/defutil.py extract_core_dims --output-data /openlane/designs/addsub4/runs/run1/tmp/dimensions.txt --input-lef /openlane/designs/addsub4/runs/run1/tmp/merged.nom.lef /openlane/designs/addsub4/runs/run1/tmp/floorplan/3-initial_fp.def"

Wed Aug 13 16:43:38 UTC 2025 - Executing "openroad -exit /openlane/scripts/openroad/ioplacer.tcl |& tee /dev/null /openlane/designs/addsub4/runs/run1/logs/floorplan/4-io.log"

Wed Aug 13 16:43:39 UTC 2025 - Executing "openroad -exit /openlane/scripts/openroad/tapcell.tcl |& tee /dev/null /openlane/designs/addsub4/runs/run1/logs/floorplan/5-tap.log"

Wed Aug 13 16:43:40 UTC 2025 - Executing "openroad -exit /openlane/scripts/openroad/pdn.tcl |& tee /dev/null /openlane/designs/addsub4/runs/run1/logs/floorplan/6-pdn.log"

Wed Aug 13 16:43:41 UTC 2025 - Executing "openroad -exit /openlane/scripts/openroad/gpl.tcl |& tee /dev/null /openlane/designs/addsub4/runs/run1/logs/placement/7-global.log"

Wed Aug 13 16:43:42 UTC 2025 - Executing "sed -i.bak -e {s/\(set ::env(CURRENT_NETLIST)\).*/\1 \/openlane\/designs\/addsub4\/runs\/run1\/tmp\/placement\/7-global.nl.v/} /openlane/designs/addsub4/runs/run1/config.tcl"

Wed Aug 13 16:43:42 UTC 2025 - Executing "openroad -exit /openlane/scripts/openroad/sta/multi_corner.tcl |& tee /dev/null /openlane/designs/addsub4/runs/run1/logs/placement/8-gpl_sta.log"

Wed Aug 13 16:43:43 UTC 2025 - Executing "openroad -exit /openlane/scripts/openroad/resizer.tcl |& tee /dev/null /openlane/designs/addsub4/runs/run1/logs/placement/9-resizer.log"

Wed Aug 13 16:43:45 UTC 2025 - Executing "sed -i.bak -e {s/\(set ::env(CURRENT_NETLIST)\).*/\1 \/openlane\/designs\/addsub4\/runs\/run1\/tmp\/placement\/9-resizer.nl.v/} /openlane/designs/addsub4/runs/run1/config.tcl"

Wed Aug 13 16:43:45 UTC 2025 - Executing "openroad -exit /openlane/scripts/openroad/dpl.tcl |& tee /dev/null /openlane/designs/addsub4/runs/run1/logs/placement/10-detailed.log"

Wed Aug 13 16:43:46 UTC 2025 - Executing "sed -i.bak -e {s/\(set ::env(CURRENT_NETLIST)\).*/\1 \/openlane\/designs\/addsub4\/runs\/run1\/results\/placement\/addsub4_top.nl.v/} /openlane/designs/addsub4/runs/run1/config.tcl"

Wed Aug 13 16:43:46 UTC 2025 - Executing "openroad -exit /openlane/scripts/openroad/sta/multi_corner.tcl |& tee /dev/null /openlane/designs/addsub4/runs/run1/logs/placement/11-dpl_sta.log"

Wed Aug 13 16:43:47 UTC 2025 - Executing "openroad -exit /openlane/scripts/openroad/cts.tcl |& tee /dev/null /openlane/designs/addsub4/runs/run1/logs/cts/12-cts.log"

Wed Aug 13 16:44:32 UTC 2025 - Executing "openroad -exit /openlane/scripts/openroad/sta/multi_corner.tcl |& tee /dev/null /openlane/designs/addsub4/runs/run1/logs/cts/13-cts_sta.log"

Wed Aug 13 16:44:33 UTC 2025 - Executing "openroad -exit /openlane/scripts/openroad/resizer_timing.tcl |& tee /dev/null /openlane/designs/addsub4/runs/run1/logs/cts/14-resizer.log"

Wed Aug 13 16:44:35 UTC 2025 - Executing "sed -i.bak -e {s/\(set ::env(CURRENT_NETLIST)\).*/\1 \/openlane\/designs\/addsub4\/runs\/run1\/tmp\/cts\/14-addsub4_top.resized.nl.v/} /openlane/designs/addsub4/runs/run1/config.tcl"

Wed Aug 13 16:44:35 UTC 2025 - Executing "openroad -exit /openlane/scripts/openroad/resizer_routing_design.tcl |& tee /dev/null /openlane/designs/addsub4/runs/run1/logs/routing/15-resizer_design.log"

Wed Aug 13 16:44:37 UTC 2025 - Executing "sed -i.bak -e {s/\(set ::env(CURRENT_NETLIST)\).*/\1 \/openlane\/designs\/addsub4\/runs\/run1\/tmp\/15-addsub4_top.nl.v/} /openlane/designs/addsub4/runs/run1/config.tcl"

Wed Aug 13 16:44:38 UTC 2025 - Executing "openroad -exit /openlane/scripts/openroad/sta/multi_corner.tcl |& tee /dev/null /openlane/designs/addsub4/runs/run1/logs/routing/16-rsz_design_sta.log"

Wed Aug 13 16:44:39 UTC 2025 - Executing "openroad -exit /openlane/scripts/openroad/resizer_routing_timing.tcl |& tee /dev/null /openlane/designs/addsub4/runs/run1/logs/routing/17-resizer_timing.log"

Wed Aug 13 16:44:40 UTC 2025 - Executing "sed -i.bak -e {s/\(set ::env(CURRENT_NETLIST)\).*/\1 \/openlane\/designs\/addsub4\/runs\/run1\/tmp\/17-addsub4_top.nl.v/} /openlane/designs/addsub4/runs/run1/config.tcl"

Wed Aug 13 16:44:41 UTC 2025 - Executing "openroad -exit /openlane/scripts/openroad/sta/multi_corner.tcl |& tee /dev/null /openlane/designs/addsub4/runs/run1/logs/routing/18-rsz_timing_sta.log"

Wed Aug 13 16:44:41 UTC 2025 - Executing "openroad -exit /openlane/scripts/openroad/groute.tcl |& tee /dev/null /openlane/designs/addsub4/runs/run1/logs/routing/19-global.log"

Wed Aug 13 16:44:42 UTC 2025 - Executing "openroad -exit /openlane/scripts/openroad/write_views.tcl |& tee /dev/null /openlane/designs/addsub4/runs/run1/logs/routing/19-global_write_netlist.log"

Wed Aug 13 16:44:43 UTC 2025 - Executing "sed -i.bak -e {s/\(set ::env(CURRENT_NETLIST)\).*/\1 \/openlane\/designs\/addsub4\/runs\/run1\/tmp\/routing\/global.nl.v/} /openlane/designs/addsub4/runs/run1/config.tcl"

Wed Aug 13 16:44:43 UTC 2025 - Executing "openroad -exit /openlane/scripts/openroad/sta/multi_corner.tcl |& tee /dev/null /openlane/designs/addsub4/runs/run1/logs/routing/21-grt_sta.log"

Wed Aug 13 16:44:44 UTC 2025 - Executing "openroad -exit /openlane/scripts/openroad/fill.tcl |& tee /dev/null /openlane/designs/addsub4/runs/run1/logs/routing/22-fill.log"

Wed Aug 13 16:44:45 UTC 2025 - Executing "sed -i.bak -e {s/\(set ::env(CURRENT_NETLIST)\).*/\1 \/openlane\/designs\/addsub4\/runs\/run1\/tmp\/routing\/22-fill.nl.v/} /openlane/designs/addsub4/runs/run1/config.tcl"

Wed Aug 13 16:44:45 UTC 2025 - Executing "openroad -exit /openlane/scripts/openroad/droute.tcl |& tee /dev/null /openlane/designs/addsub4/runs/run1/logs/routing/23-detailed.log"

Wed Aug 13 16:44:53 UTC 2025 - Executing "sed -i.bak -e {s/\(set ::env(CURRENT_NETLIST)\).*/\1 \/openlane\/designs\/addsub4\/runs\/run1\/results\/routing\/addsub4_top.nl.v/} /openlane/designs/addsub4/runs/run1/config.tcl"

Wed Aug 13 16:44:53 UTC 2025 - Executing "python3 /openlane/scripts/drc_rosetta.py tr to_klayout -o /openlane/designs/addsub4/runs/run1/reports/routing/drt.klayout.xml --design-name addsub4_top /openlane/designs/addsub4/runs/run1/reports/routing/drt.drc"

Wed Aug 13 16:44:54 UTC 2025 - Executing "openroad -exit -no_init -python /openlane/scripts/odbpy/wire_lengths.py --report-out /openlane/designs/addsub4/runs/run1/reports/routing/24-wire_lengths.csv --input-lef /openlane/designs/addsub4/runs/run1/tmp/merged.nom.lef --output-def /dev/null --output /openlane/designs/addsub4/runs/run1/results/routing/addsub4_top.odb /openlane/designs/addsub4/runs/run1/results/routing/addsub4_top.odb |& tee /dev/null /openlane/designs/addsub4/runs/run1/logs/routing/24-wire_lengths.log"

Wed Aug 13 16:44:55 UTC 2025 - Executing "openroad -exit /openlane/scripts/openroad/rcx.tcl |& tee /dev/null /openlane/designs/addsub4/runs/run1/logs/signoff/25-parasitics_extraction.min.log"

Wed Aug 13 16:44:56 UTC 2025 - Executing "sta -exit -no_init /openlane/scripts/openroad/sta/multi_corner.tcl |& tee /dev/null /openlane/designs/addsub4/runs/run1/logs/signoff/26-rcx_mcsta.min.log"

Wed Aug 13 16:44:58 UTC 2025 - Executing "openroad -exit /openlane/scripts/openroad/rcx.tcl |& tee /dev/null /openlane/designs/addsub4/runs/run1/logs/signoff/27-parasitics_extraction.max.log"

Wed Aug 13 16:44:59 UTC 2025 - Executing "sta -exit -no_init /openlane/scripts/openroad/sta/multi_corner.tcl |& tee /dev/null /openlane/designs/addsub4/runs/run1/logs/signoff/28-rcx_mcsta.max.log"

Wed Aug 13 16:45:00 UTC 2025 - Executing "openroad -exit /openlane/scripts/openroad/rcx.tcl |& tee /dev/null /openlane/designs/addsub4/runs/run1/logs/signoff/29-parasitics_extraction.nom.log"

Wed Aug 13 16:45:01 UTC 2025 - Executing "sta -exit -no_init /openlane/scripts/openroad/sta/multi_corner.tcl |& tee /dev/null /openlane/designs/addsub4/runs/run1/logs/signoff/30-rcx_mcsta.nom.log"

Wed Aug 13 16:45:03 UTC 2025 - Executing "sta -exit -no_init /openlane/scripts/openroad/sta/multi_corner.tcl |& tee /dev/null /openlane/designs/addsub4/runs/run1/logs/signoff/31-rcx_sta.log"

Wed Aug 13 16:45:04 UTC 2025 - Executing "openroad -exit /openlane/scripts/openroad/irdrop.tcl |& tee /dev/null /openlane/designs/addsub4/runs/run1/logs/signoff/32-irdrop.log"

Wed Aug 13 16:45:05 UTC 2025 - Executing "magic -noconsole -dnull -rcfile /home/abhishek/OpenLane/pdk_new/sky130A/libs.tech/magic/sky130A.magicrc < /openlane/scripts/magic/wrapper.tcl |& tee /dev/null /openlane/designs/addsub4/runs/run1/logs/signoff/33-gdsii.log"

Wed Aug 13 16:45:06 UTC 2025 - Executing "magic -noconsole -dnull -rcfile /home/abhishek/OpenLane/pdk_new/sky130A/libs.tech/magic/sky130A.magicrc < /openlane/scripts/magic/wrapper.tcl |& tee /dev/null /openlane/designs/addsub4/runs/run1/logs/signoff/33-gds_ptrs.log"

Wed Aug 13 16:45:06 UTC 2025 - Executing "sed -i.bak -n {/^<< properties >>/,/^<< end >>/p} /openlane/designs/addsub4/runs/run1/tmp/signoff/gds_ptrs.mag"

Wed Aug 13 16:45:06 UTC 2025 - Executing "magic -noconsole -dnull -rcfile /home/abhishek/OpenLane/pdk_new/sky130A/libs.tech/magic/sky130A.magicrc < /openlane/scripts/magic/wrapper.tcl |& tee /dev/null /openlane/designs/addsub4/runs/run1/logs/signoff/33-lef.log"

Wed Aug 13 16:45:07 UTC 2025 - Executing "magic -noconsole -dnull -rcfile /home/abhishek/OpenLane/pdk_new/sky130A/libs.tech/magic/sky130A.magicrc < /openlane/scripts/magic/wrapper.tcl |& tee /dev/null /openlane/designs/addsub4/runs/run1/logs/signoff/33-maglef.log"

Wed Aug 13 16:45:07 UTC 2025 - Executing "python3 /openlane/scripts/klayout/stream_out.py --output /openlane/designs/addsub4/runs/run1/results/signoff/addsub4_top.klayout.gds --lyt /home/abhishek/OpenLane/pdk_new/sky130A/libs.tech/klayout/tech/sky130A.lyt --lym /home/abhishek/OpenLane/pdk_new/sky130A/libs.tech/klayout/tech/sky130A.map --lyp /home/abhishek/OpenLane/pdk_new/sky130A/libs.tech/klayout/tech/sky130A.lyp --top addsub4_top --with-gds-file /home/abhishek/OpenLane/pdk_new/sky130A/libs.ref/sky130_fd_sc_hd/gds/sky130_fd_sc_hd.gds --input-lef /openlane/designs/addsub4/runs/run1/tmp/merged.nom.lef /openlane/designs/addsub4/runs/run1/results/routing/addsub4_top.def |& tee /dev/null /openlane/designs/addsub4/runs/run1/logs/signoff/34-gdsii-klayout.log"

Wed Aug 13 16:45:09 UTC 2025 - Executing "klayout -b -r /openlane/scripts/klayout/xor.drc -rd a=/openlane/designs/addsub4/runs/run1/results/signoff/addsub4_top.gds -rd b=/openlane/designs/addsub4/runs/run1/results/signoff/addsub4_top.klayout.gds -rd jobs=1 -rd rdb_out=/openlane/designs/addsub4/runs/run1/reports/signoff/35-xor.xml -rd ignore=81/14 -rd rpt_out=/openlane/designs/addsub4/runs/run1/reports/signoff/35-xor.rpt |& tee /dev/null /openlane/designs/addsub4/runs/run1/logs/signoff/35-xor.log"

Wed Aug 13 16:45:10 UTC 2025 - Executing "magic -noconsole -dnull -rcfile /home/abhishek/OpenLane/pdk_new/sky130A/libs.tech/magic/sky130A.magicrc < /openlane/scripts/magic/wrapper.tcl |& tee /dev/null /openlane/designs/addsub4/runs/run1/logs/signoff/36-spice.log"

Wed Aug 13 16:45:11 UTC 2025 - Executing "openroad -exit -no_init -python /openlane/scripts/odbpy/power_utils.py write_powered_def --output /openlane/designs/addsub4/runs/run1/tmp/signoff/36-addsub4_top.p.def --input-lef /openlane/designs/addsub4/runs/run1/tmp/merged.nom.lef --power-port VPWR --ground-port VGND --powered-netlist {} /openlane/designs/addsub4/runs/run1/results/routing/addsub4_top.def |& tee /dev/null /openlane/designs/addsub4/runs/run1/logs/signoff/37-write_powered_def.log"

Wed Aug 13 16:45:12 UTC 2025 - Executing "openroad -exit /openlane/scripts/openroad/write_views.tcl |& tee /dev/null /openlane/designs/addsub4/runs/run1/logs/signoff/37-write_powered_verilog.log"

Wed Aug 13 16:45:12 UTC 2025 - Executing "sed -i.bak -e {s/\(set ::env(CURRENT_NETLIST)\).*/\1 \/openlane\/designs\/addsub4\/runs\/run1\/tmp\/signoff\/36-addsub4_top.nl.v/} /openlane/designs/addsub4/runs/run1/config.tcl"

Wed Aug 13 16:45:13 UTC 2025 - Executing "netgen -batch source /openlane/designs/addsub4/runs/run1/tmp/signoff/39-setup_file.lef.lvs |& tee /dev/null /openlane/designs/addsub4/runs/run1/logs/signoff/39-lvs.lef.log"

Wed Aug 13 16:45:13 UTC 2025 - Executing "magic -noconsole -dnull -rcfile /home/abhishek/OpenLane/pdk_new/sky130A/libs.tech/magic/sky130A.magicrc < /openlane/scripts/magic/wrapper.tcl |& tee /dev/null /openlane/designs/addsub4/runs/run1/logs/signoff/40-drc.log"

Wed Aug 13 16:45:15 UTC 2025 - Executing "python3 /openlane/scripts/drc_rosetta.py magic to_tcl -o /openlane/designs/addsub4/runs/run1/reports/signoff/drc.tcl /openlane/designs/addsub4/runs/run1/reports/signoff/drc.rpt"

Wed Aug 13 16:45:15 UTC 2025 - Executing "python3 /openlane/scripts/drc_rosetta.py magic to_tr -o /openlane/designs/addsub4/runs/run1/reports/signoff/drc.tr /openlane/designs/addsub4/runs/run1/reports/signoff/drc.rpt"

Wed Aug 13 16:45:15 UTC 2025 - Executing "python3 /openlane/scripts/drc_rosetta.py tr to_klayout -o /openlane/designs/addsub4/runs/run1/reports/signoff/drc.klayout.xml --design-name addsub4_top /openlane/designs/addsub4/runs/run1/reports/signoff/drc.tr"

Wed Aug 13 16:45:15 UTC 2025 - Executing "python3 /openlane/scripts/drc_rosetta.py magic to_rdb -o /openlane/designs/addsub4/runs/run1/reports/signoff/drc.rdb /openlane/designs/addsub4/runs/run1/reports/signoff/drc.rpt"

Wed Aug 13 16:45:15 UTC 2025 - Executing "openroad -exit /openlane/scripts/openroad/antenna_check.tcl |& tee /dev/null /openlane/designs/addsub4/runs/run1/logs/signoff/41-arc.log"

Wed Aug 13 16:45:16 UTC 2025 - Executing "python3 /openlane/scripts/extract_antenna_violators.py --output /openlane/designs/addsub4/runs/run1/reports/signoff/41-antenna_violators.rpt --plain-out /openlane/designs/addsub4/runs/run1/reports/signoff/41-antenna_violators_pins.txt /openlane/designs/addsub4/runs/run1/logs/signoff/41-arc.log"

Wed Aug 13 16:45:17 UTC 2025 - Executing "awk -v vdd=VPWR -v gnd=VGND -f /home/abhishek/OpenLane/pdk_new/sky130A/libs.tech/openlane/cvc/power.awk /openlane/designs/addsub4/runs/run1/tmp/signoff/36-addsub4_top.nl.v > /openlane/designs/addsub4/runs/run1/tmp/signoff/addsub4_top.power"

Wed Aug 13 16:45:17 UTC 2025 - Executing "awk -f /home/abhishek/OpenLane/pdk_new/sky130A/libs.tech/openlane/cvc/cdl.awk /home/abhishek/OpenLane/pdk_new/sky130A/libs.ref/sky130_fd_sc_hd/cdl/sky130_fd_sc_hd.cdl /openlane/designs/addsub4/runs/run1/results/signoff/addsub4_top.lef.spice > /openlane/designs/addsub4/runs/run1/tmp/signoff/addsub4_top.cdl"

Wed Aug 13 16:45:17 UTC 2025 - Executing "cvc_rv /home/abhishek/OpenLane/pdk_new/sky130A/libs.tech/openlane/cvc/cvcrc |& tee /dev/null /openlane/designs/addsub4/runs/run1/logs/signoff/42-erc_screen.log"

